[0.052s] Invoking command in '/root/ros2_ws/src/ros2_control_demos/build/ros2_control_demo_example_7': AMENT_PREFIX_PATH=/root/ros2_ws/src/ros2_control_demos/install/ros2_control_demo_description:${AMENT_PREFIX_PATH} CMAKE_PREFIX_PATH=/root/ros2_ws/src/ros2_control_demos/install/ros2_control_demo_description:/opt/ros/jazzy/opt/gz_sim_vendor:/opt/ros/jazzy/opt/gz_sensors_vendor:/opt/ros/jazzy/opt/gz_physics_vendor:/opt/ros/jazzy/opt/sdformat_vendor:/opt/ros/jazzy/opt/gz_gui_vendor:/opt/ros/jazzy/opt/gz_transport_vendor:/opt/ros/jazzy/opt/gz_rendering_vendor:/opt/ros/jazzy/opt/gz_plugin_vendor:/opt/ros/jazzy/opt/gz_fuel_tools_vendor:/opt/ros/jazzy/opt/gz_msgs_vendor:/opt/ros/jazzy/opt/gz_common_vendor:/opt/ros/jazzy/opt/gz_math_vendor:/opt/ros/jazzy/opt/gz_utils_vendor:/opt/ros/jazzy/opt/gz_tools_vendor:/opt/ros/jazzy/opt/gz_ogre_next_vendor:/opt/ros/jazzy/opt/gz_dartsim_vendor:/opt/ros/jazzy/opt/gz_cmake_vendor:/opt/ros/jazzy /usr/bin/cmake /root/ros2_ws/src/ros2_control_demos/example_7 -DAMENT_CMAKE_SYMLINK_INSTALL=1 -DCMAKE_INSTALL_PREFIX=/root/ros2_ws/src/ros2_control_demos/install/ros2_control_demo_example_7
[0.421s] -- The CXX compiler identification is GNU 13.3.0
[0.509s] -- Detecting CXX compiler ABI info
[1.180s] -- Detecting CXX compiler ABI info - done
[1.198s] -- Check for working CXX compiler: /usr/bin/c++ - skipped
[1.198s] -- Detecting CXX compile features
[1.199s] -- Detecting CXX compile features - done
[1.209s] -- Found ros2_control_cmake: 0.3.0 (/opt/ros/jazzy/share/ros2_control_cmake/cmake)
[1.210s] -- Compiler warnings enabled for GNU
[1.210s] -- Detected GCC Version: 13.3.0 (Major: 13, Minor: 3)
[1.214s] -- Found controller_manager: 4.44.0 (/opt/ros/jazzy/share/controller_manager/cmake)
[1.766s] -- Found Python3: /usr/bin/python3 (found version "3.12.3") found components: Interpreter 
[1.909s] -- Override CMake install command with custom implementation using symlinks instead of copying resources
[2.052s] -- Found rosidl_generator_c: 4.6.7 (/opt/ros/jazzy/share/rosidl_generator_c/cmake)
[2.073s] -- Found rosidl_generator_cpp: 4.6.7 (/opt/ros/jazzy/share/rosidl_generator_cpp/cmake)
[2.091s] -- Using all available rosidl_typesupport_c: rosidl_typesupport_fastrtps_c;rosidl_typesupport_introspection_c
[2.113s] -- Using all available rosidl_typesupport_cpp: rosidl_typesupport_fastrtps_cpp;rosidl_typesupport_introspection_cpp
[2.206s] -- Found rmw_implementation_cmake: 7.3.3 (/opt/ros/jazzy/share/rmw_implementation_cmake/cmake)
[2.211s] -- Found rmw_fastrtps_cpp: 8.4.3 (/opt/ros/jazzy/share/rmw_fastrtps_cpp/cmake)
[2.557s] -- Found OpenSSL: /usr/lib/x86_64-linux-gnu/libcrypto.so (found version "3.0.13")  
[2.586s] -- Found FastRTPS: /opt/ros/jazzy/include (Required is at least version "2.13") 
[2.625s] -- Using RMW implementation 'rmw_fastrtps_cpp' as default
[3.907s] -- Found kdl_parser: 2.11.0 (/opt/ros/jazzy/share/kdl_parser/cmake)
[3.923s] -- Found eigen3_cmake_module: 0.3.0 (/opt/ros/jazzy/share/eigen3_cmake_module/cmake)
[3.923s] -- Found Eigen3: TRUE (found version "3.4.0") 
[3.924s] -- Ensuring Eigen3 include directory is part of orocos-kdl CMake target
[3.936s] -- Found ament_cmake_pytest: 2.5.6 (/opt/ros/jazzy/share/ament_cmake_pytest/cmake)
[4.317s] -- Found ament_cmake_ros: 0.12.0 (/opt/ros/jazzy/share/ament_cmake_ros/cmake)
[4.338s] -- Found launch_testing_ament_cmake: 3.4.10 (/opt/ros/jazzy/share/launch_testing_ament_cmake/cmake)
[4.352s] -- Found python_cmake_module: 0.11.1 (/opt/ros/jazzy/share/python_cmake_module/cmake)
[4.890s] -- Found PythonExtra: /usr/bin/python3  
[5.804s] -- Configuring done (5.7s)
[5.928s] -- Generating done (0.1s)
[5.983s] -- Build files have been written to: /root/ros2_ws/src/ros2_control_demos/build/ros2_control_demo_example_7
[6.028s] Invoked command in '/root/ros2_ws/src/ros2_control_demos/build/ros2_control_demo_example_7' returned '0': AMENT_PREFIX_PATH=/root/ros2_ws/src/ros2_control_demos/install/ros2_control_demo_description:${AMENT_PREFIX_PATH} CMAKE_PREFIX_PATH=/root/ros2_ws/src/ros2_control_demos/install/ros2_control_demo_description:/opt/ros/jazzy/opt/gz_sim_vendor:/opt/ros/jazzy/opt/gz_sensors_vendor:/opt/ros/jazzy/opt/gz_physics_vendor:/opt/ros/jazzy/opt/sdformat_vendor:/opt/ros/jazzy/opt/gz_gui_vendor:/opt/ros/jazzy/opt/gz_transport_vendor:/opt/ros/jazzy/opt/gz_rendering_vendor:/opt/ros/jazzy/opt/gz_plugin_vendor:/opt/ros/jazzy/opt/gz_fuel_tools_vendor:/opt/ros/jazzy/opt/gz_msgs_vendor:/opt/ros/jazzy/opt/gz_common_vendor:/opt/ros/jazzy/opt/gz_math_vendor:/opt/ros/jazzy/opt/gz_utils_vendor:/opt/ros/jazzy/opt/gz_tools_vendor:/opt/ros/jazzy/opt/gz_ogre_next_vendor:/opt/ros/jazzy/opt/gz_dartsim_vendor:/opt/ros/jazzy/opt/gz_cmake_vendor:/opt/ros/jazzy /usr/bin/cmake /root/ros2_ws/src/ros2_control_demos/example_7 -DAMENT_CMAKE_SYMLINK_INSTALL=1 -DCMAKE_INSTALL_PREFIX=/root/ros2_ws/src/ros2_control_demos/install/ros2_control_demo_example_7
[6.048s] Invoking command in '/root/ros2_ws/src/ros2_control_demos/build/ros2_control_demo_example_7': AMENT_PREFIX_PATH=/root/ros2_ws/src/ros2_control_demos/install/ros2_control_demo_description:${AMENT_PREFIX_PATH} CMAKE_PREFIX_PATH=/root/ros2_ws/src/ros2_control_demos/install/ros2_control_demo_description:/opt/ros/jazzy/opt/gz_sim_vendor:/opt/ros/jazzy/opt/gz_sensors_vendor:/opt/ros/jazzy/opt/gz_physics_vendor:/opt/ros/jazzy/opt/sdformat_vendor:/opt/ros/jazzy/opt/gz_gui_vendor:/opt/ros/jazzy/opt/gz_transport_vendor:/opt/ros/jazzy/opt/gz_rendering_vendor:/opt/ros/jazzy/opt/gz_plugin_vendor:/opt/ros/jazzy/opt/gz_fuel_tools_vendor:/opt/ros/jazzy/opt/gz_msgs_vendor:/opt/ros/jazzy/opt/gz_common_vendor:/opt/ros/jazzy/opt/gz_math_vendor:/opt/ros/jazzy/opt/gz_utils_vendor:/opt/ros/jazzy/opt/gz_tools_vendor:/opt/ros/jazzy/opt/gz_ogre_next_vendor:/opt/ros/jazzy/opt/gz_dartsim_vendor:/opt/ros/jazzy/opt/gz_cmake_vendor:/opt/ros/jazzy /usr/bin/cmake --build /root/ros2_ws/src/ros2_control_demos/build/ros2_control_demo_example_7 -- -j10 -l10
[6.799s] [ 20%] [32mBuilding CXX object CMakeFiles/send_trajectory.dir/reference_generator/send_trajectory.cpp.o[0m
[6.810s] [ 40%] [32mBuilding CXX object CMakeFiles/ros2_control_demo_example_7.dir/controller/r6bot_controller.cpp.o[0m
[6.822s] [ 60%] [32mBuilding CXX object CMakeFiles/ros2_control_demo_example_7.dir/hardware/r6bot_hardware.cpp.o[0m
[14.129s] [ 80%] [32m[1mLinking CXX executable send_trajectory[0m
[14.867s] [ 80%] Built target send_trajectory
[17.795s] [100%] [32m[1mLinking CXX shared library libros2_control_demo_example_7.so[0m
[18.365s] [100%] Built target ros2_control_demo_example_7
[18.421s] Invoked command in '/root/ros2_ws/src/ros2_control_demos/build/ros2_control_demo_example_7' returned '0': AMENT_PREFIX_PATH=/root/ros2_ws/src/ros2_control_demos/install/ros2_control_demo_description:${AMENT_PREFIX_PATH} CMAKE_PREFIX_PATH=/root/ros2_ws/src/ros2_control_demos/install/ros2_control_demo_description:/opt/ros/jazzy/opt/gz_sim_vendor:/opt/ros/jazzy/opt/gz_sensors_vendor:/opt/ros/jazzy/opt/gz_physics_vendor:/opt/ros/jazzy/opt/sdformat_vendor:/opt/ros/jazzy/opt/gz_gui_vendor:/opt/ros/jazzy/opt/gz_transport_vendor:/opt/ros/jazzy/opt/gz_rendering_vendor:/opt/ros/jazzy/opt/gz_plugin_vendor:/opt/ros/jazzy/opt/gz_fuel_tools_vendor:/opt/ros/jazzy/opt/gz_msgs_vendor:/opt/ros/jazzy/opt/gz_common_vendor:/opt/ros/jazzy/opt/gz_math_vendor:/opt/ros/jazzy/opt/gz_utils_vendor:/opt/ros/jazzy/opt/gz_tools_vendor:/opt/ros/jazzy/opt/gz_ogre_next_vendor:/opt/ros/jazzy/opt/gz_dartsim_vendor:/opt/ros/jazzy/opt/gz_cmake_vendor:/opt/ros/jazzy /usr/bin/cmake --build /root/ros2_ws/src/ros2_control_demos/build/ros2_control_demo_example_7 -- -j10 -l10
[18.424s] Invoking command in '/root/ros2_ws/src/ros2_control_demos/build/ros2_control_demo_example_7': AMENT_PREFIX_PATH=/root/ros2_ws/src/ros2_control_demos/install/ros2_control_demo_description:${AMENT_PREFIX_PATH} CMAKE_PREFIX_PATH=/root/ros2_ws/src/ros2_control_demos/install/ros2_control_demo_description:/opt/ros/jazzy/opt/gz_sim_vendor:/opt/ros/jazzy/opt/gz_sensors_vendor:/opt/ros/jazzy/opt/gz_physics_vendor:/opt/ros/jazzy/opt/sdformat_vendor:/opt/ros/jazzy/opt/gz_gui_vendor:/opt/ros/jazzy/opt/gz_transport_vendor:/opt/ros/jazzy/opt/gz_rendering_vendor:/opt/ros/jazzy/opt/gz_plugin_vendor:/opt/ros/jazzy/opt/gz_fuel_tools_vendor:/opt/ros/jazzy/opt/gz_msgs_vendor:/opt/ros/jazzy/opt/gz_common_vendor:/opt/ros/jazzy/opt/gz_math_vendor:/opt/ros/jazzy/opt/gz_utils_vendor:/opt/ros/jazzy/opt/gz_tools_vendor:/opt/ros/jazzy/opt/gz_ogre_next_vendor:/opt/ros/jazzy/opt/gz_dartsim_vendor:/opt/ros/jazzy/opt/gz_cmake_vendor:/opt/ros/jazzy /usr/bin/cmake --install /root/ros2_ws/src/ros2_control_demos/build/ros2_control_demo_example_7
[18.481s] -- Install configuration: ""
[18.488s] -- Execute custom install script
[18.492s] -- Symlinking: /root/ros2_ws/src/ros2_control_demos/install/ros2_control_demo_example_7/share/ros2_control_demo_example_7//ros2_control_demo_example_7.xml
[18.532s] -- Up-to-date symlink: /root/ros2_ws/src/ros2_control_demos/install/ros2_control_demo_example_7/share/ros2_control_demo_example_7//ros2_control_demo_example_7.xml
[18.539s] -- Symlinking: /root/ros2_ws/src/ros2_control_demos/install/ros2_control_demo_example_7/include/ros2_control_demo_example_7/ros2_control_demo_example_7/r6bot_hardware.hpp
[18.579s] -- Symlinking: /root/ros2_ws/src/ros2_control_demos/install/ros2_control_demo_example_7/share/ros2_control_demo_example_7/launch/view_r6bot.launch.py
[18.618s] -- Symlinking: /root/ros2_ws/src/ros2_control_demos/install/ros2_control_demo_example_7/share/ros2_control_demo_example_7/ros2_control/r6bot.ros2_control.xacro
[18.658s] -- Symlinking: /root/ros2_ws/src/ros2_control_demos/install/ros2_control_demo_example_7/share/ros2_control_demo_example_7/urdf/r6bot.urdf.xacro
[18.696s] -- Symlinking: /root/ros2_ws/src/ros2_control_demos/install/ros2_control_demo_example_7/share/ros2_control_demo_example_7/launch/r6bot_controller.launch.py
[18.734s] -- Symlinking: /root/ros2_ws/src/ros2_control_demos/install/ros2_control_demo_example_7/share/ros2_control_demo_example_7/launch/send_trajectory.launch.py
[18.773s] -- Symlinking: /root/ros2_ws/src/ros2_control_demos/install/ros2_control_demo_example_7/share/ros2_control_demo_example_7/config/r6bot_controller.yaml
[18.813s] -- Symlinking: /root/ros2_ws/src/ros2_control_demos/install/ros2_control_demo_example_7/lib/ros2_control_demo_example_7/send_trajectory
[18.852s] -- Symlinking: /root/ros2_ws/src/ros2_control_demos/install/ros2_control_demo_example_7/share/ros2_control_demo_example_7/environment/library_path.sh
[18.890s] -- Symlinking: /root/ros2_ws/src/ros2_control_demos/install/ros2_control_demo_example_7/share/ros2_control_demo_example_7/environment/library_path.dsv
[18.931s] -- Symlinking: /root/ros2_ws/src/ros2_control_demos/install/ros2_control_demo_example_7/share/ament_index/resource_index/package_run_dependencies/ros2_control_demo_example_7
[18.970s] -- Symlinking: /root/ros2_ws/src/ros2_control_demos/install/ros2_control_demo_example_7/share/ament_index/resource_index/parent_prefix_path/ros2_control_demo_example_7
[19.008s] -- Symlinking: /root/ros2_ws/src/ros2_control_demos/install/ros2_control_demo_example_7/share/ros2_control_demo_example_7/environment/ament_prefix_path.sh
[19.047s] -- Symlinking: /root/ros2_ws/src/ros2_control_demos/install/ros2_control_demo_example_7/share/ros2_control_demo_example_7/environment/ament_prefix_path.dsv
[19.087s] -- Symlinking: /root/ros2_ws/src/ros2_control_demos/install/ros2_control_demo_example_7/share/ros2_control_demo_example_7/environment/path.sh
[19.125s] -- Symlinking: /root/ros2_ws/src/ros2_control_demos/install/ros2_control_demo_example_7/share/ros2_control_demo_example_7/environment/path.dsv
[19.163s] -- Symlinking: /root/ros2_ws/src/ros2_control_demos/install/ros2_control_demo_example_7/share/ros2_control_demo_example_7/local_setup.bash
[19.203s] -- Symlinking: /root/ros2_ws/src/ros2_control_demos/install/ros2_control_demo_example_7/share/ros2_control_demo_example_7/local_setup.sh
[19.241s] -- Symlinking: /root/ros2_ws/src/ros2_control_demos/install/ros2_control_demo_example_7/share/ros2_control_demo_example_7/local_setup.zsh
[19.279s] -- Symlinking: /root/ros2_ws/src/ros2_control_demos/install/ros2_control_demo_example_7/share/ros2_control_demo_example_7/local_setup.dsv
[19.316s] -- Symlinking: /root/ros2_ws/src/ros2_control_demos/install/ros2_control_demo_example_7/share/ros2_control_demo_example_7/package.dsv
[19.357s] -- Symlinking: /root/ros2_ws/src/ros2_control_demos/install/ros2_control_demo_example_7/share/ament_index/resource_index/packages/ros2_control_demo_example_7
[19.397s] -- Symlinking: /root/ros2_ws/src/ros2_control_demos/install/ros2_control_demo_example_7/share/ament_index/resource_index/hardware_interface__pluginlib__plugin/ros2_control_demo_example_7
[19.435s] -- Symlinking: /root/ros2_ws/src/ros2_control_demos/install/ros2_control_demo_example_7/share/ament_index/resource_index/controller_interface__pluginlib__plugin/ros2_control_demo_example_7
[19.474s] -- Symlinking: /root/ros2_ws/src/ros2_control_demos/install/ros2_control_demo_example_7/share/ros2_control_demo_example_7/cmake/ament_cmake_export_targets-extras.cmake
[19.512s] -- Symlinking: /root/ros2_ws/src/ros2_control_demos/install/ros2_control_demo_example_7/share/ros2_control_demo_example_7/cmake/ament_cmake_export_dependencies-extras.cmake
[19.550s] -- Symlinking: /root/ros2_ws/src/ros2_control_demos/install/ros2_control_demo_example_7/share/ros2_control_demo_example_7/cmake/ros2_control_demo_example_7Config.cmake
[19.591s] -- Symlinking: /root/ros2_ws/src/ros2_control_demos/install/ros2_control_demo_example_7/share/ros2_control_demo_example_7/cmake/ros2_control_demo_example_7Config-version.cmake
[19.636s] -- Symlinking: /root/ros2_ws/src/ros2_control_demos/install/ros2_control_demo_example_7/share/ros2_control_demo_example_7/package.xml
[19.677s] -- Installing: /root/ros2_ws/src/ros2_control_demos/install/ros2_control_demo_example_7/lib/libros2_control_demo_example_7.so
[19.704s] -- Set non-toolchain portion of runtime path of "/root/ros2_ws/src/ros2_control_demos/install/ros2_control_demo_example_7/lib/libros2_control_demo_example_7.so" to ""
[19.705s] -- Installing: /root/ros2_ws/src/ros2_control_demos/install/ros2_control_demo_example_7/share/ros2_control_demo_example_7/cmake/export_ros2_control_demo_example_7Export.cmake
[19.708s] -- Installing: /root/ros2_ws/src/ros2_control_demos/install/ros2_control_demo_example_7/share/ros2_control_demo_example_7/cmake/export_ros2_control_demo_example_7Export-noconfig.cmake
[19.715s] Invoked command in '/root/ros2_ws/src/ros2_control_demos/build/ros2_control_demo_example_7' returned '0': AMENT_PREFIX_PATH=/root/ros2_ws/src/ros2_control_demos/install/ros2_control_demo_description:${AMENT_PREFIX_PATH} CMAKE_PREFIX_PATH=/root/ros2_ws/src/ros2_control_demos/install/ros2_control_demo_description:/opt/ros/jazzy/opt/gz_sim_vendor:/opt/ros/jazzy/opt/gz_sensors_vendor:/opt/ros/jazzy/opt/gz_physics_vendor:/opt/ros/jazzy/opt/sdformat_vendor:/opt/ros/jazzy/opt/gz_gui_vendor:/opt/ros/jazzy/opt/gz_transport_vendor:/opt/ros/jazzy/opt/gz_rendering_vendor:/opt/ros/jazzy/opt/gz_plugin_vendor:/opt/ros/jazzy/opt/gz_fuel_tools_vendor:/opt/ros/jazzy/opt/gz_msgs_vendor:/opt/ros/jazzy/opt/gz_common_vendor:/opt/ros/jazzy/opt/gz_math_vendor:/opt/ros/jazzy/opt/gz_utils_vendor:/opt/ros/jazzy/opt/gz_tools_vendor:/opt/ros/jazzy/opt/gz_ogre_next_vendor:/opt/ros/jazzy/opt/gz_dartsim_vendor:/opt/ros/jazzy/opt/gz_cmake_vendor:/opt/ros/jazzy /usr/bin/cmake --install /root/ros2_ws/src/ros2_control_demos/build/ros2_control_demo_example_7
