[0.039s] Invoking command in '/root/ros2_ws/src/ros2_control_demos/build/ros2_control_demo_description': CMAKE_PREFIX_PATH=${CMAKE_PREFIX_PATH}:/opt/ros/jazzy /usr/bin/cmake --build /root/ros2_ws/src/ros2_control_demos/build/ros2_control_demo_description -- -j10 -l10
[0.224s] -- Found ament_cmake: 2.5.6 (/opt/ros/jazzy/share/ament_cmake/cmake)
[0.891s] -- Override CMake install command with custom implementation using symlinks instead of copying resources
[1.065s] -- Configuring done (0.9s)
[1.115s] -- Generating done (0.0s)
[1.131s] -- Build files have been written to: /root/ros2_ws/src/ros2_control_demos/build/ros2_control_demo_description
[1.239s] Invoked command in '/root/ros2_ws/src/ros2_control_demos/build/ros2_control_demo_description' returned '0': CMAKE_PREFIX_PATH=${CMAKE_PREFIX_PATH}:/opt/ros/jazzy /usr/bin/cmake --build /root/ros2_ws/src/ros2_control_demos/build/ros2_control_demo_description -- -j10 -l10
[1.289s] Invoking command in '/root/ros2_ws/src/ros2_control_demos/build/ros2_control_demo_description': CMAKE_PREFIX_PATH=${CMAKE_PREFIX_PATH}:/opt/ros/jazzy /usr/bin/cmake --install /root/ros2_ws/src/ros2_control_demos/build/ros2_control_demo_description
[1.337s] -- Install configuration: ""
[1.340s] -- Execute custom install script
[1.349s] -- Up-to-date symlink: /root/ros2_ws/src/ros2_control_demos/install/ros2_control_demo_description/share/ros2_control_demo_description/rrbot/urdf/rrbot.materials.xacro
[1.350s] -- Up-to-date symlink: /root/ros2_ws/src/ros2_control_demos/install/ros2_control_demo_description/share/ros2_control_demo_description/rrbot/urdf/rrbot_description.urdf.xacro
[1.351s] -- Up-to-date symlink: /root/ros2_ws/src/ros2_control_demos/install/ros2_control_demo_description/share/ros2_control_demo_description/rrbot/rviz/rrbot.rviz
[1.352s] -- Up-to-date symlink: /root/ros2_ws/src/ros2_control_demos/install/ros2_control_demo_description/share/ros2_control_demo_description/diffbot/urdf/diffbot.materials.xacro
[1.352s] -- Up-to-date symlink: /root/ros2_ws/src/ros2_control_demos/install/ros2_control_demo_description/share/ros2_control_demo_description/diffbot/urdf/diffbot_description.urdf.xacro
[1.352s] -- Up-to-date symlink: /root/ros2_ws/src/ros2_control_demos/install/ros2_control_demo_description/share/ros2_control_demo_description/diffbot/rviz/diffbot.rviz
[1.353s] -- Up-to-date symlink: /root/ros2_ws/src/ros2_control_demos/install/ros2_control_demo_description/share/ros2_control_demo_description/diffbot/rviz/diffbot_view.rviz
[1.353s] -- Up-to-date symlink: /root/ros2_ws/src/ros2_control_demos/install/ros2_control_demo_description/share/ros2_control_demo_description/carlikebot/urdf/carlikebot.materials.xacro
[1.354s] -- Up-to-date symlink: /root/ros2_ws/src/ros2_control_demos/install/ros2_control_demo_description/share/ros2_control_demo_description/carlikebot/urdf/carlikebot_description.urdf.xacro
[1.354s] -- Up-to-date symlink: /root/ros2_ws/src/ros2_control_demos/install/ros2_control_demo_description/share/ros2_control_demo_description/carlikebot/rviz/carlikebot.rviz
[1.354s] -- Up-to-date symlink: /root/ros2_ws/src/ros2_control_demos/install/ros2_control_demo_description/share/ros2_control_demo_description/carlikebot/rviz/carlikebot_view.rviz
[1.355s] -- Up-to-date symlink: /root/ros2_ws/src/ros2_control_demos/install/ros2_control_demo_description/share/ros2_control_demo_description/r3bot/urdf/threedofbot_description.urdf.xacro
[1.357s] -- Up-to-date symlink: /root/ros2_ws/src/ros2_control_demos/install/ros2_control_demo_description/share/ros2_control_demo_description/r6bot/meshes/collision/link_0.stl
[1.357s] -- Up-to-date symlink: /root/ros2_ws/src/ros2_control_demos/install/ros2_control_demo_description/share/ros2_control_demo_description/r6bot/meshes/collision/link_1.stl
[1.357s] -- Up-to-date symlink: /root/ros2_ws/src/ros2_control_demos/install/ros2_control_demo_description/share/ros2_control_demo_description/r6bot/meshes/collision/link_2.stl
[1.357s] -- Up-to-date symlink: /root/ros2_ws/src/ros2_control_demos/install/ros2_control_demo_description/share/ros2_control_demo_description/r6bot/meshes/collision/link_3.stl
[1.357s] -- Up-to-date symlink: /root/ros2_ws/src/ros2_control_demos/install/ros2_control_demo_description/share/ros2_control_demo_description/r6bot/meshes/collision/link_4.stl
[1.358s] -- Up-to-date symlink: /root/ros2_ws/src/ros2_control_demos/install/ros2_control_demo_description/share/ros2_control_demo_description/r6bot/meshes/collision/link_5.stl
[1.358s] -- Up-to-date symlink: /root/ros2_ws/src/ros2_control_demos/install/ros2_control_demo_description/share/ros2_control_demo_description/r6bot/meshes/collision/link_6.stl
[1.358s] -- Up-to-date symlink: /root/ros2_ws/src/ros2_control_demos/install/ros2_control_demo_description/share/ros2_control_demo_description/r6bot/meshes/visual/link_0.dae
[1.358s] -- Up-to-date symlink: /root/ros2_ws/src/ros2_control_demos/install/ros2_control_demo_description/share/ros2_control_demo_description/r6bot/meshes/visual/link_1.dae
[1.359s] -- Up-to-date symlink: /root/ros2_ws/src/ros2_control_demos/install/ros2_control_demo_description/share/ros2_control_demo_description/r6bot/meshes/visual/link_2.dae
[1.359s] -- Up-to-date symlink: /root/ros2_ws/src/ros2_control_demos/install/ros2_control_demo_description/share/ros2_control_demo_description/r6bot/meshes/visual/link_3.dae
[1.359s] -- Up-to-date symlink: /root/ros2_ws/src/ros2_control_demos/install/ros2_control_demo_description/share/ros2_control_demo_description/r6bot/meshes/visual/link_4.dae
[1.359s] -- Up-to-date symlink: /root/ros2_ws/src/ros2_control_demos/install/ros2_control_demo_description/share/ros2_control_demo_description/r6bot/meshes/visual/link_5.dae
[1.360s] -- Up-to-date symlink: /root/ros2_ws/src/ros2_control_demos/install/ros2_control_demo_description/share/ros2_control_demo_description/r6bot/meshes/visual/link_6.dae
[1.360s] -- Up-to-date symlink: /root/ros2_ws/src/ros2_control_demos/install/ros2_control_demo_description/share/ros2_control_demo_description/r6bot/srdf/r6bot.srdf
[1.361s] -- Up-to-date symlink: /root/ros2_ws/src/ros2_control_demos/install/ros2_control_demo_description/share/ros2_control_demo_description/r6bot/urdf/inc/create_link.xacro
[1.362s] -- Up-to-date symlink: /root/ros2_ws/src/ros2_control_demos/install/ros2_control_demo_description/share/ros2_control_demo_description/r6bot/urdf/r6bot_description.urdf.xacro
[1.362s] -- Up-to-date symlink: /root/ros2_ws/src/ros2_control_demos/install/ros2_control_demo_description/share/ros2_control_demo_description/r6bot/rviz/view_robot.rviz
[1.362s] -- Up-to-date symlink: /root/ros2_ws/src/ros2_control_demos/install/ros2_control_demo_description/share/ament_index/resource_index/package_run_dependencies/ros2_control_demo_description
[1.363s] -- Up-to-date symlink: /root/ros2_ws/src/ros2_control_demos/install/ros2_control_demo_description/share/ament_index/resource_index/parent_prefix_path/ros2_control_demo_description
[1.363s] -- Up-to-date symlink: /root/ros2_ws/src/ros2_control_demos/install/ros2_control_demo_description/share/ros2_control_demo_description/environment/ament_prefix_path.sh
[1.363s] -- Up-to-date symlink: /root/ros2_ws/src/ros2_control_demos/install/ros2_control_demo_description/share/ros2_control_demo_description/environment/ament_prefix_path.dsv
[1.363s] -- Up-to-date symlink: /root/ros2_ws/src/ros2_control_demos/install/ros2_control_demo_description/share/ros2_control_demo_description/environment/path.sh
[1.364s] -- Up-to-date symlink: /root/ros2_ws/src/ros2_control_demos/install/ros2_control_demo_description/share/ros2_control_demo_description/environment/path.dsv
[1.364s] -- Up-to-date symlink: /root/ros2_ws/src/ros2_control_demos/install/ros2_control_demo_description/share/ros2_control_demo_description/local_setup.bash
[1.364s] -- Up-to-date symlink: /root/ros2_ws/src/ros2_control_demos/install/ros2_control_demo_description/share/ros2_control_demo_description/local_setup.sh
[1.364s] -- Up-to-date symlink: /root/ros2_ws/src/ros2_control_demos/install/ros2_control_demo_description/share/ros2_control_demo_description/local_setup.zsh
[1.365s] -- Up-to-date symlink: /root/ros2_ws/src/ros2_control_demos/install/ros2_control_demo_description/share/ros2_control_demo_description/local_setup.dsv
[1.365s] -- Symlinking: /root/ros2_ws/src/ros2_control_demos/install/ros2_control_demo_description/share/ros2_control_demo_description/package.dsv
[1.407s] -- Up-to-date symlink: /root/ros2_ws/src/ros2_control_demos/install/ros2_control_demo_description/share/ament_index/resource_index/packages/ros2_control_demo_description
[1.407s] -- Up-to-date symlink: /root/ros2_ws/src/ros2_control_demos/install/ros2_control_demo_description/share/ros2_control_demo_description/cmake/ros2_control_demo_descriptionConfig.cmake
[1.408s] -- Up-to-date symlink: /root/ros2_ws/src/ros2_control_demos/install/ros2_control_demo_description/share/ros2_control_demo_description/cmake/ros2_control_demo_descriptionConfig-version.cmake
[1.408s] -- Up-to-date symlink: /root/ros2_ws/src/ros2_control_demos/install/ros2_control_demo_description/share/ros2_control_demo_description/package.xml
[1.413s] Invoked command in '/root/ros2_ws/src/ros2_control_demos/build/ros2_control_demo_description' returned '0': CMAKE_PREFIX_PATH=${CMAKE_PREFIX_PATH}:/opt/ros/jazzy /usr/bin/cmake --install /root/ros2_ws/src/ros2_control_demos/build/ros2_control_demo_description
