[0.111s] DEBUG:colcon:Command line arguments: ['/usr/bin/colcon', 'build', '--symlink-install']
[0.112s] DEBUG:colcon:Parsed command line arguments: Namespace(log_base=None, log_level=None, verb_name='build', build_base='build', install_base='install', merge_install=False, symlink_install=True, test_result_base=None, continue_on_error=False, executor='parallel', parallel_workers=10, event_handlers=None, ignore_user_meta=False, metas=['./colcon.meta'], base_paths=['.'], packages_ignore=None, packages_ignore_regex=None, paths=None, packages_up_to=None, packages_up_to_regex=None, packages_above=None, packages_above_and_dependencies=None, packages_above_depth=None, packages_select_by_dep=None, packages_skip_by_dep=None, packages_skip_up_to=None, packages_select_build_failed=False, packages_skip_build_finished=False, packages_select_test_failures=False, packages_skip_test_passed=False, packages_select=None, packages_skip=None, packages_select_regex=None, packages_skip_regex=None, packages_start=None, packages_end=None, cmake_args=None, cmake_target=None, cmake_target_skip_unavailable=False, cmake_clean_cache=False, cmake_clean_first=False, cmake_force_configure=False, ament_cmake_args=None, catkin_cmake_args=None, catkin_skip_building_tests=False, mixin_files=None, mixin=None, verb_parser=<colcon_mixin.mixin.mixin_argument.MixinArgumentDecorator object at 0x7ffffe1ca9c0>, verb_extension=<colcon_core.verb.build.BuildVerb object at 0x7ffffe326ed0>, main=<bound method BuildVerb.main of <colcon_core.verb.build.BuildVerb object at 0x7ffffe326ed0>>, mixin_verb=('build',))
[0.145s] Level 1:colcon.colcon_core.package_discovery:discover_packages(colcon_meta) check parameters
[0.145s] INFO:colcon.colcon_metadata.package_discovery.colcon_meta:Using configuration from '/root/.colcon/metadata/default/Gazebo.meta'
[0.146s] INFO:colcon.colcon_metadata.package_discovery.colcon_meta:Using configuration from '/root/.colcon/metadata/default/fastdds.meta'
[0.146s] INFO:colcon.colcon_metadata.package_discovery.colcon_meta:Using configuration from '/root/.colcon/metadata/default/fastrtps.meta'
[0.146s] Level 1:colcon.colcon_core.package_discovery:discover_packages(recursive) check parameters
[0.146s] Level 1:colcon.colcon_core.package_discovery:discover_packages(ignore) check parameters
[0.146s] Level 1:colcon.colcon_core.package_discovery:discover_packages(path) check parameters
[0.146s] Level 1:colcon.colcon_core.package_discovery:discover_packages(colcon_meta) discover
[0.146s] Level 1:colcon.colcon_core.package_discovery:discover_packages(recursive) discover
[0.146s] INFO:colcon.colcon_core.package_discovery:Crawling recursively for packages in '/root/ros2_ws/src/ros2_control_demos'
[0.147s] Level 1:colcon.colcon_core.package_identification:_identify(.) by extensions ['ignore', 'ignore_ament_install']
[0.147s] Level 1:colcon.colcon_core.package_identification:_identify(.) by extension 'ignore'
[0.147s] Level 1:colcon.colcon_core.package_identification:_identify(.) by extension 'ignore_ament_install'
[0.147s] Level 1:colcon.colcon_core.package_identification:_identify(.) by extensions ['colcon_pkg']
[0.147s] Level 1:colcon.colcon_core.package_identification:_identify(.) by extension 'colcon_pkg'
[0.147s] Level 1:colcon.colcon_core.package_identification:_identify(.) by extensions ['colcon_meta']
[0.147s] Level 1:colcon.colcon_core.package_identification:_identify(.) by extension 'colcon_meta'
[0.147s] Level 1:colcon.colcon_core.package_identification:_identify(.) by extensions ['ros']
[0.148s] Level 1:colcon.colcon_core.package_identification:_identify(.) by extension 'ros'
[0.177s] Level 1:colcon.colcon_core.package_identification:_identify(.) by extensions ['cmake', 'python']
[0.177s] Level 1:colcon.colcon_core.package_identification:_identify(.) by extension 'cmake'
[0.178s] Level 1:colcon.colcon_core.package_identification:_identify(.) by extension 'python'
[0.178s] Level 1:colcon.colcon_core.package_identification:_identify(.) by extensions ['python_setup_py']
[0.178s] Level 1:colcon.colcon_core.package_identification:_identify(.) by extension 'python_setup_py'
[0.178s] Level 1:colcon.colcon_core.package_identification:_identify(build) by extensions ['ignore', 'ignore_ament_install']
[0.178s] Level 1:colcon.colcon_core.package_identification:_identify(build) by extension 'ignore'
[0.178s] Level 1:colcon.colcon_core.package_identification:_identify(build) ignored
[0.179s] Level 1:colcon.colcon_core.package_identification:_identify(example_7) by extensions ['ignore', 'ignore_ament_install']
[0.179s] Level 1:colcon.colcon_core.package_identification:_identify(example_7) by extension 'ignore'
[0.179s] Level 1:colcon.colcon_core.package_identification:_identify(example_7) by extension 'ignore_ament_install'
[0.180s] Level 1:colcon.colcon_core.package_identification:_identify(example_7) by extensions ['colcon_pkg']
[0.180s] Level 1:colcon.colcon_core.package_identification:_identify(example_7) by extension 'colcon_pkg'
[0.180s] Level 1:colcon.colcon_core.package_identification:_identify(example_7) by extensions ['colcon_meta']
[0.180s] Level 1:colcon.colcon_core.package_identification:_identify(example_7) by extension 'colcon_meta'
[0.180s] Level 1:colcon.colcon_core.package_identification:_identify(example_7) by extensions ['ros']
[0.180s] Level 1:colcon.colcon_core.package_identification:_identify(example_7) by extension 'ros'
[0.186s] DEBUG:colcon.colcon_core.package_identification:Package 'example_7' with type 'ros.ament_cmake' and name 'ros2_control_demo_example_7'
[0.186s] Level 1:colcon.colcon_core.package_identification:_identify(install) by extensions ['ignore', 'ignore_ament_install']
[0.187s] Level 1:colcon.colcon_core.package_identification:_identify(install) by extension 'ignore'
[0.187s] Level 1:colcon.colcon_core.package_identification:_identify(install) ignored
[0.187s] Level 1:colcon.colcon_core.package_identification:_identify(log) by extensions ['ignore', 'ignore_ament_install']
[0.187s] Level 1:colcon.colcon_core.package_identification:_identify(log) by extension 'ignore'
[0.187s] Level 1:colcon.colcon_core.package_identification:_identify(log) ignored
[0.188s] Level 1:colcon.colcon_core.package_identification:_identify(ros2_control_demo_description) by extensions ['ignore', 'ignore_ament_install']
[0.188s] Level 1:colcon.colcon_core.package_identification:_identify(ros2_control_demo_description) by extension 'ignore'
[0.188s] Level 1:colcon.colcon_core.package_identification:_identify(ros2_control_demo_description) by extension 'ignore_ament_install'
[0.188s] Level 1:colcon.colcon_core.package_identification:_identify(ros2_control_demo_description) by extensions ['colcon_pkg']
[0.188s] Level 1:colcon.colcon_core.package_identification:_identify(ros2_control_demo_description) by extension 'colcon_pkg'
[0.188s] Level 1:colcon.colcon_core.package_identification:_identify(ros2_control_demo_description) by extensions ['colcon_meta']
[0.188s] Level 1:colcon.colcon_core.package_identification:_identify(ros2_control_demo_description) by extension 'colcon_meta'
[0.188s] Level 1:colcon.colcon_core.package_identification:_identify(ros2_control_demo_description) by extensions ['ros']
[0.188s] Level 1:colcon.colcon_core.package_identification:_identify(ros2_control_demo_description) by extension 'ros'
[0.189s] DEBUG:colcon.colcon_core.package_identification:Package 'ros2_control_demo_description' with type 'ros.ament_cmake' and name 'ros2_control_demo_description'
[0.190s] Level 1:colcon.colcon_core.package_identification:_identify(ros2_control_demos) by extensions ['ignore', 'ignore_ament_install']
[0.190s] Level 1:colcon.colcon_core.package_identification:_identify(ros2_control_demos) by extension 'ignore'
[0.190s] Level 1:colcon.colcon_core.package_identification:_identify(ros2_control_demos) by extension 'ignore_ament_install'
[0.190s] Level 1:colcon.colcon_core.package_identification:_identify(ros2_control_demos) by extensions ['colcon_pkg']
[0.190s] Level 1:colcon.colcon_core.package_identification:_identify(ros2_control_demos) by extension 'colcon_pkg'
[0.190s] Level 1:colcon.colcon_core.package_identification:_identify(ros2_control_demos) by extensions ['colcon_meta']
[0.190s] Level 1:colcon.colcon_core.package_identification:_identify(ros2_control_demos) by extension 'colcon_meta'
[0.190s] Level 1:colcon.colcon_core.package_identification:_identify(ros2_control_demos) by extensions ['ros']
[0.190s] Level 1:colcon.colcon_core.package_identification:_identify(ros2_control_demos) by extension 'ros'
[0.191s] DEBUG:colcon.colcon_core.package_identification:Package 'ros2_control_demos' with type 'ros.ament_cmake' and name 'ros2_control_demos'
[0.191s] Level 1:colcon.colcon_core.package_discovery:discover_packages(recursive) using defaults
[0.191s] Level 1:colcon.colcon_core.package_discovery:discover_packages(ignore) discover
[0.191s] Level 1:colcon.colcon_core.package_discovery:discover_packages(ignore) using defaults
[0.191s] Level 1:colcon.colcon_core.package_discovery:discover_packages(path) discover
[0.191s] Level 1:colcon.colcon_core.package_discovery:discover_packages(path) using defaults
[0.206s] Level 5:colcon.colcon_core.verb:set package 'ros2_control_demo_description' build argument 'cmake_args' from command line to 'None'
[0.206s] Level 5:colcon.colcon_core.verb:set package 'ros2_control_demo_description' build argument 'cmake_target' from command line to 'None'
[0.206s] Level 5:colcon.colcon_core.verb:set package 'ros2_control_demo_description' build argument 'cmake_target_skip_unavailable' from command line to 'False'
[0.206s] Level 5:colcon.colcon_core.verb:set package 'ros2_control_demo_description' build argument 'cmake_clean_cache' from command line to 'False'
[0.206s] Level 5:colcon.colcon_core.verb:set package 'ros2_control_demo_description' build argument 'cmake_clean_first' from command line to 'False'
[0.206s] Level 5:colcon.colcon_core.verb:set package 'ros2_control_demo_description' build argument 'cmake_force_configure' from command line to 'False'
[0.206s] Level 5:colcon.colcon_core.verb:set package 'ros2_control_demo_description' build argument 'ament_cmake_args' from command line to 'None'
[0.206s] Level 5:colcon.colcon_core.verb:set package 'ros2_control_demo_description' build argument 'catkin_cmake_args' from command line to 'None'
[0.206s] Level 5:colcon.colcon_core.verb:set package 'ros2_control_demo_description' build argument 'catkin_skip_building_tests' from command line to 'False'
[0.206s] DEBUG:colcon.colcon_core.verb:Building package 'ros2_control_demo_description' with the following arguments: {'ament_cmake_args': None, 'build_base': '/root/ros2_ws/src/ros2_control_demos/build/ros2_control_demo_description', 'catkin_cmake_args': None, 'catkin_skip_building_tests': False, 'cmake_args': None, 'cmake_clean_cache': False, 'cmake_clean_first': False, 'cmake_force_configure': False, 'cmake_target': None, 'cmake_target_skip_unavailable': False, 'install_base': '/root/ros2_ws/src/ros2_control_demos/install/ros2_control_demo_description', 'merge_install': False, 'path': '/root/ros2_ws/src/ros2_control_demos/ros2_control_demo_description', 'symlink_install': True, 'test_result_base': None}
[0.206s] Level 5:colcon.colcon_core.verb:set package 'ros2_control_demo_example_7' build argument 'cmake_args' from command line to 'None'
[0.206s] Level 5:colcon.colcon_core.verb:set package 'ros2_control_demo_example_7' build argument 'cmake_target' from command line to 'None'
[0.207s] Level 5:colcon.colcon_core.verb:set package 'ros2_control_demo_example_7' build argument 'cmake_target_skip_unavailable' from command line to 'False'
[0.207s] Level 5:colcon.colcon_core.verb:set package 'ros2_control_demo_example_7' build argument 'cmake_clean_cache' from command line to 'False'
[0.207s] Level 5:colcon.colcon_core.verb:set package 'ros2_control_demo_example_7' build argument 'cmake_clean_first' from command line to 'False'
[0.207s] Level 5:colcon.colcon_core.verb:set package 'ros2_control_demo_example_7' build argument 'cmake_force_configure' from command line to 'False'
[0.207s] Level 5:colcon.colcon_core.verb:set package 'ros2_control_demo_example_7' build argument 'ament_cmake_args' from command line to 'None'
[0.207s] Level 5:colcon.colcon_core.verb:set package 'ros2_control_demo_example_7' build argument 'catkin_cmake_args' from command line to 'None'
[0.207s] Level 5:colcon.colcon_core.verb:set package 'ros2_control_demo_example_7' build argument 'catkin_skip_building_tests' from command line to 'False'
[0.207s] DEBUG:colcon.colcon_core.verb:Building package 'ros2_control_demo_example_7' with the following arguments: {'ament_cmake_args': None, 'build_base': '/root/ros2_ws/src/ros2_control_demos/build/ros2_control_demo_example_7', 'catkin_cmake_args': None, 'catkin_skip_building_tests': False, 'cmake_args': None, 'cmake_clean_cache': False, 'cmake_clean_first': False, 'cmake_force_configure': False, 'cmake_target': None, 'cmake_target_skip_unavailable': False, 'install_base': '/root/ros2_ws/src/ros2_control_demos/install/ros2_control_demo_example_7', 'merge_install': False, 'path': '/root/ros2_ws/src/ros2_control_demos/example_7', 'symlink_install': True, 'test_result_base': None}
[0.207s] Level 5:colcon.colcon_core.verb:set package 'ros2_control_demos' build argument 'cmake_args' from command line to 'None'
[0.207s] Level 5:colcon.colcon_core.verb:set package 'ros2_control_demos' build argument 'cmake_target' from command line to 'None'
[0.207s] Level 5:colcon.colcon_core.verb:set package 'ros2_control_demos' build argument 'cmake_target_skip_unavailable' from command line to 'False'
[0.207s] Level 5:colcon.colcon_core.verb:set package 'ros2_control_demos' build argument 'cmake_clean_cache' from command line to 'False'
[0.207s] Level 5:colcon.colcon_core.verb:set package 'ros2_control_demos' build argument 'cmake_clean_first' from command line to 'False'
[0.207s] Level 5:colcon.colcon_core.verb:set package 'ros2_control_demos' build argument 'cmake_force_configure' from command line to 'False'
[0.207s] Level 5:colcon.colcon_core.verb:set package 'ros2_control_demos' build argument 'ament_cmake_args' from command line to 'None'
[0.207s] Level 5:colcon.colcon_core.verb:set package 'ros2_control_demos' build argument 'catkin_cmake_args' from command line to 'None'
[0.207s] Level 5:colcon.colcon_core.verb:set package 'ros2_control_demos' build argument 'catkin_skip_building_tests' from command line to 'False'
[0.207s] DEBUG:colcon.colcon_core.verb:Building package 'ros2_control_demos' with the following arguments: {'ament_cmake_args': None, 'build_base': '/root/ros2_ws/src/ros2_control_demos/build/ros2_control_demos', 'catkin_cmake_args': None, 'catkin_skip_building_tests': False, 'cmake_args': None, 'cmake_clean_cache': False, 'cmake_clean_first': False, 'cmake_force_configure': False, 'cmake_target': None, 'cmake_target_skip_unavailable': False, 'install_base': '/root/ros2_ws/src/ros2_control_demos/install/ros2_control_demos', 'merge_install': False, 'path': '/root/ros2_ws/src/ros2_control_demos/ros2_control_demos', 'symlink_install': True, 'test_result_base': None}
[0.208s] INFO:colcon.colcon_core.executor:Executing jobs using 'parallel' executor
[0.210s] DEBUG:colcon.colcon_parallel_executor.executor.parallel:run_until_complete
[0.211s] INFO:colcon.colcon_ros.task.ament_cmake.build:Building ROS package in '/root/ros2_ws/src/ros2_control_demos/ros2_control_demo_description' with build type 'ament_cmake'
[0.211s] INFO:colcon.colcon_cmake.task.cmake.build:Building CMake package in '/root/ros2_ws/src/ros2_control_demos/ros2_control_demo_description'
[0.214s] INFO:colcon.colcon_core.plugin_system:Skipping extension 'colcon_core.shell.bat': Not used on non-Windows systems
[0.214s] INFO:colcon.colcon_core.shell:Skip shell extension 'powershell' for command environment: Not usable outside of PowerShell
[0.214s] DEBUG:colcon.colcon_core.shell:Skip shell extension 'dsv' for command environment
[0.270s] DEBUG:colcon.colcon_core.event_handler.log_command:Invoking command in '/root/ros2_ws/src/ros2_control_demos/build/ros2_control_demo_description': CMAKE_PREFIX_PATH=${CMAKE_PREFIX_PATH}:/opt/ros/jazzy /usr/bin/cmake --build /root/ros2_ws/src/ros2_control_demos/build/ros2_control_demo_description -- -j10 -l10
[0.507s] DEBUG:colcon.colcon_core.event_handler.log_command:Invoked command in '/root/ros2_ws/src/ros2_control_demos/build/ros2_control_demo_description' returned '0': CMAKE_PREFIX_PATH=${CMAKE_PREFIX_PATH}:/opt/ros/jazzy /usr/bin/cmake --build /root/ros2_ws/src/ros2_control_demos/build/ros2_control_demo_description -- -j10 -l10
[0.563s] DEBUG:colcon.colcon_core.event_handler.log_command:Invoking command in '/root/ros2_ws/src/ros2_control_demos/build/ros2_control_demo_description': CMAKE_PREFIX_PATH=${CMAKE_PREFIX_PATH}:/opt/ros/jazzy /usr/bin/cmake --install /root/ros2_ws/src/ros2_control_demos/build/ros2_control_demo_description
[0.684s] Level 1:colcon.colcon_core.environment:create_environment_scripts_only(ros2_control_demo_description)
[0.685s] DEBUG:colcon.colcon_core.event_handler.log_command:Invoked command in '/root/ros2_ws/src/ros2_control_demos/build/ros2_control_demo_description' returned '0': CMAKE_PREFIX_PATH=${CMAKE_PREFIX_PATH}:/opt/ros/jazzy /usr/bin/cmake --install /root/ros2_ws/src/ros2_control_demos/build/ros2_control_demo_description
[0.686s] Level 1:colcon.colcon_core.environment:checking '/root/ros2_ws/src/ros2_control_demos/install/ros2_control_demo_description' for CMake module files
[0.690s] Level 1:colcon.colcon_core.environment:checking '/root/ros2_ws/src/ros2_control_demos/install/ros2_control_demo_description' for CMake config files
[0.693s] Level 1:colcon.colcon_core.shell:create_environment_hook('ros2_control_demo_description', 'cmake_prefix_path')
[0.693s] INFO:colcon.colcon_core.shell:Creating environment hook '/root/ros2_ws/src/ros2_control_demos/install/ros2_control_demo_description/share/ros2_control_demo_description/hook/cmake_prefix_path.ps1'
[0.695s] INFO:colcon.colcon_core.shell:Creating environment descriptor '/root/ros2_ws/src/ros2_control_demos/install/ros2_control_demo_description/share/ros2_control_demo_description/hook/cmake_prefix_path.dsv'
[0.695s] INFO:colcon.colcon_core.shell:Creating environment hook '/root/ros2_ws/src/ros2_control_demos/install/ros2_control_demo_description/share/ros2_control_demo_description/hook/cmake_prefix_path.sh'
[0.696s] Level 1:colcon.colcon_core.environment:checking '/root/ros2_ws/src/ros2_control_demos/install/ros2_control_demo_description/lib'
[0.696s] Level 1:colcon.colcon_core.environment:checking '/root/ros2_ws/src/ros2_control_demos/install/ros2_control_demo_description/bin'
[0.697s] Level 1:colcon.colcon_core.environment:checking '/root/ros2_ws/src/ros2_control_demos/install/ros2_control_demo_description/lib/pkgconfig/ros2_control_demo_description.pc'
[0.698s] Level 1:colcon.colcon_core.environment:checking '/root/ros2_ws/src/ros2_control_demos/install/ros2_control_demo_description/lib/python3.12/site-packages'
[0.698s] Level 1:colcon.colcon_core.environment:checking '/root/ros2_ws/src/ros2_control_demos/install/ros2_control_demo_description/bin'
[0.699s] INFO:colcon.colcon_core.shell:Creating package script '/root/ros2_ws/src/ros2_control_demos/install/ros2_control_demo_description/share/ros2_control_demo_description/package.ps1'
[0.700s] INFO:colcon.colcon_core.shell:Creating package descriptor '/root/ros2_ws/src/ros2_control_demos/install/ros2_control_demo_description/share/ros2_control_demo_description/package.dsv'
[0.700s] INFO:colcon.colcon_core.shell:Creating package script '/root/ros2_ws/src/ros2_control_demos/install/ros2_control_demo_description/share/ros2_control_demo_description/package.sh'
[0.701s] INFO:colcon.colcon_core.shell:Creating package script '/root/ros2_ws/src/ros2_control_demos/install/ros2_control_demo_description/share/ros2_control_demo_description/package.bash'
[0.702s] INFO:colcon.colcon_core.shell:Creating package script '/root/ros2_ws/src/ros2_control_demos/install/ros2_control_demo_description/share/ros2_control_demo_description/package.zsh'
[0.702s] Level 1:colcon.colcon_core.environment:create_file_with_runtime_dependencies(/root/ros2_ws/src/ros2_control_demos/install/ros2_control_demo_description/share/colcon-core/packages/ros2_control_demo_description)
[0.704s] Level 1:colcon.colcon_core.environment:create_environment_scripts_only(ros2_control_demo_description)
[0.704s] Level 1:colcon.colcon_core.environment:checking '/root/ros2_ws/src/ros2_control_demos/install/ros2_control_demo_description' for CMake module files
[0.706s] Level 1:colcon.colcon_core.environment:checking '/root/ros2_ws/src/ros2_control_demos/install/ros2_control_demo_description' for CMake config files
[0.709s] Level 1:colcon.colcon_core.shell:create_environment_hook('ros2_control_demo_description', 'cmake_prefix_path')
[0.709s] INFO:colcon.colcon_core.shell:Creating environment hook '/root/ros2_ws/src/ros2_control_demos/install/ros2_control_demo_description/share/ros2_control_demo_description/hook/cmake_prefix_path.ps1'
[0.709s] INFO:colcon.colcon_core.shell:Creating environment descriptor '/root/ros2_ws/src/ros2_control_demos/install/ros2_control_demo_description/share/ros2_control_demo_description/hook/cmake_prefix_path.dsv'
[0.709s] INFO:colcon.colcon_core.shell:Creating environment hook '/root/ros2_ws/src/ros2_control_demos/install/ros2_control_demo_description/share/ros2_control_demo_description/hook/cmake_prefix_path.sh'
[0.710s] Level 1:colcon.colcon_core.environment:checking '/root/ros2_ws/src/ros2_control_demos/install/ros2_control_demo_description/lib'
[0.710s] Level 1:colcon.colcon_core.environment:checking '/root/ros2_ws/src/ros2_control_demos/install/ros2_control_demo_description/bin'
[0.710s] Level 1:colcon.colcon_core.environment:checking '/root/ros2_ws/src/ros2_control_demos/install/ros2_control_demo_description/lib/pkgconfig/ros2_control_demo_description.pc'
[0.710s] Level 1:colcon.colcon_core.environment:checking '/root/ros2_ws/src/ros2_control_demos/install/ros2_control_demo_description/lib/python3.12/site-packages'
[0.711s] Level 1:colcon.colcon_core.environment:checking '/root/ros2_ws/src/ros2_control_demos/install/ros2_control_demo_description/bin'
[0.711s] INFO:colcon.colcon_core.shell:Creating package script '/root/ros2_ws/src/ros2_control_demos/install/ros2_control_demo_description/share/ros2_control_demo_description/package.ps1'
[0.711s] INFO:colcon.colcon_core.shell:Creating package descriptor '/root/ros2_ws/src/ros2_control_demos/install/ros2_control_demo_description/share/ros2_control_demo_description/package.dsv'
[0.712s] INFO:colcon.colcon_core.shell:Creating package script '/root/ros2_ws/src/ros2_control_demos/install/ros2_control_demo_description/share/ros2_control_demo_description/package.sh'
[0.712s] INFO:colcon.colcon_core.shell:Creating package script '/root/ros2_ws/src/ros2_control_demos/install/ros2_control_demo_description/share/ros2_control_demo_description/package.bash'
[0.712s] INFO:colcon.colcon_core.shell:Creating package script '/root/ros2_ws/src/ros2_control_demos/install/ros2_control_demo_description/share/ros2_control_demo_description/package.zsh'
[0.712s] Level 1:colcon.colcon_core.environment:create_file_with_runtime_dependencies(/root/ros2_ws/src/ros2_control_demos/install/ros2_control_demo_description/share/colcon-core/packages/ros2_control_demo_description)
[0.713s] INFO:colcon.colcon_ros.task.ament_cmake.build:Building ROS package in '/root/ros2_ws/src/ros2_control_demos/example_7' with build type 'ament_cmake'
[0.713s] INFO:colcon.colcon_cmake.task.cmake.build:Building CMake package in '/root/ros2_ws/src/ros2_control_demos/example_7'
[0.713s] INFO:colcon.colcon_core.shell:Skip shell extension 'powershell' for command environment: Not usable outside of PowerShell
[0.713s] DEBUG:colcon.colcon_core.shell:Skip shell extension 'dsv' for command environment
[0.757s] DEBUG:colcon.colcon_core.event_handler.log_command:Invoking command in '/root/ros2_ws/src/ros2_control_demos/build/ros2_control_demo_example_7': AMENT_PREFIX_PATH=/root/ros2_ws/src/ros2_control_demos/install/ros2_control_demo_description:${AMENT_PREFIX_PATH} CMAKE_PREFIX_PATH=/root/ros2_ws/src/ros2_control_demos/install/ros2_control_demo_description:/opt/ros/jazzy/opt/gz_sim_vendor:/opt/ros/jazzy/opt/gz_sensors_vendor:/opt/ros/jazzy/opt/gz_physics_vendor:/opt/ros/jazzy/opt/sdformat_vendor:/opt/ros/jazzy/opt/gz_gui_vendor:/opt/ros/jazzy/opt/gz_transport_vendor:/opt/ros/jazzy/opt/gz_rendering_vendor:/opt/ros/jazzy/opt/gz_plugin_vendor:/opt/ros/jazzy/opt/gz_fuel_tools_vendor:/opt/ros/jazzy/opt/gz_msgs_vendor:/opt/ros/jazzy/opt/gz_common_vendor:/opt/ros/jazzy/opt/gz_math_vendor:/opt/ros/jazzy/opt/gz_utils_vendor:/opt/ros/jazzy/opt/gz_tools_vendor:/opt/ros/jazzy/opt/gz_ogre_next_vendor:/opt/ros/jazzy/opt/gz_dartsim_vendor:/opt/ros/jazzy/opt/gz_cmake_vendor:/opt/ros/jazzy /usr/bin/cmake --build /root/ros2_ws/src/ros2_control_demos/build/ros2_control_demo_example_7 -- -j10 -l10
[1.360s] DEBUG:colcon.colcon_core.event_handler.log_command:Invoked command in '/root/ros2_ws/src/ros2_control_demos/build/ros2_control_demo_example_7' returned '0': AMENT_PREFIX_PATH=/root/ros2_ws/src/ros2_control_demos/install/ros2_control_demo_description:${AMENT_PREFIX_PATH} CMAKE_PREFIX_PATH=/root/ros2_ws/src/ros2_control_demos/install/ros2_control_demo_description:/opt/ros/jazzy/opt/gz_sim_vendor:/opt/ros/jazzy/opt/gz_sensors_vendor:/opt/ros/jazzy/opt/gz_physics_vendor:/opt/ros/jazzy/opt/sdformat_vendor:/opt/ros/jazzy/opt/gz_gui_vendor:/opt/ros/jazzy/opt/gz_transport_vendor:/opt/ros/jazzy/opt/gz_rendering_vendor:/opt/ros/jazzy/opt/gz_plugin_vendor:/opt/ros/jazzy/opt/gz_fuel_tools_vendor:/opt/ros/jazzy/opt/gz_msgs_vendor:/opt/ros/jazzy/opt/gz_common_vendor:/opt/ros/jazzy/opt/gz_math_vendor:/opt/ros/jazzy/opt/gz_utils_vendor:/opt/ros/jazzy/opt/gz_tools_vendor:/opt/ros/jazzy/opt/gz_ogre_next_vendor:/opt/ros/jazzy/opt/gz_dartsim_vendor:/opt/ros/jazzy/opt/gz_cmake_vendor:/opt/ros/jazzy /usr/bin/cmake --build /root/ros2_ws/src/ros2_control_demos/build/ros2_control_demo_example_7 -- -j10 -l10
[1.367s] DEBUG:colcon.colcon_core.event_handler.log_command:Invoking command in '/root/ros2_ws/src/ros2_control_demos/build/ros2_control_demo_example_7': AMENT_PREFIX_PATH=/root/ros2_ws/src/ros2_control_demos/install/ros2_control_demo_description:${AMENT_PREFIX_PATH} CMAKE_PREFIX_PATH=/root/ros2_ws/src/ros2_control_demos/install/ros2_control_demo_description:/opt/ros/jazzy/opt/gz_sim_vendor:/opt/ros/jazzy/opt/gz_sensors_vendor:/opt/ros/jazzy/opt/gz_physics_vendor:/opt/ros/jazzy/opt/sdformat_vendor:/opt/ros/jazzy/opt/gz_gui_vendor:/opt/ros/jazzy/opt/gz_transport_vendor:/opt/ros/jazzy/opt/gz_rendering_vendor:/opt/ros/jazzy/opt/gz_plugin_vendor:/opt/ros/jazzy/opt/gz_fuel_tools_vendor:/opt/ros/jazzy/opt/gz_msgs_vendor:/opt/ros/jazzy/opt/gz_common_vendor:/opt/ros/jazzy/opt/gz_math_vendor:/opt/ros/jazzy/opt/gz_utils_vendor:/opt/ros/jazzy/opt/gz_tools_vendor:/opt/ros/jazzy/opt/gz_ogre_next_vendor:/opt/ros/jazzy/opt/gz_dartsim_vendor:/opt/ros/jazzy/opt/gz_cmake_vendor:/opt/ros/jazzy /usr/bin/cmake --install /root/ros2_ws/src/ros2_control_demos/build/ros2_control_demo_example_7
[1.493s] Level 1:colcon.colcon_core.environment:create_environment_scripts_only(ros2_control_demo_example_7)
[1.493s] Level 1:colcon.colcon_core.environment:checking '/root/ros2_ws/src/ros2_control_demos/install/ros2_control_demo_example_7' for CMake module files
[1.494s] DEBUG:colcon.colcon_core.event_handler.log_command:Invoked command in '/root/ros2_ws/src/ros2_control_demos/build/ros2_control_demo_example_7' returned '0': AMENT_PREFIX_PATH=/root/ros2_ws/src/ros2_control_demos/install/ros2_control_demo_description:${AMENT_PREFIX_PATH} CMAKE_PREFIX_PATH=/root/ros2_ws/src/ros2_control_demos/install/ros2_control_demo_description:/opt/ros/jazzy/opt/gz_sim_vendor:/opt/ros/jazzy/opt/gz_sensors_vendor:/opt/ros/jazzy/opt/gz_physics_vendor:/opt/ros/jazzy/opt/sdformat_vendor:/opt/ros/jazzy/opt/gz_gui_vendor:/opt/ros/jazzy/opt/gz_transport_vendor:/opt/ros/jazzy/opt/gz_rendering_vendor:/opt/ros/jazzy/opt/gz_plugin_vendor:/opt/ros/jazzy/opt/gz_fuel_tools_vendor:/opt/ros/jazzy/opt/gz_msgs_vendor:/opt/ros/jazzy/opt/gz_common_vendor:/opt/ros/jazzy/opt/gz_math_vendor:/opt/ros/jazzy/opt/gz_utils_vendor:/opt/ros/jazzy/opt/gz_tools_vendor:/opt/ros/jazzy/opt/gz_ogre_next_vendor:/opt/ros/jazzy/opt/gz_dartsim_vendor:/opt/ros/jazzy/opt/gz_cmake_vendor:/opt/ros/jazzy /usr/bin/cmake --install /root/ros2_ws/src/ros2_control_demos/build/ros2_control_demo_example_7
[1.496s] Level 1:colcon.colcon_core.environment:checking '/root/ros2_ws/src/ros2_control_demos/install/ros2_control_demo_example_7' for CMake config files
[1.498s] Level 1:colcon.colcon_core.shell:create_environment_hook('ros2_control_demo_example_7', 'cmake_prefix_path')
[1.498s] INFO:colcon.colcon_core.shell:Creating environment hook '/root/ros2_ws/src/ros2_control_demos/install/ros2_control_demo_example_7/share/ros2_control_demo_example_7/hook/cmake_prefix_path.ps1'
[1.498s] INFO:colcon.colcon_core.shell:Creating environment descriptor '/root/ros2_ws/src/ros2_control_demos/install/ros2_control_demo_example_7/share/ros2_control_demo_example_7/hook/cmake_prefix_path.dsv'
[1.499s] INFO:colcon.colcon_core.shell:Creating environment hook '/root/ros2_ws/src/ros2_control_demos/install/ros2_control_demo_example_7/share/ros2_control_demo_example_7/hook/cmake_prefix_path.sh'
[1.500s] Level 1:colcon.colcon_core.environment:checking '/root/ros2_ws/src/ros2_control_demos/install/ros2_control_demo_example_7/lib'
[1.500s] Level 1:colcon.colcon_core.shell:create_environment_hook('ros2_control_demo_example_7', 'ld_library_path_lib')
[1.500s] INFO:colcon.colcon_core.shell:Creating environment hook '/root/ros2_ws/src/ros2_control_demos/install/ros2_control_demo_example_7/share/ros2_control_demo_example_7/hook/ld_library_path_lib.ps1'
[1.500s] INFO:colcon.colcon_core.shell:Creating environment descriptor '/root/ros2_ws/src/ros2_control_demos/install/ros2_control_demo_example_7/share/ros2_control_demo_example_7/hook/ld_library_path_lib.dsv'
[1.501s] INFO:colcon.colcon_core.shell:Creating environment hook '/root/ros2_ws/src/ros2_control_demos/install/ros2_control_demo_example_7/share/ros2_control_demo_example_7/hook/ld_library_path_lib.sh'
[1.501s] Level 1:colcon.colcon_core.environment:checking '/root/ros2_ws/src/ros2_control_demos/install/ros2_control_demo_example_7/bin'
[1.501s] Level 1:colcon.colcon_core.environment:checking '/root/ros2_ws/src/ros2_control_demos/install/ros2_control_demo_example_7/lib/pkgconfig/ros2_control_demo_example_7.pc'
[1.501s] Level 1:colcon.colcon_core.environment:checking '/root/ros2_ws/src/ros2_control_demos/install/ros2_control_demo_example_7/lib/python3.12/site-packages'
[1.502s] Level 1:colcon.colcon_core.environment:checking '/root/ros2_ws/src/ros2_control_demos/install/ros2_control_demo_example_7/bin'
[1.502s] INFO:colcon.colcon_core.shell:Creating package script '/root/ros2_ws/src/ros2_control_demos/install/ros2_control_demo_example_7/share/ros2_control_demo_example_7/package.ps1'
[1.502s] INFO:colcon.colcon_core.shell:Creating package descriptor '/root/ros2_ws/src/ros2_control_demos/install/ros2_control_demo_example_7/share/ros2_control_demo_example_7/package.dsv'
[1.503s] INFO:colcon.colcon_core.shell:Creating package script '/root/ros2_ws/src/ros2_control_demos/install/ros2_control_demo_example_7/share/ros2_control_demo_example_7/package.sh'
[1.503s] INFO:colcon.colcon_core.shell:Creating package script '/root/ros2_ws/src/ros2_control_demos/install/ros2_control_demo_example_7/share/ros2_control_demo_example_7/package.bash'
[1.503s] INFO:colcon.colcon_core.shell:Creating package script '/root/ros2_ws/src/ros2_control_demos/install/ros2_control_demo_example_7/share/ros2_control_demo_example_7/package.zsh'
[1.504s] Level 1:colcon.colcon_core.environment:create_file_with_runtime_dependencies(/root/ros2_ws/src/ros2_control_demos/install/ros2_control_demo_example_7/share/colcon-core/packages/ros2_control_demo_example_7)
[1.505s] Level 1:colcon.colcon_core.environment:create_environment_scripts_only(ros2_control_demo_example_7)
[1.505s] Level 1:colcon.colcon_core.environment:checking '/root/ros2_ws/src/ros2_control_demos/install/ros2_control_demo_example_7' for CMake module files
[1.506s] Level 1:colcon.colcon_core.environment:checking '/root/ros2_ws/src/ros2_control_demos/install/ros2_control_demo_example_7' for CMake config files
[1.508s] Level 1:colcon.colcon_core.shell:create_environment_hook('ros2_control_demo_example_7', 'cmake_prefix_path')
[1.508s] INFO:colcon.colcon_core.shell:Creating environment hook '/root/ros2_ws/src/ros2_control_demos/install/ros2_control_demo_example_7/share/ros2_control_demo_example_7/hook/cmake_prefix_path.ps1'
[1.508s] INFO:colcon.colcon_core.shell:Creating environment descriptor '/root/ros2_ws/src/ros2_control_demos/install/ros2_control_demo_example_7/share/ros2_control_demo_example_7/hook/cmake_prefix_path.dsv'
[1.508s] INFO:colcon.colcon_core.shell:Creating environment hook '/root/ros2_ws/src/ros2_control_demos/install/ros2_control_demo_example_7/share/ros2_control_demo_example_7/hook/cmake_prefix_path.sh'
[1.509s] Level 1:colcon.colcon_core.environment:checking '/root/ros2_ws/src/ros2_control_demos/install/ros2_control_demo_example_7/lib'
[1.509s] Level 1:colcon.colcon_core.shell:create_environment_hook('ros2_control_demo_example_7', 'ld_library_path_lib')
[1.509s] INFO:colcon.colcon_core.shell:Creating environment hook '/root/ros2_ws/src/ros2_control_demos/install/ros2_control_demo_example_7/share/ros2_control_demo_example_7/hook/ld_library_path_lib.ps1'
[1.510s] INFO:colcon.colcon_core.shell:Creating environment descriptor '/root/ros2_ws/src/ros2_control_demos/install/ros2_control_demo_example_7/share/ros2_control_demo_example_7/hook/ld_library_path_lib.dsv'
[1.511s] INFO:colcon.colcon_core.shell:Creating environment hook '/root/ros2_ws/src/ros2_control_demos/install/ros2_control_demo_example_7/share/ros2_control_demo_example_7/hook/ld_library_path_lib.sh'
[1.511s] Level 1:colcon.colcon_core.environment:checking '/root/ros2_ws/src/ros2_control_demos/install/ros2_control_demo_example_7/bin'
[1.511s] Level 1:colcon.colcon_core.environment:checking '/root/ros2_ws/src/ros2_control_demos/install/ros2_control_demo_example_7/lib/pkgconfig/ros2_control_demo_example_7.pc'
[1.512s] Level 1:colcon.colcon_core.environment:checking '/root/ros2_ws/src/ros2_control_demos/install/ros2_control_demo_example_7/lib/python3.12/site-packages'
[1.512s] Level 1:colcon.colcon_core.environment:checking '/root/ros2_ws/src/ros2_control_demos/install/ros2_control_demo_example_7/bin'
[1.512s] INFO:colcon.colcon_core.shell:Creating package script '/root/ros2_ws/src/ros2_control_demos/install/ros2_control_demo_example_7/share/ros2_control_demo_example_7/package.ps1'
[1.513s] INFO:colcon.colcon_core.shell:Creating package descriptor '/root/ros2_ws/src/ros2_control_demos/install/ros2_control_demo_example_7/share/ros2_control_demo_example_7/package.dsv'
[1.513s] INFO:colcon.colcon_core.shell:Creating package script '/root/ros2_ws/src/ros2_control_demos/install/ros2_control_demo_example_7/share/ros2_control_demo_example_7/package.sh'
[1.513s] INFO:colcon.colcon_core.shell:Creating package script '/root/ros2_ws/src/ros2_control_demos/install/ros2_control_demo_example_7/share/ros2_control_demo_example_7/package.bash'
[1.514s] INFO:colcon.colcon_core.shell:Creating package script '/root/ros2_ws/src/ros2_control_demos/install/ros2_control_demo_example_7/share/ros2_control_demo_example_7/package.zsh'
[1.514s] Level 1:colcon.colcon_core.environment:create_file_with_runtime_dependencies(/root/ros2_ws/src/ros2_control_demos/install/ros2_control_demo_example_7/share/colcon-core/packages/ros2_control_demo_example_7)
[1.515s] INFO:colcon.colcon_ros.task.ament_cmake.build:Building ROS package in '/root/ros2_ws/src/ros2_control_demos/ros2_control_demos' with build type 'ament_cmake'
[1.515s] INFO:colcon.colcon_cmake.task.cmake.build:Building CMake package in '/root/ros2_ws/src/ros2_control_demos/ros2_control_demos'
[1.515s] INFO:colcon.colcon_core.shell:Skip shell extension 'powershell' for command environment: Not usable outside of PowerShell
[1.515s] DEBUG:colcon.colcon_core.shell:Skip shell extension 'dsv' for command environment
[1.579s] DEBUG:colcon.colcon_core.event_handler.log_command:Invoking command in '/root/ros2_ws/src/ros2_control_demos/build/ros2_control_demos': AMENT_PREFIX_PATH=/root/ros2_ws/src/ros2_control_demos/install/ros2_control_demo_example_7:/root/ros2_ws/src/ros2_control_demos/install/ros2_control_demo_description:${AMENT_PREFIX_PATH} CMAKE_PREFIX_PATH=/root/ros2_ws/src/ros2_control_demos/install/ros2_control_demo_example_7:/root/ros2_ws/src/ros2_control_demos/install/ros2_control_demo_description:/opt/ros/jazzy/opt/gz_sim_vendor:/opt/ros/jazzy/opt/gz_sensors_vendor:/opt/ros/jazzy/opt/gz_physics_vendor:/opt/ros/jazzy/opt/sdformat_vendor:/opt/ros/jazzy/opt/gz_gui_vendor:/opt/ros/jazzy/opt/gz_transport_vendor:/opt/ros/jazzy/opt/gz_rendering_vendor:/opt/ros/jazzy/opt/gz_plugin_vendor:/opt/ros/jazzy/opt/gz_fuel_tools_vendor:/opt/ros/jazzy/opt/gz_msgs_vendor:/opt/ros/jazzy/opt/gz_common_vendor:/opt/ros/jazzy/opt/gz_math_vendor:/opt/ros/jazzy/opt/gz_utils_vendor:/opt/ros/jazzy/opt/gz_tools_vendor:/opt/ros/jazzy/opt/gz_ogre_next_vendor:/opt/ros/jazzy/opt/gz_dartsim_vendor:/opt/ros/jazzy/opt/gz_cmake_vendor:/opt/ros/jazzy LD_LIBRARY_PATH=/root/ros2_ws/src/ros2_control_demos/install/ros2_control_demo_example_7/lib:${LD_LIBRARY_PATH} /usr/bin/cmake --build /root/ros2_ws/src/ros2_control_demos/build/ros2_control_demos -- -j10 -l10
[1.804s] DEBUG:colcon.colcon_core.event_handler.log_command:Invoked command in '/root/ros2_ws/src/ros2_control_demos/build/ros2_control_demos' returned '0': AMENT_PREFIX_PATH=/root/ros2_ws/src/ros2_control_demos/install/ros2_control_demo_example_7:/root/ros2_ws/src/ros2_control_demos/install/ros2_control_demo_description:${AMENT_PREFIX_PATH} CMAKE_PREFIX_PATH=/root/ros2_ws/src/ros2_control_demos/install/ros2_control_demo_example_7:/root/ros2_ws/src/ros2_control_demos/install/ros2_control_demo_description:/opt/ros/jazzy/opt/gz_sim_vendor:/opt/ros/jazzy/opt/gz_sensors_vendor:/opt/ros/jazzy/opt/gz_physics_vendor:/opt/ros/jazzy/opt/sdformat_vendor:/opt/ros/jazzy/opt/gz_gui_vendor:/opt/ros/jazzy/opt/gz_transport_vendor:/opt/ros/jazzy/opt/gz_rendering_vendor:/opt/ros/jazzy/opt/gz_plugin_vendor:/opt/ros/jazzy/opt/gz_fuel_tools_vendor:/opt/ros/jazzy/opt/gz_msgs_vendor:/opt/ros/jazzy/opt/gz_common_vendor:/opt/ros/jazzy/opt/gz_math_vendor:/opt/ros/jazzy/opt/gz_utils_vendor:/opt/ros/jazzy/opt/gz_tools_vendor:/opt/ros/jazzy/opt/gz_ogre_next_vendor:/opt/ros/jazzy/opt/gz_dartsim_vendor:/opt/ros/jazzy/opt/gz_cmake_vendor:/opt/ros/jazzy LD_LIBRARY_PATH=/root/ros2_ws/src/ros2_control_demos/install/ros2_control_demo_example_7/lib:${LD_LIBRARY_PATH} /usr/bin/cmake --build /root/ros2_ws/src/ros2_control_demos/build/ros2_control_demos -- -j10 -l10
[1.810s] DEBUG:colcon.colcon_core.event_handler.log_command:Invoking command in '/root/ros2_ws/src/ros2_control_demos/build/ros2_control_demos': AMENT_PREFIX_PATH=/root/ros2_ws/src/ros2_control_demos/install/ros2_control_demo_example_7:/root/ros2_ws/src/ros2_control_demos/install/ros2_control_demo_description:${AMENT_PREFIX_PATH} CMAKE_PREFIX_PATH=/root/ros2_ws/src/ros2_control_demos/install/ros2_control_demo_example_7:/root/ros2_ws/src/ros2_control_demos/install/ros2_control_demo_description:/opt/ros/jazzy/opt/gz_sim_vendor:/opt/ros/jazzy/opt/gz_sensors_vendor:/opt/ros/jazzy/opt/gz_physics_vendor:/opt/ros/jazzy/opt/sdformat_vendor:/opt/ros/jazzy/opt/gz_gui_vendor:/opt/ros/jazzy/opt/gz_transport_vendor:/opt/ros/jazzy/opt/gz_rendering_vendor:/opt/ros/jazzy/opt/gz_plugin_vendor:/opt/ros/jazzy/opt/gz_fuel_tools_vendor:/opt/ros/jazzy/opt/gz_msgs_vendor:/opt/ros/jazzy/opt/gz_common_vendor:/opt/ros/jazzy/opt/gz_math_vendor:/opt/ros/jazzy/opt/gz_utils_vendor:/opt/ros/jazzy/opt/gz_tools_vendor:/opt/ros/jazzy/opt/gz_ogre_next_vendor:/opt/ros/jazzy/opt/gz_dartsim_vendor:/opt/ros/jazzy/opt/gz_cmake_vendor:/opt/ros/jazzy LD_LIBRARY_PATH=/root/ros2_ws/src/ros2_control_demos/install/ros2_control_demo_example_7/lib:${LD_LIBRARY_PATH} /usr/bin/cmake --install /root/ros2_ws/src/ros2_control_demos/build/ros2_control_demos
[1.915s] Level 1:colcon.colcon_core.environment:create_environment_scripts_only(ros2_control_demos)
[1.915s] Level 1:colcon.colcon_core.environment:checking '/root/ros2_ws/src/ros2_control_demos/install/ros2_control_demos' for CMake module files
[1.915s] DEBUG:colcon.colcon_core.event_handler.log_command:Invoked command in '/root/ros2_ws/src/ros2_control_demos/build/ros2_control_demos' returned '0': AMENT_PREFIX_PATH=/root/ros2_ws/src/ros2_control_demos/install/ros2_control_demo_example_7:/root/ros2_ws/src/ros2_control_demos/install/ros2_control_demo_description:${AMENT_PREFIX_PATH} CMAKE_PREFIX_PATH=/root/ros2_ws/src/ros2_control_demos/install/ros2_control_demo_example_7:/root/ros2_ws/src/ros2_control_demos/install/ros2_control_demo_description:/opt/ros/jazzy/opt/gz_sim_vendor:/opt/ros/jazzy/opt/gz_sensors_vendor:/opt/ros/jazzy/opt/gz_physics_vendor:/opt/ros/jazzy/opt/sdformat_vendor:/opt/ros/jazzy/opt/gz_gui_vendor:/opt/ros/jazzy/opt/gz_transport_vendor:/opt/ros/jazzy/opt/gz_rendering_vendor:/opt/ros/jazzy/opt/gz_plugin_vendor:/opt/ros/jazzy/opt/gz_fuel_tools_vendor:/opt/ros/jazzy/opt/gz_msgs_vendor:/opt/ros/jazzy/opt/gz_common_vendor:/opt/ros/jazzy/opt/gz_math_vendor:/opt/ros/jazzy/opt/gz_utils_vendor:/opt/ros/jazzy/opt/gz_tools_vendor:/opt/ros/jazzy/opt/gz_ogre_next_vendor:/opt/ros/jazzy/opt/gz_dartsim_vendor:/opt/ros/jazzy/opt/gz_cmake_vendor:/opt/ros/jazzy LD_LIBRARY_PATH=/root/ros2_ws/src/ros2_control_demos/install/ros2_control_demo_example_7/lib:${LD_LIBRARY_PATH} /usr/bin/cmake --install /root/ros2_ws/src/ros2_control_demos/build/ros2_control_demos
[1.917s] Level 1:colcon.colcon_core.environment:checking '/root/ros2_ws/src/ros2_control_demos/install/ros2_control_demos' for CMake config files
[1.919s] Level 1:colcon.colcon_core.shell:create_environment_hook('ros2_control_demos', 'cmake_prefix_path')
[1.919s] INFO:colcon.colcon_core.shell:Creating environment hook '/root/ros2_ws/src/ros2_control_demos/install/ros2_control_demos/share/ros2_control_demos/hook/cmake_prefix_path.ps1'
[1.920s] INFO:colcon.colcon_core.shell:Creating environment descriptor '/root/ros2_ws/src/ros2_control_demos/install/ros2_control_demos/share/ros2_control_demos/hook/cmake_prefix_path.dsv'
[1.920s] INFO:colcon.colcon_core.shell:Creating environment hook '/root/ros2_ws/src/ros2_control_demos/install/ros2_control_demos/share/ros2_control_demos/hook/cmake_prefix_path.sh'
[1.921s] Level 1:colcon.colcon_core.environment:checking '/root/ros2_ws/src/ros2_control_demos/install/ros2_control_demos/bin'
[1.921s] Level 1:colcon.colcon_core.environment:checking '/root/ros2_ws/src/ros2_control_demos/install/ros2_control_demos/lib/pkgconfig/ros2_control_demos.pc'
[1.921s] Level 1:colcon.colcon_core.environment:checking '/root/ros2_ws/src/ros2_control_demos/install/ros2_control_demos/lib/python3.12/site-packages'
[1.922s] Level 1:colcon.colcon_core.environment:checking '/root/ros2_ws/src/ros2_control_demos/install/ros2_control_demos/bin'
[1.922s] INFO:colcon.colcon_core.shell:Creating package script '/root/ros2_ws/src/ros2_control_demos/install/ros2_control_demos/share/ros2_control_demos/package.ps1'
[1.922s] INFO:colcon.colcon_core.shell:Creating package descriptor '/root/ros2_ws/src/ros2_control_demos/install/ros2_control_demos/share/ros2_control_demos/package.dsv'
[1.923s] INFO:colcon.colcon_core.shell:Creating package script '/root/ros2_ws/src/ros2_control_demos/install/ros2_control_demos/share/ros2_control_demos/package.sh'
[1.923s] INFO:colcon.colcon_core.shell:Creating package script '/root/ros2_ws/src/ros2_control_demos/install/ros2_control_demos/share/ros2_control_demos/package.bash'
[1.923s] INFO:colcon.colcon_core.shell:Creating package script '/root/ros2_ws/src/ros2_control_demos/install/ros2_control_demos/share/ros2_control_demos/package.zsh'
[1.924s] Level 1:colcon.colcon_core.environment:create_file_with_runtime_dependencies(/root/ros2_ws/src/ros2_control_demos/install/ros2_control_demos/share/colcon-core/packages/ros2_control_demos)
[1.924s] Level 1:colcon.colcon_core.environment:create_environment_scripts_only(ros2_control_demos)
[1.924s] Level 1:colcon.colcon_core.environment:checking '/root/ros2_ws/src/ros2_control_demos/install/ros2_control_demos' for CMake module files
[1.926s] Level 1:colcon.colcon_core.environment:checking '/root/ros2_ws/src/ros2_control_demos/install/ros2_control_demos' for CMake config files
[1.927s] Level 1:colcon.colcon_core.shell:create_environment_hook('ros2_control_demos', 'cmake_prefix_path')
[1.927s] INFO:colcon.colcon_core.shell:Creating environment hook '/root/ros2_ws/src/ros2_control_demos/install/ros2_control_demos/share/ros2_control_demos/hook/cmake_prefix_path.ps1'
[1.927s] INFO:colcon.colcon_core.shell:Creating environment descriptor '/root/ros2_ws/src/ros2_control_demos/install/ros2_control_demos/share/ros2_control_demos/hook/cmake_prefix_path.dsv'
[1.928s] INFO:colcon.colcon_core.shell:Creating environment hook '/root/ros2_ws/src/ros2_control_demos/install/ros2_control_demos/share/ros2_control_demos/hook/cmake_prefix_path.sh'
[1.928s] Level 1:colcon.colcon_core.environment:checking '/root/ros2_ws/src/ros2_control_demos/install/ros2_control_demos/bin'
[1.928s] Level 1:colcon.colcon_core.environment:checking '/root/ros2_ws/src/ros2_control_demos/install/ros2_control_demos/lib/pkgconfig/ros2_control_demos.pc'
[1.929s] Level 1:colcon.colcon_core.environment:checking '/root/ros2_ws/src/ros2_control_demos/install/ros2_control_demos/lib/python3.12/site-packages'
[1.929s] Level 1:colcon.colcon_core.environment:checking '/root/ros2_ws/src/ros2_control_demos/install/ros2_control_demos/bin'
[1.929s] INFO:colcon.colcon_core.shell:Creating package script '/root/ros2_ws/src/ros2_control_demos/install/ros2_control_demos/share/ros2_control_demos/package.ps1'
[1.929s] INFO:colcon.colcon_core.shell:Creating package descriptor '/root/ros2_ws/src/ros2_control_demos/install/ros2_control_demos/share/ros2_control_demos/package.dsv'
[1.930s] INFO:colcon.colcon_core.shell:Creating package script '/root/ros2_ws/src/ros2_control_demos/install/ros2_control_demos/share/ros2_control_demos/package.sh'
[1.930s] INFO:colcon.colcon_core.shell:Creating package script '/root/ros2_ws/src/ros2_control_demos/install/ros2_control_demos/share/ros2_control_demos/package.bash'
[1.931s] INFO:colcon.colcon_core.shell:Creating package script '/root/ros2_ws/src/ros2_control_demos/install/ros2_control_demos/share/ros2_control_demos/package.zsh'
[1.931s] Level 1:colcon.colcon_core.environment:create_file_with_runtime_dependencies(/root/ros2_ws/src/ros2_control_demos/install/ros2_control_demos/share/colcon-core/packages/ros2_control_demos)
[1.931s] DEBUG:colcon.colcon_parallel_executor.executor.parallel:closing loop
[1.932s] DEBUG:colcon.colcon_parallel_executor.executor.parallel:loop closed
[1.932s] DEBUG:colcon.colcon_parallel_executor.executor.parallel:run_until_complete finished with '0'
[1.932s] DEBUG:colcon.colcon_core.event_reactor:joining thread
[1.937s] INFO:colcon.colcon_core.plugin_system:Skipping extension 'colcon_notification.desktop_notification.notify_send': Could not find 'notify-send'
[1.937s] INFO:colcon.colcon_core.plugin_system:Skipping extension 'colcon_notification.desktop_notification.terminal_notifier': Not used on non-Darwin systems
[1.937s] INFO:colcon.colcon_core.plugin_system:Skipping extension 'colcon_notification.desktop_notification.win32': Not used on non-Windows systems
[1.937s] INFO:colcon.colcon_notification.desktop_notification:Sending desktop notification using 'notify2'
[1.941s] DEBUG:colcon.colcon_notification.desktop_notification.notify2:Failed to initialize notify2: org.freedesktop.DBus.Error.Spawn.ExecFailed: /usr/bin/dbus-launch terminated abnormally without any error message
[1.941s] DEBUG:colcon.colcon_core.event_reactor:joined thread
[1.942s] INFO:colcon.colcon_core.shell:Creating prefix script '/root/ros2_ws/src/ros2_control_demos/install/local_setup.ps1'
[1.943s] INFO:colcon.colcon_core.shell:Creating prefix util module '/root/ros2_ws/src/ros2_control_demos/install/_local_setup_util_ps1.py'
[1.944s] INFO:colcon.colcon_core.shell:Creating prefix chain script '/root/ros2_ws/src/ros2_control_demos/install/setup.ps1'
[1.945s] INFO:colcon.colcon_core.shell:Creating prefix script '/root/ros2_ws/src/ros2_control_demos/install/local_setup.sh'
[1.945s] INFO:colcon.colcon_core.shell:Creating prefix util module '/root/ros2_ws/src/ros2_control_demos/install/_local_setup_util_sh.py'
[1.946s] INFO:colcon.colcon_core.shell:Creating prefix chain script '/root/ros2_ws/src/ros2_control_demos/install/setup.sh'
[1.947s] INFO:colcon.colcon_core.shell:Creating prefix script '/root/ros2_ws/src/ros2_control_demos/install/local_setup.bash'
[1.947s] INFO:colcon.colcon_core.shell:Creating prefix chain script '/root/ros2_ws/src/ros2_control_demos/install/setup.bash'
[1.948s] INFO:colcon.colcon_core.shell:Creating prefix script '/root/ros2_ws/src/ros2_control_demos/install/local_setup.zsh'
[1.948s] INFO:colcon.colcon_core.shell:Creating prefix chain script '/root/ros2_ws/src/ros2_control_demos/install/setup.zsh'
