[0.102s] DEBUG:colcon:Command line arguments: ['/usr/bin/colcon', 'build', '--symlink-install']
[0.103s] DEBUG:colcon:Parsed command line arguments: Namespace(log_base=None, log_level=None, verb_name='build', build_base='build', install_base='install', merge_install=False, symlink_install=True, test_result_base=None, continue_on_error=False, executor='parallel', parallel_workers=10, event_handlers=None, ignore_user_meta=False, metas=['./colcon.meta'], base_paths=['.'], packages_ignore=None, packages_ignore_regex=None, paths=None, packages_up_to=None, packages_up_to_regex=None, packages_above=None, packages_above_and_dependencies=None, packages_above_depth=None, packages_select_by_dep=None, packages_skip_by_dep=None, packages_skip_up_to=None, packages_select_build_failed=False, packages_skip_build_finished=False, packages_select_test_failures=False, packages_skip_test_passed=False, packages_select=None, packages_skip=None, packages_select_regex=None, packages_skip_regex=None, packages_start=None, packages_end=None, cmake_args=None, cmake_target=None, cmake_target_skip_unavailable=False, cmake_clean_cache=False, cmake_clean_first=False, cmake_force_configure=False, ament_cmake_args=None, catkin_cmake_args=None, catkin_skip_building_tests=False, mixin_files=None, mixin=None, verb_parser=<colcon_mixin.mixin.mixin_argument.MixinArgumentDecorator object at 0x7ffffe1cefc0>, verb_extension=<colcon_core.verb.build.BuildVerb object at 0x7ffffe32f0e0>, main=<bound method BuildVerb.main of <colcon_core.verb.build.BuildVerb object at 0x7ffffe32f0e0>>, mixin_verb=('build',))
[0.135s] Level 1:colcon.colcon_core.package_discovery:discover_packages(colcon_meta) check parameters
[0.135s] INFO:colcon.colcon_metadata.package_discovery.colcon_meta:Using configuration from '/root/.colcon/metadata/default/Gazebo.meta'
[0.136s] INFO:colcon.colcon_metadata.package_discovery.colcon_meta:Using configuration from '/root/.colcon/metadata/default/fastdds.meta'
[0.136s] INFO:colcon.colcon_metadata.package_discovery.colcon_meta:Using configuration from '/root/.colcon/metadata/default/fastrtps.meta'
[0.136s] Level 1:colcon.colcon_core.package_discovery:discover_packages(recursive) check parameters
[0.136s] Level 1:colcon.colcon_core.package_discovery:discover_packages(ignore) check parameters
[0.136s] Level 1:colcon.colcon_core.package_discovery:discover_packages(path) check parameters
[0.136s] Level 1:colcon.colcon_core.package_discovery:discover_packages(colcon_meta) discover
[0.136s] Level 1:colcon.colcon_core.package_discovery:discover_packages(recursive) discover
[0.136s] INFO:colcon.colcon_core.package_discovery:Crawling recursively for packages in '/root/ros2_ws/src/basic_arm'
[0.137s] Level 1:colcon.colcon_core.package_identification:_identify(.) by extensions ['ignore', 'ignore_ament_install']
[0.137s] Level 1:colcon.colcon_core.package_identification:_identify(.) by extension 'ignore'
[0.137s] Level 1:colcon.colcon_core.package_identification:_identify(.) by extension 'ignore_ament_install'
[0.137s] Level 1:colcon.colcon_core.package_identification:_identify(.) by extensions ['colcon_pkg']
[0.138s] Level 1:colcon.colcon_core.package_identification:_identify(.) by extension 'colcon_pkg'
[0.138s] Level 1:colcon.colcon_core.package_identification:_identify(.) by extensions ['colcon_meta']
[0.138s] Level 1:colcon.colcon_core.package_identification:_identify(.) by extension 'colcon_meta'
[0.138s] Level 1:colcon.colcon_core.package_identification:_identify(.) by extensions ['ros']
[0.138s] Level 1:colcon.colcon_core.package_identification:_identify(.) by extension 'ros'
[0.167s] DEBUG:colcon.colcon_core.package_identification:Package '.' with type 'ros.ament_cmake' and name 'basic_arm'
[0.167s] Level 1:colcon.colcon_core.package_discovery:discover_packages(recursive) using defaults
[0.167s] Level 1:colcon.colcon_core.package_discovery:discover_packages(ignore) discover
[0.167s] Level 1:colcon.colcon_core.package_discovery:discover_packages(ignore) using defaults
[0.167s] Level 1:colcon.colcon_core.package_discovery:discover_packages(path) discover
[0.167s] Level 1:colcon.colcon_core.package_discovery:discover_packages(path) using defaults
[0.182s] Level 5:colcon.colcon_core.verb:set package 'basic_arm' build argument 'cmake_args' from command line to 'None'
[0.182s] Level 5:colcon.colcon_core.verb:set package 'basic_arm' build argument 'cmake_target' from command line to 'None'
[0.182s] Level 5:colcon.colcon_core.verb:set package 'basic_arm' build argument 'cmake_target_skip_unavailable' from command line to 'False'
[0.182s] Level 5:colcon.colcon_core.verb:set package 'basic_arm' build argument 'cmake_clean_cache' from command line to 'False'
[0.182s] Level 5:colcon.colcon_core.verb:set package 'basic_arm' build argument 'cmake_clean_first' from command line to 'False'
[0.182s] Level 5:colcon.colcon_core.verb:set package 'basic_arm' build argument 'cmake_force_configure' from command line to 'False'
[0.182s] Level 5:colcon.colcon_core.verb:set package 'basic_arm' build argument 'ament_cmake_args' from command line to 'None'
[0.182s] Level 5:colcon.colcon_core.verb:set package 'basic_arm' build argument 'catkin_cmake_args' from command line to 'None'
[0.182s] Level 5:colcon.colcon_core.verb:set package 'basic_arm' build argument 'catkin_skip_building_tests' from command line to 'False'
[0.182s] DEBUG:colcon.colcon_core.verb:Building package 'basic_arm' with the following arguments: {'ament_cmake_args': None, 'build_base': '/root/ros2_ws/src/basic_arm/build/basic_arm', 'catkin_cmake_args': None, 'catkin_skip_building_tests': False, 'cmake_args': None, 'cmake_clean_cache': False, 'cmake_clean_first': False, 'cmake_force_configure': False, 'cmake_target': None, 'cmake_target_skip_unavailable': False, 'install_base': '/root/ros2_ws/src/basic_arm/install/basic_arm', 'merge_install': False, 'path': '/root/ros2_ws/src/basic_arm', 'symlink_install': True, 'test_result_base': None}
[0.183s] INFO:colcon.colcon_core.executor:Executing jobs using 'parallel' executor
[0.185s] DEBUG:colcon.colcon_parallel_executor.executor.parallel:run_until_complete
[0.186s] INFO:colcon.colcon_ros.task.ament_cmake.build:Building ROS package in '/root/ros2_ws/src/basic_arm' with build type 'ament_cmake'
[0.186s] INFO:colcon.colcon_cmake.task.cmake.build:Building CMake package in '/root/ros2_ws/src/basic_arm'
[0.188s] INFO:colcon.colcon_core.plugin_system:Skipping extension 'colcon_core.shell.bat': Not used on non-Windows systems
[0.189s] INFO:colcon.colcon_core.shell:Skip shell extension 'powershell' for command environment: Not usable outside of PowerShell
[0.189s] DEBUG:colcon.colcon_core.shell:Skip shell extension 'dsv' for command environment
[0.190s] WARNING:colcon.colcon_ros.prefix_path.ament:The path '/root/ros2_ws/src/basic_arm/install/basic_arm' in the environment variable AMENT_PREFIX_PATH doesn't exist
[0.190s] WARNING:colcon.colcon_ros.prefix_path.ament:The path '/root/ros2_ws/src/basic_arm/install/ros2_control_demo_example_7' in the environment variable AMENT_PREFIX_PATH doesn't exist
[0.190s] WARNING:colcon.colcon_ros.prefix_path.catkin:The path '/root/ros2_ws/src/basic_arm/install/basic_arm' in the environment variable CMAKE_PREFIX_PATH doesn't exist
[0.190s] WARNING:colcon.colcon_ros.prefix_path.catkin:The path '/root/ros2_ws/src/basic_arm/install/ros2_control_demo_example_7' in the environment variable CMAKE_PREFIX_PATH doesn't exist
[0.239s] DEBUG:colcon.colcon_core.event_handler.log_command:Invoking command in '/root/ros2_ws/src/basic_arm/build/basic_arm': CMAKE_PREFIX_PATH=${CMAKE_PREFIX_PATH}:/opt/ros/jazzy /usr/bin/cmake /root/ros2_ws/src/basic_arm -DAMENT_CMAKE_SYMLINK_INSTALL=1 -DCMAKE_INSTALL_PREFIX=/root/ros2_ws/src/basic_arm/install/basic_arm
[4.074s] DEBUG:colcon.colcon_core.event_handler.log_command:Invoked command in '/root/ros2_ws/src/basic_arm/build/basic_arm' returned '0': CMAKE_PREFIX_PATH=${CMAKE_PREFIX_PATH}:/opt/ros/jazzy /usr/bin/cmake /root/ros2_ws/src/basic_arm -DAMENT_CMAKE_SYMLINK_INSTALL=1 -DCMAKE_INSTALL_PREFIX=/root/ros2_ws/src/basic_arm/install/basic_arm
[4.077s] DEBUG:colcon.colcon_core.event_handler.log_command:Invoking command in '/root/ros2_ws/src/basic_arm/build/basic_arm': CMAKE_PREFIX_PATH=${CMAKE_PREFIX_PATH}:/opt/ros/jazzy /usr/bin/cmake --build /root/ros2_ws/src/basic_arm/build/basic_arm -- -j10 -l10
[12.237s] DEBUG:colcon.colcon_core.event_handler.log_command:Invoked command in '/root/ros2_ws/src/basic_arm/build/basic_arm' returned '0': CMAKE_PREFIX_PATH=${CMAKE_PREFIX_PATH}:/opt/ros/jazzy /usr/bin/cmake --build /root/ros2_ws/src/basic_arm/build/basic_arm -- -j10 -l10
[12.290s] DEBUG:colcon.colcon_core.event_handler.log_command:Invoking command in '/root/ros2_ws/src/basic_arm/build/basic_arm': CMAKE_PREFIX_PATH=${CMAKE_PREFIX_PATH}:/opt/ros/jazzy /usr/bin/cmake --install /root/ros2_ws/src/basic_arm/build/basic_arm
[13.579s] Level 1:colcon.colcon_core.environment:create_environment_scripts_only(basic_arm)
[13.582s] Level 1:colcon.colcon_core.environment:checking '/root/ros2_ws/src/basic_arm/install/basic_arm' for CMake module files
[13.583s] DEBUG:colcon.colcon_core.event_handler.log_command:Invoked command in '/root/ros2_ws/src/basic_arm/build/basic_arm' returned '0': CMAKE_PREFIX_PATH=${CMAKE_PREFIX_PATH}:/opt/ros/jazzy /usr/bin/cmake --install /root/ros2_ws/src/basic_arm/build/basic_arm
[13.586s] Level 1:colcon.colcon_core.environment:checking '/root/ros2_ws/src/basic_arm/install/basic_arm' for CMake config files
[13.588s] Level 1:colcon.colcon_core.shell:create_environment_hook('basic_arm', 'cmake_prefix_path')
[13.588s] INFO:colcon.colcon_core.shell:Creating environment hook '/root/ros2_ws/src/basic_arm/install/basic_arm/share/basic_arm/hook/cmake_prefix_path.ps1'
[13.590s] INFO:colcon.colcon_core.shell:Creating environment descriptor '/root/ros2_ws/src/basic_arm/install/basic_arm/share/basic_arm/hook/cmake_prefix_path.dsv'
[13.590s] INFO:colcon.colcon_core.shell:Creating environment hook '/root/ros2_ws/src/basic_arm/install/basic_arm/share/basic_arm/hook/cmake_prefix_path.sh'
[13.592s] Level 1:colcon.colcon_core.environment:checking '/root/ros2_ws/src/basic_arm/install/basic_arm/lib'
[13.592s] Level 1:colcon.colcon_core.shell:create_environment_hook('basic_arm', 'ld_library_path_lib')
[13.592s] INFO:colcon.colcon_core.shell:Creating environment hook '/root/ros2_ws/src/basic_arm/install/basic_arm/share/basic_arm/hook/ld_library_path_lib.ps1'
[13.592s] INFO:colcon.colcon_core.shell:Creating environment descriptor '/root/ros2_ws/src/basic_arm/install/basic_arm/share/basic_arm/hook/ld_library_path_lib.dsv'
[13.593s] INFO:colcon.colcon_core.shell:Creating environment hook '/root/ros2_ws/src/basic_arm/install/basic_arm/share/basic_arm/hook/ld_library_path_lib.sh'
[13.593s] Level 1:colcon.colcon_core.environment:checking '/root/ros2_ws/src/basic_arm/install/basic_arm/bin'
[13.594s] Level 1:colcon.colcon_core.environment:checking '/root/ros2_ws/src/basic_arm/install/basic_arm/lib/pkgconfig/basic_arm.pc'
[13.596s] Level 1:colcon.colcon_core.environment:checking '/root/ros2_ws/src/basic_arm/install/basic_arm/lib/python3.12/site-packages'
[13.596s] Level 1:colcon.colcon_core.environment:checking '/root/ros2_ws/src/basic_arm/install/basic_arm/bin'
[13.596s] INFO:colcon.colcon_core.shell:Creating package script '/root/ros2_ws/src/basic_arm/install/basic_arm/share/basic_arm/package.ps1'
[13.597s] INFO:colcon.colcon_core.shell:Creating package descriptor '/root/ros2_ws/src/basic_arm/install/basic_arm/share/basic_arm/package.dsv'
[13.598s] INFO:colcon.colcon_core.shell:Creating package script '/root/ros2_ws/src/basic_arm/install/basic_arm/share/basic_arm/package.sh'
[13.599s] INFO:colcon.colcon_core.shell:Creating package script '/root/ros2_ws/src/basic_arm/install/basic_arm/share/basic_arm/package.bash'
[13.600s] INFO:colcon.colcon_core.shell:Creating package script '/root/ros2_ws/src/basic_arm/install/basic_arm/share/basic_arm/package.zsh'
[13.600s] Level 1:colcon.colcon_core.environment:create_file_with_runtime_dependencies(/root/ros2_ws/src/basic_arm/install/basic_arm/share/colcon-core/packages/basic_arm)
[13.602s] Level 1:colcon.colcon_core.environment:create_environment_scripts_only(basic_arm)
[13.602s] Level 1:colcon.colcon_core.environment:checking '/root/ros2_ws/src/basic_arm/install/basic_arm' for CMake module files
[13.604s] Level 1:colcon.colcon_core.environment:checking '/root/ros2_ws/src/basic_arm/install/basic_arm' for CMake config files
[13.605s] Level 1:colcon.colcon_core.shell:create_environment_hook('basic_arm', 'cmake_prefix_path')
[13.605s] INFO:colcon.colcon_core.shell:Creating environment hook '/root/ros2_ws/src/basic_arm/install/basic_arm/share/basic_arm/hook/cmake_prefix_path.ps1'
[13.605s] INFO:colcon.colcon_core.shell:Creating environment descriptor '/root/ros2_ws/src/basic_arm/install/basic_arm/share/basic_arm/hook/cmake_prefix_path.dsv'
[13.606s] INFO:colcon.colcon_core.shell:Creating environment hook '/root/ros2_ws/src/basic_arm/install/basic_arm/share/basic_arm/hook/cmake_prefix_path.sh'
[13.607s] Level 1:colcon.colcon_core.environment:checking '/root/ros2_ws/src/basic_arm/install/basic_arm/lib'
[13.607s] Level 1:colcon.colcon_core.shell:create_environment_hook('basic_arm', 'ld_library_path_lib')
[13.607s] INFO:colcon.colcon_core.shell:Creating environment hook '/root/ros2_ws/src/basic_arm/install/basic_arm/share/basic_arm/hook/ld_library_path_lib.ps1'
[13.607s] INFO:colcon.colcon_core.shell:Creating environment descriptor '/root/ros2_ws/src/basic_arm/install/basic_arm/share/basic_arm/hook/ld_library_path_lib.dsv'
[13.607s] INFO:colcon.colcon_core.shell:Creating environment hook '/root/ros2_ws/src/basic_arm/install/basic_arm/share/basic_arm/hook/ld_library_path_lib.sh'
[13.608s] Level 1:colcon.colcon_core.environment:checking '/root/ros2_ws/src/basic_arm/install/basic_arm/bin'
[13.608s] Level 1:colcon.colcon_core.environment:checking '/root/ros2_ws/src/basic_arm/install/basic_arm/lib/pkgconfig/basic_arm.pc'
[13.608s] Level 1:colcon.colcon_core.environment:checking '/root/ros2_ws/src/basic_arm/install/basic_arm/lib/python3.12/site-packages'
[13.608s] Level 1:colcon.colcon_core.environment:checking '/root/ros2_ws/src/basic_arm/install/basic_arm/bin'
[13.609s] INFO:colcon.colcon_core.shell:Creating package script '/root/ros2_ws/src/basic_arm/install/basic_arm/share/basic_arm/package.ps1'
[13.609s] INFO:colcon.colcon_core.shell:Creating package descriptor '/root/ros2_ws/src/basic_arm/install/basic_arm/share/basic_arm/package.dsv'
[13.610s] INFO:colcon.colcon_core.shell:Creating package script '/root/ros2_ws/src/basic_arm/install/basic_arm/share/basic_arm/package.sh'
[13.610s] INFO:colcon.colcon_core.shell:Creating package script '/root/ros2_ws/src/basic_arm/install/basic_arm/share/basic_arm/package.bash'
[13.610s] INFO:colcon.colcon_core.shell:Creating package script '/root/ros2_ws/src/basic_arm/install/basic_arm/share/basic_arm/package.zsh'
[13.611s] Level 1:colcon.colcon_core.environment:create_file_with_runtime_dependencies(/root/ros2_ws/src/basic_arm/install/basic_arm/share/colcon-core/packages/basic_arm)
[13.612s] DEBUG:colcon.colcon_parallel_executor.executor.parallel:closing loop
[13.612s] DEBUG:colcon.colcon_parallel_executor.executor.parallel:loop closed
[13.612s] DEBUG:colcon.colcon_parallel_executor.executor.parallel:run_until_complete finished with '0'
[13.612s] DEBUG:colcon.colcon_core.event_reactor:joining thread
[13.619s] INFO:colcon.colcon_core.plugin_system:Skipping extension 'colcon_notification.desktop_notification.notify_send': Could not find 'notify-send'
[13.620s] INFO:colcon.colcon_core.plugin_system:Skipping extension 'colcon_notification.desktop_notification.terminal_notifier': Not used on non-Darwin systems
[13.620s] INFO:colcon.colcon_core.plugin_system:Skipping extension 'colcon_notification.desktop_notification.win32': Not used on non-Windows systems
[13.620s] INFO:colcon.colcon_notification.desktop_notification:Sending desktop notification using 'notify2'
[13.624s] DEBUG:colcon.colcon_notification.desktop_notification.notify2:Failed to initialize notify2: org.freedesktop.DBus.Error.Spawn.ExecFailed: /usr/bin/dbus-launch terminated abnormally without any error message
[13.624s] DEBUG:colcon.colcon_core.event_reactor:joined thread
[13.624s] INFO:colcon.colcon_core.shell:Creating prefix script '/root/ros2_ws/src/basic_arm/install/local_setup.ps1'
[13.626s] INFO:colcon.colcon_core.shell:Creating prefix util module '/root/ros2_ws/src/basic_arm/install/_local_setup_util_ps1.py'
[13.627s] INFO:colcon.colcon_core.shell:Creating prefix chain script '/root/ros2_ws/src/basic_arm/install/setup.ps1'
[13.628s] INFO:colcon.colcon_core.shell:Creating prefix script '/root/ros2_ws/src/basic_arm/install/local_setup.sh'
[13.629s] INFO:colcon.colcon_core.shell:Creating prefix util module '/root/ros2_ws/src/basic_arm/install/_local_setup_util_sh.py'
[13.629s] INFO:colcon.colcon_core.shell:Creating prefix chain script '/root/ros2_ws/src/basic_arm/install/setup.sh'
[13.630s] INFO:colcon.colcon_core.shell:Creating prefix script '/root/ros2_ws/src/basic_arm/install/local_setup.bash'
[13.631s] INFO:colcon.colcon_core.shell:Creating prefix chain script '/root/ros2_ws/src/basic_arm/install/setup.bash'
[13.632s] INFO:colcon.colcon_core.shell:Creating prefix script '/root/ros2_ws/src/basic_arm/install/local_setup.zsh'
[13.632s] INFO:colcon.colcon_core.shell:Creating prefix chain script '/root/ros2_ws/src/basic_arm/install/setup.zsh'
