[0.053s] Invoking command in '/root/ros2_ws/src/ros2_control_demos/build/ros2_control_demo_description': CMAKE_PREFIX_PATH=${CMAKE_PREFIX_PATH}:/opt/ros/jazzy /usr/bin/cmake /root/ros2_ws/src/ros2_control_demos/ros2_control_demo_description -DAMENT_CMAKE_SYMLINK_INSTALL=1 -DCMAKE_INSTALL_PREFIX=/root/ros2_ws/src/ros2_control_demos/install/ros2_control_demo_description
[0.472s] -- The C compiler identification is GNU 13.3.0
[0.758s] -- The CXX compiler identification is GNU 13.3.0
[0.854s] -- Detecting C compiler ABI info
[1.468s] -- Detecting C compiler ABI info - done
[1.486s] -- Check for working C compiler: /usr/bin/cc - skipped
[1.486s] -- Detecting C compile features
[1.487s] -- Detecting C compile features - done
[1.537s] -- Detecting CXX compiler ABI info
[2.104s] -- Detecting CXX compiler ABI info - done
[2.119s] -- Check for working CXX compiler: /usr/bin/c++ - skipped
[2.119s] -- Detecting CXX compile features
[2.120s] -- Detecting CXX compile features - done
[2.128s] -- Found ament_cmake: 2.5.6 (/opt/ros/jazzy/share/ament_cmake/cmake)
[2.635s] -- Found Python3: /usr/bin/python3 (found version "3.12.3") found components: Interpreter 
[2.780s] -- Override CMake install command with custom implementation using symlinks instead of copying resources
[3.002s] -- Configuring done (2.9s)
[3.021s] -- Generating done (0.0s)
[3.034s] -- Build files have been written to: /root/ros2_ws/src/ros2_control_demos/build/ros2_control_demo_description
[3.041s] Invoked command in '/root/ros2_ws/src/ros2_control_demos/build/ros2_control_demo_description' returned '0': CMAKE_PREFIX_PATH=${CMAKE_PREFIX_PATH}:/opt/ros/jazzy /usr/bin/cmake /root/ros2_ws/src/ros2_control_demos/ros2_control_demo_description -DAMENT_CMAKE_SYMLINK_INSTALL=1 -DCMAKE_INSTALL_PREFIX=/root/ros2_ws/src/ros2_control_demos/install/ros2_control_demo_description
[3.045s] Invoking command in '/root/ros2_ws/src/ros2_control_demos/build/ros2_control_demo_description': CMAKE_PREFIX_PATH=${CMAKE_PREFIX_PATH}:/opt/ros/jazzy /usr/bin/cmake --build /root/ros2_ws/src/ros2_control_demos/build/ros2_control_demo_description -- -j10 -l10
[3.289s] Invoked command in '/root/ros2_ws/src/ros2_control_demos/build/ros2_control_demo_description' returned '0': CMAKE_PREFIX_PATH=${CMAKE_PREFIX_PATH}:/opt/ros/jazzy /usr/bin/cmake --build /root/ros2_ws/src/ros2_control_demos/build/ros2_control_demo_description -- -j10 -l10
[3.341s] Invoking command in '/root/ros2_ws/src/ros2_control_demos/build/ros2_control_demo_description': CMAKE_PREFIX_PATH=${CMAKE_PREFIX_PATH}:/opt/ros/jazzy /usr/bin/cmake --install /root/ros2_ws/src/ros2_control_demos/build/ros2_control_demo_description
[3.392s] -- Install configuration: ""
[3.395s] -- Execute custom install script
[3.405s] -- Symlinking: /root/ros2_ws/src/ros2_control_demos/install/ros2_control_demo_description/share/ros2_control_demo_description/rrbot/urdf/rrbot.materials.xacro
[3.447s] -- Symlinking: /root/ros2_ws/src/ros2_control_demos/install/ros2_control_demo_description/share/ros2_control_demo_description/rrbot/urdf/rrbot_description.urdf.xacro
[3.488s] -- Symlinking: /root/ros2_ws/src/ros2_control_demos/install/ros2_control_demo_description/share/ros2_control_demo_description/rrbot/rviz/rrbot.rviz
[3.531s] -- Symlinking: /root/ros2_ws/src/ros2_control_demos/install/ros2_control_demo_description/share/ros2_control_demo_description/diffbot/urdf/diffbot.materials.xacro
[3.569s] -- Symlinking: /root/ros2_ws/src/ros2_control_demos/install/ros2_control_demo_description/share/ros2_control_demo_description/diffbot/urdf/diffbot_description.urdf.xacro
[3.609s] -- Symlinking: /root/ros2_ws/src/ros2_control_demos/install/ros2_control_demo_description/share/ros2_control_demo_description/diffbot/rviz/diffbot.rviz
[3.650s] -- Symlinking: /root/ros2_ws/src/ros2_control_demos/install/ros2_control_demo_description/share/ros2_control_demo_description/diffbot/rviz/diffbot_view.rviz
[3.691s] -- Symlinking: /root/ros2_ws/src/ros2_control_demos/install/ros2_control_demo_description/share/ros2_control_demo_description/carlikebot/urdf/carlikebot.materials.xacro
[3.732s] -- Symlinking: /root/ros2_ws/src/ros2_control_demos/install/ros2_control_demo_description/share/ros2_control_demo_description/carlikebot/urdf/carlikebot_description.urdf.xacro
[3.772s] -- Symlinking: /root/ros2_ws/src/ros2_control_demos/install/ros2_control_demo_description/share/ros2_control_demo_description/carlikebot/rviz/carlikebot.rviz
[3.811s] -- Symlinking: /root/ros2_ws/src/ros2_control_demos/install/ros2_control_demo_description/share/ros2_control_demo_description/carlikebot/rviz/carlikebot_view.rviz
[3.852s] -- Symlinking: /root/ros2_ws/src/ros2_control_demos/install/ros2_control_demo_description/share/ros2_control_demo_description/r3bot/urdf/threedofbot_description.urdf.xacro
[3.897s] -- Symlinking: /root/ros2_ws/src/ros2_control_demos/install/ros2_control_demo_description/share/ros2_control_demo_description/r6bot/meshes/collision/link_0.stl
[3.935s] -- Symlinking: /root/ros2_ws/src/ros2_control_demos/install/ros2_control_demo_description/share/ros2_control_demo_description/r6bot/meshes/collision/link_1.stl
[3.974s] -- Symlinking: /root/ros2_ws/src/ros2_control_demos/install/ros2_control_demo_description/share/ros2_control_demo_description/r6bot/meshes/collision/link_2.stl
[4.013s] -- Symlinking: /root/ros2_ws/src/ros2_control_demos/install/ros2_control_demo_description/share/ros2_control_demo_description/r6bot/meshes/collision/link_3.stl
[4.051s] -- Symlinking: /root/ros2_ws/src/ros2_control_demos/install/ros2_control_demo_description/share/ros2_control_demo_description/r6bot/meshes/collision/link_4.stl
[4.089s] -- Symlinking: /root/ros2_ws/src/ros2_control_demos/install/ros2_control_demo_description/share/ros2_control_demo_description/r6bot/meshes/collision/link_5.stl
[4.127s] -- Symlinking: /root/ros2_ws/src/ros2_control_demos/install/ros2_control_demo_description/share/ros2_control_demo_description/r6bot/meshes/collision/link_6.stl
[4.192s] -- Symlinking: /root/ros2_ws/src/ros2_control_demos/install/ros2_control_demo_description/share/ros2_control_demo_description/r6bot/meshes/visual/link_0.dae
[4.256s] -- Symlinking: /root/ros2_ws/src/ros2_control_demos/install/ros2_control_demo_description/share/ros2_control_demo_description/r6bot/meshes/visual/link_1.dae
[4.303s] -- Symlinking: /root/ros2_ws/src/ros2_control_demos/install/ros2_control_demo_description/share/ros2_control_demo_description/r6bot/meshes/visual/link_2.dae
[4.347s] -- Symlinking: /root/ros2_ws/src/ros2_control_demos/install/ros2_control_demo_description/share/ros2_control_demo_description/r6bot/meshes/visual/link_3.dae
[4.387s] -- Symlinking: /root/ros2_ws/src/ros2_control_demos/install/ros2_control_demo_description/share/ros2_control_demo_description/r6bot/meshes/visual/link_4.dae
[4.428s] -- Symlinking: /root/ros2_ws/src/ros2_control_demos/install/ros2_control_demo_description/share/ros2_control_demo_description/r6bot/meshes/visual/link_5.dae
[4.481s] -- Symlinking: /root/ros2_ws/src/ros2_control_demos/install/ros2_control_demo_description/share/ros2_control_demo_description/r6bot/meshes/visual/link_6.dae
[4.525s] -- Symlinking: /root/ros2_ws/src/ros2_control_demos/install/ros2_control_demo_description/share/ros2_control_demo_description/r6bot/srdf/r6bot.srdf
[4.569s] -- Symlinking: /root/ros2_ws/src/ros2_control_demos/install/ros2_control_demo_description/share/ros2_control_demo_description/r6bot/urdf/inc/create_link.xacro
[4.610s] -- Symlinking: /root/ros2_ws/src/ros2_control_demos/install/ros2_control_demo_description/share/ros2_control_demo_description/r6bot/urdf/r6bot_description.urdf.xacro
[4.652s] -- Symlinking: /root/ros2_ws/src/ros2_control_demos/install/ros2_control_demo_description/share/ros2_control_demo_description/r6bot/rviz/view_robot.rviz
[4.695s] -- Symlinking: /root/ros2_ws/src/ros2_control_demos/install/ros2_control_demo_description/share/ament_index/resource_index/package_run_dependencies/ros2_control_demo_description
[4.736s] -- Symlinking: /root/ros2_ws/src/ros2_control_demos/install/ros2_control_demo_description/share/ament_index/resource_index/parent_prefix_path/ros2_control_demo_description
[4.778s] -- Symlinking: /root/ros2_ws/src/ros2_control_demos/install/ros2_control_demo_description/share/ros2_control_demo_description/environment/ament_prefix_path.sh
[4.819s] -- Symlinking: /root/ros2_ws/src/ros2_control_demos/install/ros2_control_demo_description/share/ros2_control_demo_description/environment/ament_prefix_path.dsv
[4.859s] -- Symlinking: /root/ros2_ws/src/ros2_control_demos/install/ros2_control_demo_description/share/ros2_control_demo_description/environment/path.sh
[4.899s] -- Symlinking: /root/ros2_ws/src/ros2_control_demos/install/ros2_control_demo_description/share/ros2_control_demo_description/environment/path.dsv
[4.939s] -- Symlinking: /root/ros2_ws/src/ros2_control_demos/install/ros2_control_demo_description/share/ros2_control_demo_description/local_setup.bash
[4.980s] -- Symlinking: /root/ros2_ws/src/ros2_control_demos/install/ros2_control_demo_description/share/ros2_control_demo_description/local_setup.sh
[5.021s] -- Symlinking: /root/ros2_ws/src/ros2_control_demos/install/ros2_control_demo_description/share/ros2_control_demo_description/local_setup.zsh
[5.062s] -- Symlinking: /root/ros2_ws/src/ros2_control_demos/install/ros2_control_demo_description/share/ros2_control_demo_description/local_setup.dsv
[5.104s] -- Symlinking: /root/ros2_ws/src/ros2_control_demos/install/ros2_control_demo_description/share/ros2_control_demo_description/package.dsv
[5.145s] -- Symlinking: /root/ros2_ws/src/ros2_control_demos/install/ros2_control_demo_description/share/ament_index/resource_index/packages/ros2_control_demo_description
[5.186s] -- Symlinking: /root/ros2_ws/src/ros2_control_demos/install/ros2_control_demo_description/share/ros2_control_demo_description/cmake/ros2_control_demo_descriptionConfig.cmake
[5.227s] -- Symlinking: /root/ros2_ws/src/ros2_control_demos/install/ros2_control_demo_description/share/ros2_control_demo_description/cmake/ros2_control_demo_descriptionConfig-version.cmake
[5.266s] -- Symlinking: /root/ros2_ws/src/ros2_control_demos/install/ros2_control_demo_description/share/ros2_control_demo_description/package.xml
[5.313s] Invoked command in '/root/ros2_ws/src/ros2_control_demos/build/ros2_control_demo_description' returned '0': CMAKE_PREFIX_PATH=${CMAKE_PREFIX_PATH}:/opt/ros/jazzy /usr/bin/cmake --install /root/ros2_ws/src/ros2_control_demos/build/ros2_control_demo_description
