[0.109s] DEBUG:colcon:Command line arguments: ['/usr/bin/colcon', 'build', '--symlink-install']
[0.110s] DEBUG:colcon:Parsed command line arguments: Namespace(log_base=None, log_level=None, verb_name='build', build_base='build', install_base='install', merge_install=False, symlink_install=True, test_result_base=None, continue_on_error=False, executor='parallel', parallel_workers=10, event_handlers=None, ignore_user_meta=False, metas=['./colcon.meta'], base_paths=['.'], packages_ignore=None, packages_ignore_regex=None, paths=None, packages_up_to=None, packages_up_to_regex=None, packages_above=None, packages_above_and_dependencies=None, packages_above_depth=None, packages_select_by_dep=None, packages_skip_by_dep=None, packages_skip_up_to=None, packages_select_build_failed=False, packages_skip_build_finished=False, packages_select_test_failures=False, packages_skip_test_passed=False, packages_select=None, packages_skip=None, packages_select_regex=None, packages_skip_regex=None, packages_start=None, packages_end=None, cmake_args=None, cmake_target=None, cmake_target_skip_unavailable=False, cmake_clean_cache=False, cmake_clean_first=False, cmake_force_configure=False, ament_cmake_args=None, catkin_cmake_args=None, catkin_skip_building_tests=False, mixin_files=None, mixin=None, verb_parser=<colcon_mixin.mixin.mixin_argument.MixinArgumentDecorator object at 0x7ffffe1d2cf0>, verb_extension=<colcon_core.verb.build.BuildVerb object at 0x7ffffe32ecf0>, main=<bound method BuildVerb.main of <colcon_core.verb.build.BuildVerb object at 0x7ffffe32ecf0>>, mixin_verb=('build',))
[0.148s] Level 1:colcon.colcon_core.package_discovery:discover_packages(colcon_meta) check parameters
[0.148s] INFO:colcon.colcon_metadata.package_discovery.colcon_meta:Using configuration from '/root/.colcon/metadata/default/Gazebo.meta'
[0.149s] INFO:colcon.colcon_metadata.package_discovery.colcon_meta:Using configuration from '/root/.colcon/metadata/default/fastdds.meta'
[0.149s] INFO:colcon.colcon_metadata.package_discovery.colcon_meta:Using configuration from '/root/.colcon/metadata/default/fastrtps.meta'
[0.149s] Level 1:colcon.colcon_core.package_discovery:discover_packages(recursive) check parameters
[0.149s] Level 1:colcon.colcon_core.package_discovery:discover_packages(ignore) check parameters
[0.149s] Level 1:colcon.colcon_core.package_discovery:discover_packages(path) check parameters
[0.149s] Level 1:colcon.colcon_core.package_discovery:discover_packages(colcon_meta) discover
[0.149s] Level 1:colcon.colcon_core.package_discovery:discover_packages(recursive) discover
[0.149s] INFO:colcon.colcon_core.package_discovery:Crawling recursively for packages in '/root/ros2_ws/src/basic_arm'
[0.150s] Level 1:colcon.colcon_core.package_identification:_identify(.) by extensions ['ignore', 'ignore_ament_install']
[0.150s] Level 1:colcon.colcon_core.package_identification:_identify(.) by extension 'ignore'
[0.150s] Level 1:colcon.colcon_core.package_identification:_identify(.) by extension 'ignore_ament_install'
[0.151s] Level 1:colcon.colcon_core.package_identification:_identify(.) by extensions ['colcon_pkg']
[0.151s] Level 1:colcon.colcon_core.package_identification:_identify(.) by extension 'colcon_pkg'
[0.151s] Level 1:colcon.colcon_core.package_identification:_identify(.) by extensions ['colcon_meta']
[0.151s] Level 1:colcon.colcon_core.package_identification:_identify(.) by extension 'colcon_meta'
[0.151s] Level 1:colcon.colcon_core.package_identification:_identify(.) by extensions ['ros']
[0.151s] Level 1:colcon.colcon_core.package_identification:_identify(.) by extension 'ros'
[0.184s] DEBUG:colcon.colcon_core.package_identification:Package '.' with type 'ros.ament_cmake' and name 'basic_arm'
[0.184s] Level 1:colcon.colcon_core.package_discovery:discover_packages(recursive) using defaults
[0.184s] Level 1:colcon.colcon_core.package_discovery:discover_packages(ignore) discover
[0.184s] Level 1:colcon.colcon_core.package_discovery:discover_packages(ignore) using defaults
[0.184s] Level 1:colcon.colcon_core.package_discovery:discover_packages(path) discover
[0.184s] Level 1:colcon.colcon_core.package_discovery:discover_packages(path) using defaults
[0.201s] Level 5:colcon.colcon_core.verb:set package 'basic_arm' build argument 'cmake_args' from command line to 'None'
[0.201s] Level 5:colcon.colcon_core.verb:set package 'basic_arm' build argument 'cmake_target' from command line to 'None'
[0.201s] Level 5:colcon.colcon_core.verb:set package 'basic_arm' build argument 'cmake_target_skip_unavailable' from command line to 'False'
[0.201s] Level 5:colcon.colcon_core.verb:set package 'basic_arm' build argument 'cmake_clean_cache' from command line to 'False'
[0.201s] Level 5:colcon.colcon_core.verb:set package 'basic_arm' build argument 'cmake_clean_first' from command line to 'False'
[0.202s] Level 5:colcon.colcon_core.verb:set package 'basic_arm' build argument 'cmake_force_configure' from command line to 'False'
[0.202s] Level 5:colcon.colcon_core.verb:set package 'basic_arm' build argument 'ament_cmake_args' from command line to 'None'
[0.202s] Level 5:colcon.colcon_core.verb:set package 'basic_arm' build argument 'catkin_cmake_args' from command line to 'None'
[0.202s] Level 5:colcon.colcon_core.verb:set package 'basic_arm' build argument 'catkin_skip_building_tests' from command line to 'False'
[0.202s] DEBUG:colcon.colcon_core.verb:Building package 'basic_arm' with the following arguments: {'ament_cmake_args': None, 'build_base': '/root/ros2_ws/src/basic_arm/build/basic_arm', 'catkin_cmake_args': None, 'catkin_skip_building_tests': False, 'cmake_args': None, 'cmake_clean_cache': False, 'cmake_clean_first': False, 'cmake_force_configure': False, 'cmake_target': None, 'cmake_target_skip_unavailable': False, 'install_base': '/root/ros2_ws/src/basic_arm/install/basic_arm', 'merge_install': False, 'path': '/root/ros2_ws/src/basic_arm', 'symlink_install': True, 'test_result_base': None}
[0.202s] INFO:colcon.colcon_core.executor:Executing jobs using 'parallel' executor
[0.205s] DEBUG:colcon.colcon_parallel_executor.executor.parallel:run_until_complete
[0.206s] INFO:colcon.colcon_ros.task.ament_cmake.build:Building ROS package in '/root/ros2_ws/src/basic_arm' with build type 'ament_cmake'
[0.206s] INFO:colcon.colcon_cmake.task.cmake.build:Building CMake package in '/root/ros2_ws/src/basic_arm'
[0.208s] INFO:colcon.colcon_core.plugin_system:Skipping extension 'colcon_core.shell.bat': Not used on non-Windows systems
[0.208s] INFO:colcon.colcon_core.shell:Skip shell extension 'powershell' for command environment: Not usable outside of PowerShell
[0.209s] DEBUG:colcon.colcon_core.shell:Skip shell extension 'dsv' for command environment
[0.209s] WARNING:colcon.colcon_ros.prefix_path.ament:The path '/root/ros2_ws/src/basic_arm/install/basic_arm' in the environment variable AMENT_PREFIX_PATH doesn't exist
[0.209s] WARNING:colcon.colcon_ros.prefix_path.ament:The path '/root/ros2_ws/src/basic_arm/install/ros2_control_demo_example_7' in the environment variable AMENT_PREFIX_PATH doesn't exist
[0.210s] WARNING:colcon.colcon_ros.prefix_path.catkin:The path '/root/ros2_ws/src/basic_arm/install/basic_arm' in the environment variable CMAKE_PREFIX_PATH doesn't exist
[0.210s] WARNING:colcon.colcon_ros.prefix_path.catkin:The path '/root/ros2_ws/src/basic_arm/install/ros2_control_demo_example_7' in the environment variable CMAKE_PREFIX_PATH doesn't exist
[0.259s] DEBUG:colcon.colcon_core.event_handler.log_command:Invoking command in '/root/ros2_ws/src/basic_arm/build/basic_arm': CMAKE_PREFIX_PATH=${CMAKE_PREFIX_PATH}:/opt/ros/jazzy /usr/bin/cmake /root/ros2_ws/src/basic_arm -DAMENT_CMAKE_SYMLINK_INSTALL=1 -DCMAKE_INSTALL_PREFIX=/root/ros2_ws/src/basic_arm/install/basic_arm
[4.151s] DEBUG:colcon.colcon_core.event_handler.log_command:Invoked command in '/root/ros2_ws/src/basic_arm/build/basic_arm' returned '0': CMAKE_PREFIX_PATH=${CMAKE_PREFIX_PATH}:/opt/ros/jazzy /usr/bin/cmake /root/ros2_ws/src/basic_arm -DAMENT_CMAKE_SYMLINK_INSTALL=1 -DCMAKE_INSTALL_PREFIX=/root/ros2_ws/src/basic_arm/install/basic_arm
[4.157s] DEBUG:colcon.colcon_core.event_handler.log_command:Invoking command in '/root/ros2_ws/src/basic_arm/build/basic_arm': CMAKE_PREFIX_PATH=${CMAKE_PREFIX_PATH}:/opt/ros/jazzy /usr/bin/cmake --build /root/ros2_ws/src/basic_arm/build/basic_arm -- -j10 -l10
[13.037s] DEBUG:colcon.colcon_core.event_handler.log_command:Invoked command in '/root/ros2_ws/src/basic_arm/build/basic_arm' returned '0': CMAKE_PREFIX_PATH=${CMAKE_PREFIX_PATH}:/opt/ros/jazzy /usr/bin/cmake --build /root/ros2_ws/src/basic_arm/build/basic_arm -- -j10 -l10
[13.094s] DEBUG:colcon.colcon_core.event_handler.log_command:Invoking command in '/root/ros2_ws/src/basic_arm/build/basic_arm': CMAKE_PREFIX_PATH=${CMAKE_PREFIX_PATH}:/opt/ros/jazzy /usr/bin/cmake --install /root/ros2_ws/src/basic_arm/build/basic_arm
[14.379s] Level 1:colcon.colcon_core.environment:create_environment_scripts_only(basic_arm)
[14.383s] Level 1:colcon.colcon_core.environment:checking '/root/ros2_ws/src/basic_arm/install/basic_arm' for CMake module files
[14.384s] DEBUG:colcon.colcon_core.event_handler.log_command:Invoked command in '/root/ros2_ws/src/basic_arm/build/basic_arm' returned '0': CMAKE_PREFIX_PATH=${CMAKE_PREFIX_PATH}:/opt/ros/jazzy /usr/bin/cmake --install /root/ros2_ws/src/basic_arm/build/basic_arm
[14.386s] Level 1:colcon.colcon_core.environment:checking '/root/ros2_ws/src/basic_arm/install/basic_arm' for CMake config files
[14.387s] Level 1:colcon.colcon_core.shell:create_environment_hook('basic_arm', 'cmake_prefix_path')
[14.388s] INFO:colcon.colcon_core.shell:Creating environment hook '/root/ros2_ws/src/basic_arm/install/basic_arm/share/basic_arm/hook/cmake_prefix_path.ps1'
[14.389s] INFO:colcon.colcon_core.shell:Creating environment descriptor '/root/ros2_ws/src/basic_arm/install/basic_arm/share/basic_arm/hook/cmake_prefix_path.dsv'
[14.390s] INFO:colcon.colcon_core.shell:Creating environment hook '/root/ros2_ws/src/basic_arm/install/basic_arm/share/basic_arm/hook/cmake_prefix_path.sh'
[14.391s] Level 1:colcon.colcon_core.environment:checking '/root/ros2_ws/src/basic_arm/install/basic_arm/lib'
[14.392s] Level 1:colcon.colcon_core.shell:create_environment_hook('basic_arm', 'ld_library_path_lib')
[14.392s] INFO:colcon.colcon_core.shell:Creating environment hook '/root/ros2_ws/src/basic_arm/install/basic_arm/share/basic_arm/hook/ld_library_path_lib.ps1'
[14.393s] INFO:colcon.colcon_core.shell:Creating environment descriptor '/root/ros2_ws/src/basic_arm/install/basic_arm/share/basic_arm/hook/ld_library_path_lib.dsv'
[14.393s] INFO:colcon.colcon_core.shell:Creating environment hook '/root/ros2_ws/src/basic_arm/install/basic_arm/share/basic_arm/hook/ld_library_path_lib.sh'
[14.394s] Level 1:colcon.colcon_core.environment:checking '/root/ros2_ws/src/basic_arm/install/basic_arm/bin'
[14.394s] Level 1:colcon.colcon_core.environment:checking '/root/ros2_ws/src/basic_arm/install/basic_arm/lib/pkgconfig/basic_arm.pc'
[14.403s] Level 1:colcon.colcon_core.environment:checking '/root/ros2_ws/src/basic_arm/install/basic_arm/lib/python3.12/site-packages'
[14.403s] Level 1:colcon.colcon_core.environment:checking '/root/ros2_ws/src/basic_arm/install/basic_arm/bin'
[14.404s] INFO:colcon.colcon_core.shell:Creating package script '/root/ros2_ws/src/basic_arm/install/basic_arm/share/basic_arm/package.ps1'
[14.406s] INFO:colcon.colcon_core.shell:Creating package descriptor '/root/ros2_ws/src/basic_arm/install/basic_arm/share/basic_arm/package.dsv'
[14.407s] INFO:colcon.colcon_core.shell:Creating package script '/root/ros2_ws/src/basic_arm/install/basic_arm/share/basic_arm/package.sh'
[14.408s] INFO:colcon.colcon_core.shell:Creating package script '/root/ros2_ws/src/basic_arm/install/basic_arm/share/basic_arm/package.bash'
[14.409s] INFO:colcon.colcon_core.shell:Creating package script '/root/ros2_ws/src/basic_arm/install/basic_arm/share/basic_arm/package.zsh'
[14.409s] Level 1:colcon.colcon_core.environment:create_file_with_runtime_dependencies(/root/ros2_ws/src/basic_arm/install/basic_arm/share/colcon-core/packages/basic_arm)
[14.411s] Level 1:colcon.colcon_core.environment:create_environment_scripts_only(basic_arm)
[14.411s] Level 1:colcon.colcon_core.environment:checking '/root/ros2_ws/src/basic_arm/install/basic_arm' for CMake module files
[14.413s] Level 1:colcon.colcon_core.environment:checking '/root/ros2_ws/src/basic_arm/install/basic_arm' for CMake config files
[14.414s] Level 1:colcon.colcon_core.shell:create_environment_hook('basic_arm', 'cmake_prefix_path')
[14.414s] INFO:colcon.colcon_core.shell:Creating environment hook '/root/ros2_ws/src/basic_arm/install/basic_arm/share/basic_arm/hook/cmake_prefix_path.ps1'
[14.414s] INFO:colcon.colcon_core.shell:Creating environment descriptor '/root/ros2_ws/src/basic_arm/install/basic_arm/share/basic_arm/hook/cmake_prefix_path.dsv'
[14.415s] INFO:colcon.colcon_core.shell:Creating environment hook '/root/ros2_ws/src/basic_arm/install/basic_arm/share/basic_arm/hook/cmake_prefix_path.sh'
[14.416s] Level 1:colcon.colcon_core.environment:checking '/root/ros2_ws/src/basic_arm/install/basic_arm/lib'
[14.416s] Level 1:colcon.colcon_core.shell:create_environment_hook('basic_arm', 'ld_library_path_lib')
[14.416s] INFO:colcon.colcon_core.shell:Creating environment hook '/root/ros2_ws/src/basic_arm/install/basic_arm/share/basic_arm/hook/ld_library_path_lib.ps1'
[14.416s] INFO:colcon.colcon_core.shell:Creating environment descriptor '/root/ros2_ws/src/basic_arm/install/basic_arm/share/basic_arm/hook/ld_library_path_lib.dsv'
[14.417s] INFO:colcon.colcon_core.shell:Creating environment hook '/root/ros2_ws/src/basic_arm/install/basic_arm/share/basic_arm/hook/ld_library_path_lib.sh'
[14.418s] Level 1:colcon.colcon_core.environment:checking '/root/ros2_ws/src/basic_arm/install/basic_arm/bin'
[14.418s] Level 1:colcon.colcon_core.environment:checking '/root/ros2_ws/src/basic_arm/install/basic_arm/lib/pkgconfig/basic_arm.pc'
[14.418s] Level 1:colcon.colcon_core.environment:checking '/root/ros2_ws/src/basic_arm/install/basic_arm/lib/python3.12/site-packages'
[14.418s] Level 1:colcon.colcon_core.environment:checking '/root/ros2_ws/src/basic_arm/install/basic_arm/bin'
[14.418s] INFO:colcon.colcon_core.shell:Creating package script '/root/ros2_ws/src/basic_arm/install/basic_arm/share/basic_arm/package.ps1'
[14.419s] INFO:colcon.colcon_core.shell:Creating package descriptor '/root/ros2_ws/src/basic_arm/install/basic_arm/share/basic_arm/package.dsv'
[14.420s] INFO:colcon.colcon_core.shell:Creating package script '/root/ros2_ws/src/basic_arm/install/basic_arm/share/basic_arm/package.sh'
[14.420s] INFO:colcon.colcon_core.shell:Creating package script '/root/ros2_ws/src/basic_arm/install/basic_arm/share/basic_arm/package.bash'
[14.420s] INFO:colcon.colcon_core.shell:Creating package script '/root/ros2_ws/src/basic_arm/install/basic_arm/share/basic_arm/package.zsh'
[14.421s] Level 1:colcon.colcon_core.environment:create_file_with_runtime_dependencies(/root/ros2_ws/src/basic_arm/install/basic_arm/share/colcon-core/packages/basic_arm)
[14.422s] DEBUG:colcon.colcon_parallel_executor.executor.parallel:closing loop
[14.422s] DEBUG:colcon.colcon_parallel_executor.executor.parallel:loop closed
[14.422s] DEBUG:colcon.colcon_parallel_executor.executor.parallel:run_until_complete finished with '0'
[14.423s] DEBUG:colcon.colcon_core.event_reactor:joining thread
[14.431s] INFO:colcon.colcon_core.plugin_system:Skipping extension 'colcon_notification.desktop_notification.notify_send': Could not find 'notify-send'
[14.431s] INFO:colcon.colcon_core.plugin_system:Skipping extension 'colcon_notification.desktop_notification.terminal_notifier': Not used on non-Darwin systems
[14.431s] INFO:colcon.colcon_core.plugin_system:Skipping extension 'colcon_notification.desktop_notification.win32': Not used on non-Windows systems
[14.432s] INFO:colcon.colcon_notification.desktop_notification:Sending desktop notification using 'notify2'
[14.436s] DEBUG:colcon.colcon_notification.desktop_notification.notify2:Failed to initialize notify2: org.freedesktop.DBus.Error.Spawn.ExecFailed: /usr/bin/dbus-launch terminated abnormally without any error message
[14.436s] DEBUG:colcon.colcon_core.event_reactor:joined thread
[14.436s] INFO:colcon.colcon_core.shell:Creating prefix script '/root/ros2_ws/src/basic_arm/install/local_setup.ps1'
[14.437s] INFO:colcon.colcon_core.shell:Creating prefix util module '/root/ros2_ws/src/basic_arm/install/_local_setup_util_ps1.py'
[14.439s] INFO:colcon.colcon_core.shell:Creating prefix chain script '/root/ros2_ws/src/basic_arm/install/setup.ps1'
[14.440s] INFO:colcon.colcon_core.shell:Creating prefix script '/root/ros2_ws/src/basic_arm/install/local_setup.sh'
[14.441s] INFO:colcon.colcon_core.shell:Creating prefix util module '/root/ros2_ws/src/basic_arm/install/_local_setup_util_sh.py'
[14.442s] INFO:colcon.colcon_core.shell:Creating prefix chain script '/root/ros2_ws/src/basic_arm/install/setup.sh'
[14.443s] INFO:colcon.colcon_core.shell:Creating prefix script '/root/ros2_ws/src/basic_arm/install/local_setup.bash'
[14.444s] INFO:colcon.colcon_core.shell:Creating prefix chain script '/root/ros2_ws/src/basic_arm/install/setup.bash'
[14.445s] INFO:colcon.colcon_core.shell:Creating prefix script '/root/ros2_ws/src/basic_arm/install/local_setup.zsh'
[14.445s] INFO:colcon.colcon_core.shell:Creating prefix chain script '/root/ros2_ws/src/basic_arm/install/setup.zsh'
