-- The CXX compiler identification is GNU 13.3.0
-- Detecting CXX compiler ABI info
-- Detecting CXX compiler ABI info - done
-- Check for working CXX compiler: /usr/bin/c++ - skipped
-- Detecting CXX compile features
-- Detecting CXX compile features - done
-- Found ros2_control_cmake: 0.3.0 (/opt/ros/jazzy/share/ros2_control_cmake/cmake)
-- Compiler warnings enabled for GNU
-- Detected GCC Version: 13.3.0 (Major: 13, Minor: 3)
-- Found controller_manager: 4.44.0 (/opt/ros/jazzy/share/controller_manager/cmake)
-- Found Python3: /usr/bin/python3 (found version "3.12.3") found components: Interpreter 
-- Override CMake install command with custom implementation using symlinks instead of copying resources
-- Found rosidl_generator_c: 4.6.7 (/opt/ros/jazzy/share/rosidl_generator_c/cmake)
-- Found rosidl_generator_cpp: 4.6.7 (/opt/ros/jazzy/share/rosidl_generator_cpp/cmake)
-- Using all available rosidl_typesupport_c: rosidl_typesupport_fastrtps_c;rosidl_typesupport_introspection_c
-- Using all available rosidl_typesupport_cpp: rosidl_typesupport_fastrtps_cpp;rosidl_typesupport_introspection_cpp
-- Found rmw_implementation_cmake: 7.3.3 (/opt/ros/jazzy/share/rmw_implementation_cmake/cmake)
-- Found rmw_fastrtps_cpp: 8.4.3 (/opt/ros/jazzy/share/rmw_fastrtps_cpp/cmake)
-- Found OpenSSL: /usr/lib/x86_64-linux-gnu/libcrypto.so (found version "3.0.13")  
-- Found FastRTPS: /opt/ros/jazzy/include (Required is at least version "2.13") 
-- Using RMW implementation 'rmw_fastrtps_cpp' as default
-- Found kdl_parser: 2.11.0 (/opt/ros/jazzy/share/kdl_parser/cmake)
-- Found eigen3_cmake_module: 0.3.0 (/opt/ros/jazzy/share/eigen3_cmake_module/cmake)
-- Found Eigen3: TRUE (found version "3.4.0") 
-- Ensuring Eigen3 include directory is part of orocos-kdl CMake target
-- Configuring done (3.7s)
-- Generating done (0.1s)
-- Build files have been written to: /root/ros2_ws/src/basic_arm/build/basic_arm
[ 20%] [32mBuilding CXX object CMakeFiles/send_trajectory.dir/reference_generator/send_trajectory.cpp.o[0m
[ 60%] [32mBuilding CXX object CMakeFiles/basic_arm.dir/hardware/r6bot_hardware.cpp.o[0m
[ 60%] [32mBuilding CXX object CMakeFiles/basic_arm.dir/controller/r6bot_controller.cpp.o[0m
[ 80%] [32m[1mLinking CXX executable send_trajectory[0m
[ 80%] Built target send_trajectory
[100%] [32m[1mLinking CXX shared library libbasic_arm.so[0m
[100%] Built target basic_arm
-- Install configuration: ""
-- Execute custom install script
-- Symlinking: /root/ros2_ws/src/basic_arm/install/basic_arm/share/basic_arm//basic_arm.xml
-- Up-to-date symlink: /root/ros2_ws/src/basic_arm/install/basic_arm/share/basic_arm//basic_arm.xml
-- Symlinking: /root/ros2_ws/src/basic_arm/install/basic_arm/include/basic_arm/basic_arm/r6bot_hardware.hpp
-- Symlinking: /root/ros2_ws/src/basic_arm/install/basic_arm/share/basic_arm/launch/view_r6bot.launch.py
-- Symlinking: /root/ros2_ws/src/basic_arm/install/basic_arm/share/basic_arm/ros2_control/r6bot.ros2_control.xacro
-- Symlinking: /root/ros2_ws/src/basic_arm/install/basic_arm/share/basic_arm/urdf/r6bot.urdf.xacro
-- Symlinking: /root/ros2_ws/src/basic_arm/install/basic_arm/share/basic_arm/launch/r6bot_controller.launch.py
-- Symlinking: /root/ros2_ws/src/basic_arm/install/basic_arm/share/basic_arm/launch/send_trajectory.launch.py
-- Symlinking: /root/ros2_ws/src/basic_arm/install/basic_arm/share/basic_arm/config/r6bot_controller.yaml
-- Symlinking: /root/ros2_ws/src/basic_arm/install/basic_arm/lib/basic_arm/send_trajectory
-- Symlinking: /root/ros2_ws/src/basic_arm/install/basic_arm/share/basic_arm/environment/library_path.sh
-- Symlinking: /root/ros2_ws/src/basic_arm/install/basic_arm/share/basic_arm/environment/library_path.dsv
-- Symlinking: /root/ros2_ws/src/basic_arm/install/basic_arm/share/ament_index/resource_index/package_run_dependencies/basic_arm
-- Symlinking: /root/ros2_ws/src/basic_arm/install/basic_arm/share/ament_index/resource_index/parent_prefix_path/basic_arm
-- Symlinking: /root/ros2_ws/src/basic_arm/install/basic_arm/share/basic_arm/environment/ament_prefix_path.sh
-- Symlinking: /root/ros2_ws/src/basic_arm/install/basic_arm/share/basic_arm/environment/ament_prefix_path.dsv
-- Symlinking: /root/ros2_ws/src/basic_arm/install/basic_arm/share/basic_arm/environment/path.sh
-- Symlinking: /root/ros2_ws/src/basic_arm/install/basic_arm/share/basic_arm/environment/path.dsv
-- Symlinking: /root/ros2_ws/src/basic_arm/install/basic_arm/share/basic_arm/local_setup.bash
-- Symlinking: /root/ros2_ws/src/basic_arm/install/basic_arm/share/basic_arm/local_setup.sh
-- Symlinking: /root/ros2_ws/src/basic_arm/install/basic_arm/share/basic_arm/local_setup.zsh
-- Symlinking: /root/ros2_ws/src/basic_arm/install/basic_arm/share/basic_arm/local_setup.dsv
-- Symlinking: /root/ros2_ws/src/basic_arm/install/basic_arm/share/basic_arm/package.dsv
-- Symlinking: /root/ros2_ws/src/basic_arm/install/basic_arm/share/ament_index/resource_index/packages/basic_arm
-- Symlinking: /root/ros2_ws/src/basic_arm/install/basic_arm/share/ament_index/resource_index/hardware_interface__pluginlib__plugin/basic_arm
-- Symlinking: /root/ros2_ws/src/basic_arm/install/basic_arm/share/ament_index/resource_index/controller_interface__pluginlib__plugin/basic_arm
-- Symlinking: /root/ros2_ws/src/basic_arm/install/basic_arm/share/basic_arm/cmake/ament_cmake_export_targets-extras.cmake
-- Symlinking: /root/ros2_ws/src/basic_arm/install/basic_arm/share/basic_arm/cmake/ament_cmake_export_dependencies-extras.cmake
-- Symlinking: /root/ros2_ws/src/basic_arm/install/basic_arm/share/basic_arm/cmake/basic_armConfig.cmake
-- Symlinking: /root/ros2_ws/src/basic_arm/install/basic_arm/share/basic_arm/cmake/basic_armConfig-version.cmake
-- Symlinking: /root/ros2_ws/src/basic_arm/install/basic_arm/share/basic_arm/package.xml
-- Installing: /root/ros2_ws/src/basic_arm/install/basic_arm/lib/libbasic_arm.so
-- Set non-toolchain portion of runtime path of "/root/ros2_ws/src/basic_arm/install/basic_arm/lib/libbasic_arm.so" to ""
-- Installing: /root/ros2_ws/src/basic_arm/install/basic_arm/share/basic_arm/cmake/export_basic_armExport.cmake
-- Installing: /root/ros2_ws/src/basic_arm/install/basic_arm/share/basic_arm/cmake/export_basic_armExport-noconfig.cmake
