[0.050s] Invoking command in '/root/ros2_ws/src/basic_arm/build/basic_arm': CMAKE_PREFIX_PATH=${CMAKE_PREFIX_PATH}:/opt/ros/jazzy /usr/bin/cmake /root/ros2_ws/src/basic_arm -DAMENT_CMAKE_SYMLINK_INSTALL=1 -DCMAKE_INSTALL_PREFIX=/root/ros2_ws/src/basic_arm/install/basic_arm
[0.448s] -- The CXX compiler identification is GNU 13.3.0
[0.539s] -- Detecting CXX compiler ABI info
[1.214s] -- Detecting CXX compiler ABI info - done
[1.232s] -- Check for working CXX compiler: /usr/bin/c++ - skipped
[1.232s] -- Detecting CXX compile features
[1.233s] -- Detecting CXX compile features - done
[1.250s] -- Found ros2_control_cmake: 0.3.0 (/opt/ros/jazzy/share/ros2_control_cmake/cmake)
[1.251s] -- Compiler warnings enabled for GNU
[1.251s] -- Detected GCC Version: 13.3.0 (Major: 13, Minor: 3)
[1.256s] -- Found controller_manager: 4.44.0 (/opt/ros/jazzy/share/controller_manager/cmake)
[1.783s] -- Found Python3: /usr/bin/python3 (found version "3.12.3") found components: Interpreter 
[1.923s] -- Override CMake install command with custom implementation using symlinks instead of copying resources
[2.039s] -- Found rosidl_generator_c: 4.6.7 (/opt/ros/jazzy/share/rosidl_generator_c/cmake)
[2.054s] -- Found rosidl_generator_cpp: 4.6.7 (/opt/ros/jazzy/share/rosidl_generator_cpp/cmake)
[2.071s] -- Using all available rosidl_typesupport_c: rosidl_typesupport_fastrtps_c;rosidl_typesupport_introspection_c
[2.089s] -- Using all available rosidl_typesupport_cpp: rosidl_typesupport_fastrtps_cpp;rosidl_typesupport_introspection_cpp
[2.164s] -- Found rmw_implementation_cmake: 7.3.3 (/opt/ros/jazzy/share/rmw_implementation_cmake/cmake)
[2.169s] -- Found rmw_fastrtps_cpp: 8.4.3 (/opt/ros/jazzy/share/rmw_fastrtps_cpp/cmake)
[2.491s] -- Found OpenSSL: /usr/lib/x86_64-linux-gnu/libcrypto.so (found version "3.0.13")  
[2.519s] -- Found FastRTPS: /opt/ros/jazzy/include (Required is at least version "2.13") 
[2.558s] -- Using RMW implementation 'rmw_fastrtps_cpp' as default
[3.587s] -- Found kdl_parser: 2.11.0 (/opt/ros/jazzy/share/kdl_parser/cmake)
[3.598s] -- Found eigen3_cmake_module: 0.3.0 (/opt/ros/jazzy/share/eigen3_cmake_module/cmake)
[3.600s] -- Found Eigen3: TRUE (found version "3.4.0") 
[3.601s] -- Ensuring Eigen3 include directory is part of orocos-kdl CMake target
[3.784s] -- Configuring done (3.7s)
[3.851s] -- Generating done (0.1s)
[3.872s] -- Build files have been written to: /root/ros2_ws/src/basic_arm/build/basic_arm
[3.885s] Invoked command in '/root/ros2_ws/src/basic_arm/build/basic_arm' returned '0': CMAKE_PREFIX_PATH=${CMAKE_PREFIX_PATH}:/opt/ros/jazzy /usr/bin/cmake /root/ros2_ws/src/basic_arm -DAMENT_CMAKE_SYMLINK_INSTALL=1 -DCMAKE_INSTALL_PREFIX=/root/ros2_ws/src/basic_arm/install/basic_arm
[3.888s] Invoking command in '/root/ros2_ws/src/basic_arm/build/basic_arm': CMAKE_PREFIX_PATH=${CMAKE_PREFIX_PATH}:/opt/ros/jazzy /usr/bin/cmake --build /root/ros2_ws/src/basic_arm/build/basic_arm -- -j10 -l10
[4.264s] [ 20%] [32mBuilding CXX object CMakeFiles/send_trajectory.dir/reference_generator/send_trajectory.cpp.o[0m
[4.268s] [ 60%] [32mBuilding CXX object CMakeFiles/basic_arm.dir/hardware/r6bot_hardware.cpp.o[0m
[4.268s] [ 60%] [32mBuilding CXX object CMakeFiles/basic_arm.dir/controller/r6bot_controller.cpp.o[0m
[9.046s] [ 80%] [32m[1mLinking CXX executable send_trajectory[0m
[9.398s] [ 80%] Built target send_trajectory
[11.443s] [100%] [32m[1mLinking CXX shared library libbasic_arm.so[0m
[11.996s] [100%] Built target basic_arm
[12.048s] Invoked command in '/root/ros2_ws/src/basic_arm/build/basic_arm' returned '0': CMAKE_PREFIX_PATH=${CMAKE_PREFIX_PATH}:/opt/ros/jazzy /usr/bin/cmake --build /root/ros2_ws/src/basic_arm/build/basic_arm -- -j10 -l10
[12.100s] Invoking command in '/root/ros2_ws/src/basic_arm/build/basic_arm': CMAKE_PREFIX_PATH=${CMAKE_PREFIX_PATH}:/opt/ros/jazzy /usr/bin/cmake --install /root/ros2_ws/src/basic_arm/build/basic_arm
[12.151s] -- Install configuration: ""
[12.154s] -- Execute custom install script
[12.159s] -- Symlinking: /root/ros2_ws/src/basic_arm/install/basic_arm/share/basic_arm//basic_arm.xml
[12.203s] -- Up-to-date symlink: /root/ros2_ws/src/basic_arm/install/basic_arm/share/basic_arm//basic_arm.xml
[12.210s] -- Symlinking: /root/ros2_ws/src/basic_arm/install/basic_arm/include/basic_arm/basic_arm/r6bot_hardware.hpp
[12.250s] -- Symlinking: /root/ros2_ws/src/basic_arm/install/basic_arm/share/basic_arm/launch/view_r6bot.launch.py
[12.290s] -- Symlinking: /root/ros2_ws/src/basic_arm/install/basic_arm/share/basic_arm/ros2_control/r6bot.ros2_control.xacro
[12.328s] -- Symlinking: /root/ros2_ws/src/basic_arm/install/basic_arm/share/basic_arm/urdf/r6bot.urdf.xacro
[12.367s] -- Symlinking: /root/ros2_ws/src/basic_arm/install/basic_arm/share/basic_arm/launch/r6bot_controller.launch.py
[12.407s] -- Symlinking: /root/ros2_ws/src/basic_arm/install/basic_arm/share/basic_arm/launch/send_trajectory.launch.py
[12.448s] -- Symlinking: /root/ros2_ws/src/basic_arm/install/basic_arm/share/basic_arm/config/r6bot_controller.yaml
[12.487s] -- Symlinking: /root/ros2_ws/src/basic_arm/install/basic_arm/lib/basic_arm/send_trajectory
[12.527s] -- Symlinking: /root/ros2_ws/src/basic_arm/install/basic_arm/share/basic_arm/environment/library_path.sh
[12.567s] -- Symlinking: /root/ros2_ws/src/basic_arm/install/basic_arm/share/basic_arm/environment/library_path.dsv
[12.606s] -- Symlinking: /root/ros2_ws/src/basic_arm/install/basic_arm/share/ament_index/resource_index/package_run_dependencies/basic_arm
[12.645s] -- Symlinking: /root/ros2_ws/src/basic_arm/install/basic_arm/share/ament_index/resource_index/parent_prefix_path/basic_arm
[12.685s] -- Symlinking: /root/ros2_ws/src/basic_arm/install/basic_arm/share/basic_arm/environment/ament_prefix_path.sh
[12.724s] -- Symlinking: /root/ros2_ws/src/basic_arm/install/basic_arm/share/basic_arm/environment/ament_prefix_path.dsv
[12.762s] -- Symlinking: /root/ros2_ws/src/basic_arm/install/basic_arm/share/basic_arm/environment/path.sh
[12.801s] -- Symlinking: /root/ros2_ws/src/basic_arm/install/basic_arm/share/basic_arm/environment/path.dsv
[12.839s] -- Symlinking: /root/ros2_ws/src/basic_arm/install/basic_arm/share/basic_arm/local_setup.bash
[12.878s] -- Symlinking: /root/ros2_ws/src/basic_arm/install/basic_arm/share/basic_arm/local_setup.sh
[12.918s] -- Symlinking: /root/ros2_ws/src/basic_arm/install/basic_arm/share/basic_arm/local_setup.zsh
[12.957s] -- Symlinking: /root/ros2_ws/src/basic_arm/install/basic_arm/share/basic_arm/local_setup.dsv
[12.996s] -- Symlinking: /root/ros2_ws/src/basic_arm/install/basic_arm/share/basic_arm/package.dsv
[13.035s] -- Symlinking: /root/ros2_ws/src/basic_arm/install/basic_arm/share/ament_index/resource_index/packages/basic_arm
[13.075s] -- Symlinking: /root/ros2_ws/src/basic_arm/install/basic_arm/share/ament_index/resource_index/hardware_interface__pluginlib__plugin/basic_arm
[13.114s] -- Symlinking: /root/ros2_ws/src/basic_arm/install/basic_arm/share/ament_index/resource_index/controller_interface__pluginlib__plugin/basic_arm
[13.154s] -- Symlinking: /root/ros2_ws/src/basic_arm/install/basic_arm/share/basic_arm/cmake/ament_cmake_export_targets-extras.cmake
[13.193s] -- Symlinking: /root/ros2_ws/src/basic_arm/install/basic_arm/share/basic_arm/cmake/ament_cmake_export_dependencies-extras.cmake
[13.231s] -- Symlinking: /root/ros2_ws/src/basic_arm/install/basic_arm/share/basic_arm/cmake/basic_armConfig.cmake
[13.270s] -- Symlinking: /root/ros2_ws/src/basic_arm/install/basic_arm/share/basic_arm/cmake/basic_armConfig-version.cmake
[13.312s] -- Symlinking: /root/ros2_ws/src/basic_arm/install/basic_arm/share/basic_arm/package.xml
[13.352s] -- Installing: /root/ros2_ws/src/basic_arm/install/basic_arm/lib/libbasic_arm.so
[13.382s] -- Set non-toolchain portion of runtime path of "/root/ros2_ws/src/basic_arm/install/basic_arm/lib/libbasic_arm.so" to ""
[13.383s] -- Installing: /root/ros2_ws/src/basic_arm/install/basic_arm/share/basic_arm/cmake/export_basic_armExport.cmake
[13.384s] -- Installing: /root/ros2_ws/src/basic_arm/install/basic_arm/share/basic_arm/cmake/export_basic_armExport-noconfig.cmake
[13.394s] Invoked command in '/root/ros2_ws/src/basic_arm/build/basic_arm' returned '0': CMAKE_PREFIX_PATH=${CMAKE_PREFIX_PATH}:/opt/ros/jazzy /usr/bin/cmake --install /root/ros2_ws/src/basic_arm/build/basic_arm
