[0.101s] DEBUG:colcon:Command line arguments: ['/usr/bin/colcon', 'build', '--symlink-install']
[0.102s] DEBUG:colcon:Parsed command line arguments: Namespace(log_base=None, log_level=None, verb_name='build', build_base='build', install_base='install', merge_install=False, symlink_install=True, test_result_base=None, continue_on_error=False, executor='parallel', parallel_workers=10, event_handlers=None, ignore_user_meta=False, metas=['./colcon.meta'], base_paths=['.'], packages_ignore=None, packages_ignore_regex=None, paths=None, packages_up_to=None, packages_up_to_regex=None, packages_above=None, packages_above_and_dependencies=None, packages_above_depth=None, packages_select_by_dep=None, packages_skip_by_dep=None, packages_skip_up_to=None, packages_select_build_failed=False, packages_skip_build_finished=False, packages_select_test_failures=False, packages_skip_test_passed=False, packages_select=None, packages_skip=None, packages_select_regex=None, packages_skip_regex=None, packages_start=None, packages_end=None, cmake_args=None, cmake_target=None, cmake_target_skip_unavailable=False, cmake_clean_cache=False, cmake_clean_first=False, cmake_force_configure=False, ament_cmake_args=None, catkin_cmake_args=None, catkin_skip_building_tests=False, mixin_files=None, mixin=None, verb_parser=<colcon_mixin.mixin.mixin_argument.MixinArgumentDecorator object at 0x7ffffe1caa20>, verb_extension=<colcon_core.verb.build.BuildVerb object at 0x7ffffe326c60>, main=<bound method BuildVerb.main of <colcon_core.verb.build.BuildVerb object at 0x7ffffe326c60>>, mixin_verb=('build',))
[0.132s] Level 1:colcon.colcon_core.package_discovery:discover_packages(colcon_meta) check parameters
[0.132s] INFO:colcon.colcon_metadata.package_discovery.colcon_meta:Using configuration from '/root/.colcon/metadata/default/Gazebo.meta'
[0.132s] INFO:colcon.colcon_metadata.package_discovery.colcon_meta:Using configuration from '/root/.colcon/metadata/default/fastdds.meta'
[0.133s] INFO:colcon.colcon_metadata.package_discovery.colcon_meta:Using configuration from '/root/.colcon/metadata/default/fastrtps.meta'
[0.133s] Level 1:colcon.colcon_core.package_discovery:discover_packages(recursive) check parameters
[0.133s] Level 1:colcon.colcon_core.package_discovery:discover_packages(ignore) check parameters
[0.133s] Level 1:colcon.colcon_core.package_discovery:discover_packages(path) check parameters
[0.133s] Level 1:colcon.colcon_core.package_discovery:discover_packages(colcon_meta) discover
[0.133s] Level 1:colcon.colcon_core.package_discovery:discover_packages(recursive) discover
[0.133s] INFO:colcon.colcon_core.package_discovery:Crawling recursively for packages in '/root/ros2_ws/src/ros2_control_demos'
[0.134s] Level 1:colcon.colcon_core.package_identification:_identify(.) by extensions ['ignore', 'ignore_ament_install']
[0.134s] Level 1:colcon.colcon_core.package_identification:_identify(.) by extension 'ignore'
[0.134s] Level 1:colcon.colcon_core.package_identification:_identify(.) by extension 'ignore_ament_install'
[0.134s] Level 1:colcon.colcon_core.package_identification:_identify(.) by extensions ['colcon_pkg']
[0.134s] Level 1:colcon.colcon_core.package_identification:_identify(.) by extension 'colcon_pkg'
[0.134s] Level 1:colcon.colcon_core.package_identification:_identify(.) by extensions ['colcon_meta']
[0.134s] Level 1:colcon.colcon_core.package_identification:_identify(.) by extension 'colcon_meta'
[0.134s] Level 1:colcon.colcon_core.package_identification:_identify(.) by extensions ['ros']
[0.135s] Level 1:colcon.colcon_core.package_identification:_identify(.) by extension 'ros'
[0.155s] Level 1:colcon.colcon_core.package_identification:_identify(.) by extensions ['cmake', 'python']
[0.155s] Level 1:colcon.colcon_core.package_identification:_identify(.) by extension 'cmake'
[0.155s] Level 1:colcon.colcon_core.package_identification:_identify(.) by extension 'python'
[0.155s] Level 1:colcon.colcon_core.package_identification:_identify(.) by extensions ['python_setup_py']
[0.155s] Level 1:colcon.colcon_core.package_identification:_identify(.) by extension 'python_setup_py'
[0.156s] Level 1:colcon.colcon_core.package_identification:_identify(build) by extensions ['ignore', 'ignore_ament_install']
[0.156s] Level 1:colcon.colcon_core.package_identification:_identify(build) by extension 'ignore'
[0.156s] Level 1:colcon.colcon_core.package_identification:_identify(build) ignored
[0.156s] Level 1:colcon.colcon_core.package_identification:_identify(example_7) by extensions ['ignore', 'ignore_ament_install']
[0.156s] Level 1:colcon.colcon_core.package_identification:_identify(example_7) by extension 'ignore'
[0.157s] Level 1:colcon.colcon_core.package_identification:_identify(example_7) by extension 'ignore_ament_install'
[0.157s] Level 1:colcon.colcon_core.package_identification:_identify(example_7) by extensions ['colcon_pkg']
[0.157s] Level 1:colcon.colcon_core.package_identification:_identify(example_7) by extension 'colcon_pkg'
[0.157s] Level 1:colcon.colcon_core.package_identification:_identify(example_7) by extensions ['colcon_meta']
[0.157s] Level 1:colcon.colcon_core.package_identification:_identify(example_7) by extension 'colcon_meta'
[0.157s] Level 1:colcon.colcon_core.package_identification:_identify(example_7) by extensions ['ros']
[0.157s] Level 1:colcon.colcon_core.package_identification:_identify(example_7) by extension 'ros'
[0.165s] DEBUG:colcon.colcon_core.package_identification:Package 'example_7' with type 'ros.ament_cmake' and name 'ros2_control_demo_example_7'
[0.165s] Level 1:colcon.colcon_core.package_identification:_identify(install) by extensions ['ignore', 'ignore_ament_install']
[0.165s] Level 1:colcon.colcon_core.package_identification:_identify(install) by extension 'ignore'
[0.165s] Level 1:colcon.colcon_core.package_identification:_identify(install) ignored
[0.166s] Level 1:colcon.colcon_core.package_identification:_identify(log) by extensions ['ignore', 'ignore_ament_install']
[0.166s] Level 1:colcon.colcon_core.package_identification:_identify(log) by extension 'ignore'
[0.166s] Level 1:colcon.colcon_core.package_identification:_identify(log) ignored
[0.167s] Level 1:colcon.colcon_core.package_identification:_identify(ros2_control_demo_description) by extensions ['ignore', 'ignore_ament_install']
[0.167s] Level 1:colcon.colcon_core.package_identification:_identify(ros2_control_demo_description) by extension 'ignore'
[0.167s] Level 1:colcon.colcon_core.package_identification:_identify(ros2_control_demo_description) by extension 'ignore_ament_install'
[0.167s] Level 1:colcon.colcon_core.package_identification:_identify(ros2_control_demo_description) by extensions ['colcon_pkg']
[0.167s] Level 1:colcon.colcon_core.package_identification:_identify(ros2_control_demo_description) by extension 'colcon_pkg'
[0.167s] Level 1:colcon.colcon_core.package_identification:_identify(ros2_control_demo_description) by extensions ['colcon_meta']
[0.167s] Level 1:colcon.colcon_core.package_identification:_identify(ros2_control_demo_description) by extension 'colcon_meta'
[0.167s] Level 1:colcon.colcon_core.package_identification:_identify(ros2_control_demo_description) by extensions ['ros']
[0.167s] Level 1:colcon.colcon_core.package_identification:_identify(ros2_control_demo_description) by extension 'ros'
[0.168s] DEBUG:colcon.colcon_core.package_identification:Package 'ros2_control_demo_description' with type 'ros.ament_cmake' and name 'ros2_control_demo_description'
[0.168s] Level 1:colcon.colcon_core.package_identification:_identify(ros2_control_demos) by extensions ['ignore', 'ignore_ament_install']
[0.168s] Level 1:colcon.colcon_core.package_identification:_identify(ros2_control_demos) by extension 'ignore'
[0.168s] Level 1:colcon.colcon_core.package_identification:_identify(ros2_control_demos) by extension 'ignore_ament_install'
[0.169s] Level 1:colcon.colcon_core.package_identification:_identify(ros2_control_demos) by extensions ['colcon_pkg']
[0.169s] Level 1:colcon.colcon_core.package_identification:_identify(ros2_control_demos) by extension 'colcon_pkg'
[0.169s] Level 1:colcon.colcon_core.package_identification:_identify(ros2_control_demos) by extensions ['colcon_meta']
[0.169s] Level 1:colcon.colcon_core.package_identification:_identify(ros2_control_demos) by extension 'colcon_meta'
[0.169s] Level 1:colcon.colcon_core.package_identification:_identify(ros2_control_demos) by extensions ['ros']
[0.169s] Level 1:colcon.colcon_core.package_identification:_identify(ros2_control_demos) by extension 'ros'
[0.170s] DEBUG:colcon.colcon_core.package_identification:Package 'ros2_control_demos' with type 'ros.ament_cmake' and name 'ros2_control_demos'
[0.170s] Level 1:colcon.colcon_core.package_discovery:discover_packages(recursive) using defaults
[0.170s] Level 1:colcon.colcon_core.package_discovery:discover_packages(ignore) discover
[0.170s] Level 1:colcon.colcon_core.package_discovery:discover_packages(ignore) using defaults
[0.170s] Level 1:colcon.colcon_core.package_discovery:discover_packages(path) discover
[0.170s] Level 1:colcon.colcon_core.package_discovery:discover_packages(path) using defaults
[0.184s] Level 5:colcon.colcon_core.verb:set package 'ros2_control_demo_description' build argument 'cmake_args' from command line to 'None'
[0.184s] Level 5:colcon.colcon_core.verb:set package 'ros2_control_demo_description' build argument 'cmake_target' from command line to 'None'
[0.184s] Level 5:colcon.colcon_core.verb:set package 'ros2_control_demo_description' build argument 'cmake_target_skip_unavailable' from command line to 'False'
[0.184s] Level 5:colcon.colcon_core.verb:set package 'ros2_control_demo_description' build argument 'cmake_clean_cache' from command line to 'False'
[0.184s] Level 5:colcon.colcon_core.verb:set package 'ros2_control_demo_description' build argument 'cmake_clean_first' from command line to 'False'
[0.184s] Level 5:colcon.colcon_core.verb:set package 'ros2_control_demo_description' build argument 'cmake_force_configure' from command line to 'False'
[0.184s] Level 5:colcon.colcon_core.verb:set package 'ros2_control_demo_description' build argument 'ament_cmake_args' from command line to 'None'
[0.184s] Level 5:colcon.colcon_core.verb:set package 'ros2_control_demo_description' build argument 'catkin_cmake_args' from command line to 'None'
[0.184s] Level 5:colcon.colcon_core.verb:set package 'ros2_control_demo_description' build argument 'catkin_skip_building_tests' from command line to 'False'
[0.184s] DEBUG:colcon.colcon_core.verb:Building package 'ros2_control_demo_description' with the following arguments: {'ament_cmake_args': None, 'build_base': '/root/ros2_ws/src/ros2_control_demos/build/ros2_control_demo_description', 'catkin_cmake_args': None, 'catkin_skip_building_tests': False, 'cmake_args': None, 'cmake_clean_cache': False, 'cmake_clean_first': False, 'cmake_force_configure': False, 'cmake_target': None, 'cmake_target_skip_unavailable': False, 'install_base': '/root/ros2_ws/src/ros2_control_demos/install/ros2_control_demo_description', 'merge_install': False, 'path': '/root/ros2_ws/src/ros2_control_demos/ros2_control_demo_description', 'symlink_install': True, 'test_result_base': None}
[0.184s] Level 5:colcon.colcon_core.verb:set package 'ros2_control_demo_example_7' build argument 'cmake_args' from command line to 'None'
[0.184s] Level 5:colcon.colcon_core.verb:set package 'ros2_control_demo_example_7' build argument 'cmake_target' from command line to 'None'
[0.184s] Level 5:colcon.colcon_core.verb:set package 'ros2_control_demo_example_7' build argument 'cmake_target_skip_unavailable' from command line to 'False'
[0.184s] Level 5:colcon.colcon_core.verb:set package 'ros2_control_demo_example_7' build argument 'cmake_clean_cache' from command line to 'False'
[0.184s] Level 5:colcon.colcon_core.verb:set package 'ros2_control_demo_example_7' build argument 'cmake_clean_first' from command line to 'False'
[0.184s] Level 5:colcon.colcon_core.verb:set package 'ros2_control_demo_example_7' build argument 'cmake_force_configure' from command line to 'False'
[0.184s] Level 5:colcon.colcon_core.verb:set package 'ros2_control_demo_example_7' build argument 'ament_cmake_args' from command line to 'None'
[0.185s] Level 5:colcon.colcon_core.verb:set package 'ros2_control_demo_example_7' build argument 'catkin_cmake_args' from command line to 'None'
[0.185s] Level 5:colcon.colcon_core.verb:set package 'ros2_control_demo_example_7' build argument 'catkin_skip_building_tests' from command line to 'False'
[0.185s] DEBUG:colcon.colcon_core.verb:Building package 'ros2_control_demo_example_7' with the following arguments: {'ament_cmake_args': None, 'build_base': '/root/ros2_ws/src/ros2_control_demos/build/ros2_control_demo_example_7', 'catkin_cmake_args': None, 'catkin_skip_building_tests': False, 'cmake_args': None, 'cmake_clean_cache': False, 'cmake_clean_first': False, 'cmake_force_configure': False, 'cmake_target': None, 'cmake_target_skip_unavailable': False, 'install_base': '/root/ros2_ws/src/ros2_control_demos/install/ros2_control_demo_example_7', 'merge_install': False, 'path': '/root/ros2_ws/src/ros2_control_demos/example_7', 'symlink_install': True, 'test_result_base': None}
[0.185s] Level 5:colcon.colcon_core.verb:set package 'ros2_control_demos' build argument 'cmake_args' from command line to 'None'
[0.185s] Level 5:colcon.colcon_core.verb:set package 'ros2_control_demos' build argument 'cmake_target' from command line to 'None'
[0.185s] Level 5:colcon.colcon_core.verb:set package 'ros2_control_demos' build argument 'cmake_target_skip_unavailable' from command line to 'False'
[0.185s] Level 5:colcon.colcon_core.verb:set package 'ros2_control_demos' build argument 'cmake_clean_cache' from command line to 'False'
[0.185s] Level 5:colcon.colcon_core.verb:set package 'ros2_control_demos' build argument 'cmake_clean_first' from command line to 'False'
[0.185s] Level 5:colcon.colcon_core.verb:set package 'ros2_control_demos' build argument 'cmake_force_configure' from command line to 'False'
[0.185s] Level 5:colcon.colcon_core.verb:set package 'ros2_control_demos' build argument 'ament_cmake_args' from command line to 'None'
[0.185s] Level 5:colcon.colcon_core.verb:set package 'ros2_control_demos' build argument 'catkin_cmake_args' from command line to 'None'
[0.185s] Level 5:colcon.colcon_core.verb:set package 'ros2_control_demos' build argument 'catkin_skip_building_tests' from command line to 'False'
[0.185s] DEBUG:colcon.colcon_core.verb:Building package 'ros2_control_demos' with the following arguments: {'ament_cmake_args': None, 'build_base': '/root/ros2_ws/src/ros2_control_demos/build/ros2_control_demos', 'catkin_cmake_args': None, 'catkin_skip_building_tests': False, 'cmake_args': None, 'cmake_clean_cache': False, 'cmake_clean_first': False, 'cmake_force_configure': False, 'cmake_target': None, 'cmake_target_skip_unavailable': False, 'install_base': '/root/ros2_ws/src/ros2_control_demos/install/ros2_control_demos', 'merge_install': False, 'path': '/root/ros2_ws/src/ros2_control_demos/ros2_control_demos', 'symlink_install': True, 'test_result_base': None}
[0.185s] INFO:colcon.colcon_core.executor:Executing jobs using 'parallel' executor
[0.188s] DEBUG:colcon.colcon_parallel_executor.executor.parallel:run_until_complete
[0.189s] INFO:colcon.colcon_ros.task.ament_cmake.build:Building ROS package in '/root/ros2_ws/src/ros2_control_demos/ros2_control_demo_description' with build type 'ament_cmake'
[0.189s] INFO:colcon.colcon_cmake.task.cmake.build:Building CMake package in '/root/ros2_ws/src/ros2_control_demos/ros2_control_demo_description'
[0.190s] INFO:colcon.colcon_core.plugin_system:Skipping extension 'colcon_core.shell.bat': Not used on non-Windows systems
[0.191s] INFO:colcon.colcon_core.shell:Skip shell extension 'powershell' for command environment: Not usable outside of PowerShell
[0.191s] DEBUG:colcon.colcon_core.shell:Skip shell extension 'dsv' for command environment
[0.238s] DEBUG:colcon.colcon_core.event_handler.log_command:Invoking command in '/root/ros2_ws/src/ros2_control_demos/build/ros2_control_demo_description': CMAKE_PREFIX_PATH=${CMAKE_PREFIX_PATH}:/opt/ros/jazzy /usr/bin/cmake --build /root/ros2_ws/src/ros2_control_demos/build/ros2_control_demo_description -- -j10 -l10
[0.482s] DEBUG:colcon.colcon_core.event_handler.log_command:Invoked command in '/root/ros2_ws/src/ros2_control_demos/build/ros2_control_demo_description' returned '0': CMAKE_PREFIX_PATH=${CMAKE_PREFIX_PATH}:/opt/ros/jazzy /usr/bin/cmake --build /root/ros2_ws/src/ros2_control_demos/build/ros2_control_demo_description -- -j10 -l10
[0.530s] DEBUG:colcon.colcon_core.event_handler.log_command:Invoking command in '/root/ros2_ws/src/ros2_control_demos/build/ros2_control_demo_description': CMAKE_PREFIX_PATH=${CMAKE_PREFIX_PATH}:/opt/ros/jazzy /usr/bin/cmake --install /root/ros2_ws/src/ros2_control_demos/build/ros2_control_demo_description
[0.655s] Level 1:colcon.colcon_core.environment:create_environment_scripts_only(ros2_control_demo_description)
[0.656s] DEBUG:colcon.colcon_core.event_handler.log_command:Invoked command in '/root/ros2_ws/src/ros2_control_demos/build/ros2_control_demo_description' returned '0': CMAKE_PREFIX_PATH=${CMAKE_PREFIX_PATH}:/opt/ros/jazzy /usr/bin/cmake --install /root/ros2_ws/src/ros2_control_demos/build/ros2_control_demo_description
[0.658s] Level 1:colcon.colcon_core.environment:checking '/root/ros2_ws/src/ros2_control_demos/install/ros2_control_demo_description' for CMake module files
[0.660s] Level 1:colcon.colcon_core.environment:checking '/root/ros2_ws/src/ros2_control_demos/install/ros2_control_demo_description' for CMake config files
[0.663s] Level 1:colcon.colcon_core.shell:create_environment_hook('ros2_control_demo_description', 'cmake_prefix_path')
[0.663s] INFO:colcon.colcon_core.shell:Creating environment hook '/root/ros2_ws/src/ros2_control_demos/install/ros2_control_demo_description/share/ros2_control_demo_description/hook/cmake_prefix_path.ps1'
[0.664s] INFO:colcon.colcon_core.shell:Creating environment descriptor '/root/ros2_ws/src/ros2_control_demos/install/ros2_control_demo_description/share/ros2_control_demo_description/hook/cmake_prefix_path.dsv'
[0.665s] INFO:colcon.colcon_core.shell:Creating environment hook '/root/ros2_ws/src/ros2_control_demos/install/ros2_control_demo_description/share/ros2_control_demo_description/hook/cmake_prefix_path.sh'
[0.666s] Level 1:colcon.colcon_core.environment:checking '/root/ros2_ws/src/ros2_control_demos/install/ros2_control_demo_description/bin'
[0.666s] Level 1:colcon.colcon_core.environment:checking '/root/ros2_ws/src/ros2_control_demos/install/ros2_control_demo_description/lib/pkgconfig/ros2_control_demo_description.pc'
[0.667s] Level 1:colcon.colcon_core.environment:checking '/root/ros2_ws/src/ros2_control_demos/install/ros2_control_demo_description/lib/python3.12/site-packages'
[0.667s] Level 1:colcon.colcon_core.environment:checking '/root/ros2_ws/src/ros2_control_demos/install/ros2_control_demo_description/bin'
[0.668s] INFO:colcon.colcon_core.shell:Creating package script '/root/ros2_ws/src/ros2_control_demos/install/ros2_control_demo_description/share/ros2_control_demo_description/package.ps1'
[0.668s] INFO:colcon.colcon_core.shell:Creating package descriptor '/root/ros2_ws/src/ros2_control_demos/install/ros2_control_demo_description/share/ros2_control_demo_description/package.dsv'
[0.669s] INFO:colcon.colcon_core.shell:Creating package script '/root/ros2_ws/src/ros2_control_demos/install/ros2_control_demo_description/share/ros2_control_demo_description/package.sh'
[0.669s] INFO:colcon.colcon_core.shell:Creating package script '/root/ros2_ws/src/ros2_control_demos/install/ros2_control_demo_description/share/ros2_control_demo_description/package.bash'
[0.670s] INFO:colcon.colcon_core.shell:Creating package script '/root/ros2_ws/src/ros2_control_demos/install/ros2_control_demo_description/share/ros2_control_demo_description/package.zsh'
[0.671s] Level 1:colcon.colcon_core.environment:create_file_with_runtime_dependencies(/root/ros2_ws/src/ros2_control_demos/install/ros2_control_demo_description/share/colcon-core/packages/ros2_control_demo_description)
[0.671s] Level 1:colcon.colcon_core.environment:create_environment_scripts_only(ros2_control_demo_description)
[0.672s] Level 1:colcon.colcon_core.environment:checking '/root/ros2_ws/src/ros2_control_demos/install/ros2_control_demo_description' for CMake module files
[0.674s] Level 1:colcon.colcon_core.environment:checking '/root/ros2_ws/src/ros2_control_demos/install/ros2_control_demo_description' for CMake config files
[0.677s] Level 1:colcon.colcon_core.shell:create_environment_hook('ros2_control_demo_description', 'cmake_prefix_path')
[0.677s] INFO:colcon.colcon_core.shell:Creating environment hook '/root/ros2_ws/src/ros2_control_demos/install/ros2_control_demo_description/share/ros2_control_demo_description/hook/cmake_prefix_path.ps1'
[0.678s] INFO:colcon.colcon_core.shell:Creating environment descriptor '/root/ros2_ws/src/ros2_control_demos/install/ros2_control_demo_description/share/ros2_control_demo_description/hook/cmake_prefix_path.dsv'
[0.679s] INFO:colcon.colcon_core.shell:Creating environment hook '/root/ros2_ws/src/ros2_control_demos/install/ros2_control_demo_description/share/ros2_control_demo_description/hook/cmake_prefix_path.sh'
[0.680s] Level 1:colcon.colcon_core.environment:checking '/root/ros2_ws/src/ros2_control_demos/install/ros2_control_demo_description/bin'
[0.680s] Level 1:colcon.colcon_core.environment:checking '/root/ros2_ws/src/ros2_control_demos/install/ros2_control_demo_description/lib/pkgconfig/ros2_control_demo_description.pc'
[0.680s] Level 1:colcon.colcon_core.environment:checking '/root/ros2_ws/src/ros2_control_demos/install/ros2_control_demo_description/lib/python3.12/site-packages'
[0.680s] Level 1:colcon.colcon_core.environment:checking '/root/ros2_ws/src/ros2_control_demos/install/ros2_control_demo_description/bin'
[0.680s] INFO:colcon.colcon_core.shell:Creating package script '/root/ros2_ws/src/ros2_control_demos/install/ros2_control_demo_description/share/ros2_control_demo_description/package.ps1'
[0.681s] INFO:colcon.colcon_core.shell:Creating package descriptor '/root/ros2_ws/src/ros2_control_demos/install/ros2_control_demo_description/share/ros2_control_demo_description/package.dsv'
[0.681s] INFO:colcon.colcon_core.shell:Creating package script '/root/ros2_ws/src/ros2_control_demos/install/ros2_control_demo_description/share/ros2_control_demo_description/package.sh'
[0.682s] INFO:colcon.colcon_core.shell:Creating package script '/root/ros2_ws/src/ros2_control_demos/install/ros2_control_demo_description/share/ros2_control_demo_description/package.bash'
[0.682s] INFO:colcon.colcon_core.shell:Creating package script '/root/ros2_ws/src/ros2_control_demos/install/ros2_control_demo_description/share/ros2_control_demo_description/package.zsh'
[0.683s] Level 1:colcon.colcon_core.environment:create_file_with_runtime_dependencies(/root/ros2_ws/src/ros2_control_demos/install/ros2_control_demo_description/share/colcon-core/packages/ros2_control_demo_description)
[0.683s] INFO:colcon.colcon_ros.task.ament_cmake.build:Building ROS package in '/root/ros2_ws/src/ros2_control_demos/example_7' with build type 'ament_cmake'
[0.683s] INFO:colcon.colcon_cmake.task.cmake.build:Building CMake package in '/root/ros2_ws/src/ros2_control_demos/example_7'
[0.683s] INFO:colcon.colcon_core.shell:Skip shell extension 'powershell' for command environment: Not usable outside of PowerShell
[0.683s] DEBUG:colcon.colcon_core.shell:Skip shell extension 'dsv' for command environment
[0.729s] DEBUG:colcon.colcon_core.event_handler.log_command:Invoking command in '/root/ros2_ws/src/ros2_control_demos/build/ros2_control_demo_example_7': AMENT_PREFIX_PATH=/root/ros2_ws/src/ros2_control_demos/install/ros2_control_demo_description:${AMENT_PREFIX_PATH} CMAKE_PREFIX_PATH=/root/ros2_ws/src/ros2_control_demos/install/ros2_control_demo_description:/opt/ros/jazzy/opt/gz_sim_vendor:/opt/ros/jazzy/opt/gz_sensors_vendor:/opt/ros/jazzy/opt/gz_physics_vendor:/opt/ros/jazzy/opt/sdformat_vendor:/opt/ros/jazzy/opt/gz_gui_vendor:/opt/ros/jazzy/opt/gz_transport_vendor:/opt/ros/jazzy/opt/gz_rendering_vendor:/opt/ros/jazzy/opt/gz_plugin_vendor:/opt/ros/jazzy/opt/gz_fuel_tools_vendor:/opt/ros/jazzy/opt/gz_msgs_vendor:/opt/ros/jazzy/opt/gz_common_vendor:/opt/ros/jazzy/opt/gz_math_vendor:/opt/ros/jazzy/opt/gz_utils_vendor:/opt/ros/jazzy/opt/gz_tools_vendor:/opt/ros/jazzy/opt/gz_ogre_next_vendor:/opt/ros/jazzy/opt/gz_dartsim_vendor:/opt/ros/jazzy/opt/gz_cmake_vendor:/opt/ros/jazzy /usr/bin/cmake --build /root/ros2_ws/src/ros2_control_demos/build/ros2_control_demo_example_7 -- -j10 -l10
[1.222s] DEBUG:colcon.colcon_core.event_handler.log_command:Invoked command in '/root/ros2_ws/src/ros2_control_demos/build/ros2_control_demo_example_7' returned '0': AMENT_PREFIX_PATH=/root/ros2_ws/src/ros2_control_demos/install/ros2_control_demo_description:${AMENT_PREFIX_PATH} CMAKE_PREFIX_PATH=/root/ros2_ws/src/ros2_control_demos/install/ros2_control_demo_description:/opt/ros/jazzy/opt/gz_sim_vendor:/opt/ros/jazzy/opt/gz_sensors_vendor:/opt/ros/jazzy/opt/gz_physics_vendor:/opt/ros/jazzy/opt/sdformat_vendor:/opt/ros/jazzy/opt/gz_gui_vendor:/opt/ros/jazzy/opt/gz_transport_vendor:/opt/ros/jazzy/opt/gz_rendering_vendor:/opt/ros/jazzy/opt/gz_plugin_vendor:/opt/ros/jazzy/opt/gz_fuel_tools_vendor:/opt/ros/jazzy/opt/gz_msgs_vendor:/opt/ros/jazzy/opt/gz_common_vendor:/opt/ros/jazzy/opt/gz_math_vendor:/opt/ros/jazzy/opt/gz_utils_vendor:/opt/ros/jazzy/opt/gz_tools_vendor:/opt/ros/jazzy/opt/gz_ogre_next_vendor:/opt/ros/jazzy/opt/gz_dartsim_vendor:/opt/ros/jazzy/opt/gz_cmake_vendor:/opt/ros/jazzy /usr/bin/cmake --build /root/ros2_ws/src/ros2_control_demos/build/ros2_control_demo_example_7 -- -j10 -l10
[1.227s] DEBUG:colcon.colcon_core.event_handler.log_command:Invoking command in '/root/ros2_ws/src/ros2_control_demos/build/ros2_control_demo_example_7': AMENT_PREFIX_PATH=/root/ros2_ws/src/ros2_control_demos/install/ros2_control_demo_description:${AMENT_PREFIX_PATH} CMAKE_PREFIX_PATH=/root/ros2_ws/src/ros2_control_demos/install/ros2_control_demo_description:/opt/ros/jazzy/opt/gz_sim_vendor:/opt/ros/jazzy/opt/gz_sensors_vendor:/opt/ros/jazzy/opt/gz_physics_vendor:/opt/ros/jazzy/opt/sdformat_vendor:/opt/ros/jazzy/opt/gz_gui_vendor:/opt/ros/jazzy/opt/gz_transport_vendor:/opt/ros/jazzy/opt/gz_rendering_vendor:/opt/ros/jazzy/opt/gz_plugin_vendor:/opt/ros/jazzy/opt/gz_fuel_tools_vendor:/opt/ros/jazzy/opt/gz_msgs_vendor:/opt/ros/jazzy/opt/gz_common_vendor:/opt/ros/jazzy/opt/gz_math_vendor:/opt/ros/jazzy/opt/gz_utils_vendor:/opt/ros/jazzy/opt/gz_tools_vendor:/opt/ros/jazzy/opt/gz_ogre_next_vendor:/opt/ros/jazzy/opt/gz_dartsim_vendor:/opt/ros/jazzy/opt/gz_cmake_vendor:/opt/ros/jazzy /usr/bin/cmake --install /root/ros2_ws/src/ros2_control_demos/build/ros2_control_demo_example_7
[1.357s] Level 1:colcon.colcon_core.environment:create_environment_scripts_only(ros2_control_demo_example_7)
[1.357s] Level 1:colcon.colcon_core.environment:checking '/root/ros2_ws/src/ros2_control_demos/install/ros2_control_demo_example_7' for CMake module files
[1.358s] DEBUG:colcon.colcon_core.event_handler.log_command:Invoked command in '/root/ros2_ws/src/ros2_control_demos/build/ros2_control_demo_example_7' returned '0': AMENT_PREFIX_PATH=/root/ros2_ws/src/ros2_control_demos/install/ros2_control_demo_description:${AMENT_PREFIX_PATH} CMAKE_PREFIX_PATH=/root/ros2_ws/src/ros2_control_demos/install/ros2_control_demo_description:/opt/ros/jazzy/opt/gz_sim_vendor:/opt/ros/jazzy/opt/gz_sensors_vendor:/opt/ros/jazzy/opt/gz_physics_vendor:/opt/ros/jazzy/opt/sdformat_vendor:/opt/ros/jazzy/opt/gz_gui_vendor:/opt/ros/jazzy/opt/gz_transport_vendor:/opt/ros/jazzy/opt/gz_rendering_vendor:/opt/ros/jazzy/opt/gz_plugin_vendor:/opt/ros/jazzy/opt/gz_fuel_tools_vendor:/opt/ros/jazzy/opt/gz_msgs_vendor:/opt/ros/jazzy/opt/gz_common_vendor:/opt/ros/jazzy/opt/gz_math_vendor:/opt/ros/jazzy/opt/gz_utils_vendor:/opt/ros/jazzy/opt/gz_tools_vendor:/opt/ros/jazzy/opt/gz_ogre_next_vendor:/opt/ros/jazzy/opt/gz_dartsim_vendor:/opt/ros/jazzy/opt/gz_cmake_vendor:/opt/ros/jazzy /usr/bin/cmake --install /root/ros2_ws/src/ros2_control_demos/build/ros2_control_demo_example_7
[1.360s] Level 1:colcon.colcon_core.environment:checking '/root/ros2_ws/src/ros2_control_demos/install/ros2_control_demo_example_7' for CMake config files
[1.362s] Level 1:colcon.colcon_core.shell:create_environment_hook('ros2_control_demo_example_7', 'cmake_prefix_path')
[1.362s] INFO:colcon.colcon_core.shell:Creating environment hook '/root/ros2_ws/src/ros2_control_demos/install/ros2_control_demo_example_7/share/ros2_control_demo_example_7/hook/cmake_prefix_path.ps1'
[1.363s] INFO:colcon.colcon_core.shell:Creating environment descriptor '/root/ros2_ws/src/ros2_control_demos/install/ros2_control_demo_example_7/share/ros2_control_demo_example_7/hook/cmake_prefix_path.dsv'
[1.363s] INFO:colcon.colcon_core.shell:Creating environment hook '/root/ros2_ws/src/ros2_control_demos/install/ros2_control_demo_example_7/share/ros2_control_demo_example_7/hook/cmake_prefix_path.sh'
[1.364s] Level 1:colcon.colcon_core.environment:checking '/root/ros2_ws/src/ros2_control_demos/install/ros2_control_demo_example_7/lib'
[1.364s] Level 1:colcon.colcon_core.shell:create_environment_hook('ros2_control_demo_example_7', 'ld_library_path_lib')
[1.364s] INFO:colcon.colcon_core.shell:Creating environment hook '/root/ros2_ws/src/ros2_control_demos/install/ros2_control_demo_example_7/share/ros2_control_demo_example_7/hook/ld_library_path_lib.ps1'
[1.365s] INFO:colcon.colcon_core.shell:Creating environment descriptor '/root/ros2_ws/src/ros2_control_demos/install/ros2_control_demo_example_7/share/ros2_control_demo_example_7/hook/ld_library_path_lib.dsv'
[1.365s] INFO:colcon.colcon_core.shell:Creating environment hook '/root/ros2_ws/src/ros2_control_demos/install/ros2_control_demo_example_7/share/ros2_control_demo_example_7/hook/ld_library_path_lib.sh'
[1.365s] Level 1:colcon.colcon_core.environment:checking '/root/ros2_ws/src/ros2_control_demos/install/ros2_control_demo_example_7/bin'
[1.366s] Level 1:colcon.colcon_core.environment:checking '/root/ros2_ws/src/ros2_control_demos/install/ros2_control_demo_example_7/lib/pkgconfig/ros2_control_demo_example_7.pc'
[1.366s] Level 1:colcon.colcon_core.environment:checking '/root/ros2_ws/src/ros2_control_demos/install/ros2_control_demo_example_7/lib/python3.12/site-packages'
[1.366s] Level 1:colcon.colcon_core.environment:checking '/root/ros2_ws/src/ros2_control_demos/install/ros2_control_demo_example_7/bin'
[1.366s] INFO:colcon.colcon_core.shell:Creating package script '/root/ros2_ws/src/ros2_control_demos/install/ros2_control_demo_example_7/share/ros2_control_demo_example_7/package.ps1'
[1.367s] INFO:colcon.colcon_core.shell:Creating package descriptor '/root/ros2_ws/src/ros2_control_demos/install/ros2_control_demo_example_7/share/ros2_control_demo_example_7/package.dsv'
[1.367s] INFO:colcon.colcon_core.shell:Creating package script '/root/ros2_ws/src/ros2_control_demos/install/ros2_control_demo_example_7/share/ros2_control_demo_example_7/package.sh'
[1.368s] INFO:colcon.colcon_core.shell:Creating package script '/root/ros2_ws/src/ros2_control_demos/install/ros2_control_demo_example_7/share/ros2_control_demo_example_7/package.bash'
[1.368s] INFO:colcon.colcon_core.shell:Creating package script '/root/ros2_ws/src/ros2_control_demos/install/ros2_control_demo_example_7/share/ros2_control_demo_example_7/package.zsh'
[1.369s] Level 1:colcon.colcon_core.environment:create_file_with_runtime_dependencies(/root/ros2_ws/src/ros2_control_demos/install/ros2_control_demo_example_7/share/colcon-core/packages/ros2_control_demo_example_7)
[1.369s] Level 1:colcon.colcon_core.environment:create_environment_scripts_only(ros2_control_demo_example_7)
[1.370s] Level 1:colcon.colcon_core.environment:checking '/root/ros2_ws/src/ros2_control_demos/install/ros2_control_demo_example_7' for CMake module files
[1.371s] Level 1:colcon.colcon_core.environment:checking '/root/ros2_ws/src/ros2_control_demos/install/ros2_control_demo_example_7' for CMake config files
[1.372s] Level 1:colcon.colcon_core.shell:create_environment_hook('ros2_control_demo_example_7', 'cmake_prefix_path')
[1.372s] INFO:colcon.colcon_core.shell:Creating environment hook '/root/ros2_ws/src/ros2_control_demos/install/ros2_control_demo_example_7/share/ros2_control_demo_example_7/hook/cmake_prefix_path.ps1'
[1.373s] INFO:colcon.colcon_core.shell:Creating environment descriptor '/root/ros2_ws/src/ros2_control_demos/install/ros2_control_demo_example_7/share/ros2_control_demo_example_7/hook/cmake_prefix_path.dsv'
[1.373s] INFO:colcon.colcon_core.shell:Creating environment hook '/root/ros2_ws/src/ros2_control_demos/install/ros2_control_demo_example_7/share/ros2_control_demo_example_7/hook/cmake_prefix_path.sh'
[1.374s] Level 1:colcon.colcon_core.environment:checking '/root/ros2_ws/src/ros2_control_demos/install/ros2_control_demo_example_7/lib'
[1.374s] Level 1:colcon.colcon_core.shell:create_environment_hook('ros2_control_demo_example_7', 'ld_library_path_lib')
[1.374s] INFO:colcon.colcon_core.shell:Creating environment hook '/root/ros2_ws/src/ros2_control_demos/install/ros2_control_demo_example_7/share/ros2_control_demo_example_7/hook/ld_library_path_lib.ps1'
[1.375s] INFO:colcon.colcon_core.shell:Creating environment descriptor '/root/ros2_ws/src/ros2_control_demos/install/ros2_control_demo_example_7/share/ros2_control_demo_example_7/hook/ld_library_path_lib.dsv'
[1.375s] INFO:colcon.colcon_core.shell:Creating environment hook '/root/ros2_ws/src/ros2_control_demos/install/ros2_control_demo_example_7/share/ros2_control_demo_example_7/hook/ld_library_path_lib.sh'
[1.376s] Level 1:colcon.colcon_core.environment:checking '/root/ros2_ws/src/ros2_control_demos/install/ros2_control_demo_example_7/bin'
[1.376s] Level 1:colcon.colcon_core.environment:checking '/root/ros2_ws/src/ros2_control_demos/install/ros2_control_demo_example_7/lib/pkgconfig/ros2_control_demo_example_7.pc'
[1.376s] Level 1:colcon.colcon_core.environment:checking '/root/ros2_ws/src/ros2_control_demos/install/ros2_control_demo_example_7/lib/python3.12/site-packages'
[1.376s] Level 1:colcon.colcon_core.environment:checking '/root/ros2_ws/src/ros2_control_demos/install/ros2_control_demo_example_7/bin'
[1.376s] INFO:colcon.colcon_core.shell:Creating package script '/root/ros2_ws/src/ros2_control_demos/install/ros2_control_demo_example_7/share/ros2_control_demo_example_7/package.ps1'
[1.377s] INFO:colcon.colcon_core.shell:Creating package descriptor '/root/ros2_ws/src/ros2_control_demos/install/ros2_control_demo_example_7/share/ros2_control_demo_example_7/package.dsv'
[1.377s] INFO:colcon.colcon_core.shell:Creating package script '/root/ros2_ws/src/ros2_control_demos/install/ros2_control_demo_example_7/share/ros2_control_demo_example_7/package.sh'
[1.378s] INFO:colcon.colcon_core.shell:Creating package script '/root/ros2_ws/src/ros2_control_demos/install/ros2_control_demo_example_7/share/ros2_control_demo_example_7/package.bash'
[1.378s] INFO:colcon.colcon_core.shell:Creating package script '/root/ros2_ws/src/ros2_control_demos/install/ros2_control_demo_example_7/share/ros2_control_demo_example_7/package.zsh'
[1.379s] Level 1:colcon.colcon_core.environment:create_file_with_runtime_dependencies(/root/ros2_ws/src/ros2_control_demos/install/ros2_control_demo_example_7/share/colcon-core/packages/ros2_control_demo_example_7)
[1.379s] INFO:colcon.colcon_ros.task.ament_cmake.build:Building ROS package in '/root/ros2_ws/src/ros2_control_demos/ros2_control_demos' with build type 'ament_cmake'
[1.379s] INFO:colcon.colcon_cmake.task.cmake.build:Building CMake package in '/root/ros2_ws/src/ros2_control_demos/ros2_control_demos'
[1.380s] INFO:colcon.colcon_core.shell:Skip shell extension 'powershell' for command environment: Not usable outside of PowerShell
[1.380s] DEBUG:colcon.colcon_core.shell:Skip shell extension 'dsv' for command environment
[1.444s] DEBUG:colcon.colcon_core.event_handler.log_command:Invoking command in '/root/ros2_ws/src/ros2_control_demos/build/ros2_control_demos': AMENT_PREFIX_PATH=/root/ros2_ws/src/ros2_control_demos/install/ros2_control_demo_example_7:/root/ros2_ws/src/ros2_control_demos/install/ros2_control_demo_description:${AMENT_PREFIX_PATH} CMAKE_PREFIX_PATH=/root/ros2_ws/src/ros2_control_demos/install/ros2_control_demo_example_7:/root/ros2_ws/src/ros2_control_demos/install/ros2_control_demo_description:/opt/ros/jazzy/opt/gz_sim_vendor:/opt/ros/jazzy/opt/gz_sensors_vendor:/opt/ros/jazzy/opt/gz_physics_vendor:/opt/ros/jazzy/opt/sdformat_vendor:/opt/ros/jazzy/opt/gz_gui_vendor:/opt/ros/jazzy/opt/gz_transport_vendor:/opt/ros/jazzy/opt/gz_rendering_vendor:/opt/ros/jazzy/opt/gz_plugin_vendor:/opt/ros/jazzy/opt/gz_fuel_tools_vendor:/opt/ros/jazzy/opt/gz_msgs_vendor:/opt/ros/jazzy/opt/gz_common_vendor:/opt/ros/jazzy/opt/gz_math_vendor:/opt/ros/jazzy/opt/gz_utils_vendor:/opt/ros/jazzy/opt/gz_tools_vendor:/opt/ros/jazzy/opt/gz_ogre_next_vendor:/opt/ros/jazzy/opt/gz_dartsim_vendor:/opt/ros/jazzy/opt/gz_cmake_vendor:/opt/ros/jazzy LD_LIBRARY_PATH=/root/ros2_ws/src/ros2_control_demos/install/ros2_control_demo_example_7/lib:${LD_LIBRARY_PATH} /usr/bin/cmake --build /root/ros2_ws/src/ros2_control_demos/build/ros2_control_demos -- -j10 -l10
[1.668s] DEBUG:colcon.colcon_core.event_handler.log_command:Invoked command in '/root/ros2_ws/src/ros2_control_demos/build/ros2_control_demos' returned '0': AMENT_PREFIX_PATH=/root/ros2_ws/src/ros2_control_demos/install/ros2_control_demo_example_7:/root/ros2_ws/src/ros2_control_demos/install/ros2_control_demo_description:${AMENT_PREFIX_PATH} CMAKE_PREFIX_PATH=/root/ros2_ws/src/ros2_control_demos/install/ros2_control_demo_example_7:/root/ros2_ws/src/ros2_control_demos/install/ros2_control_demo_description:/opt/ros/jazzy/opt/gz_sim_vendor:/opt/ros/jazzy/opt/gz_sensors_vendor:/opt/ros/jazzy/opt/gz_physics_vendor:/opt/ros/jazzy/opt/sdformat_vendor:/opt/ros/jazzy/opt/gz_gui_vendor:/opt/ros/jazzy/opt/gz_transport_vendor:/opt/ros/jazzy/opt/gz_rendering_vendor:/opt/ros/jazzy/opt/gz_plugin_vendor:/opt/ros/jazzy/opt/gz_fuel_tools_vendor:/opt/ros/jazzy/opt/gz_msgs_vendor:/opt/ros/jazzy/opt/gz_common_vendor:/opt/ros/jazzy/opt/gz_math_vendor:/opt/ros/jazzy/opt/gz_utils_vendor:/opt/ros/jazzy/opt/gz_tools_vendor:/opt/ros/jazzy/opt/gz_ogre_next_vendor:/opt/ros/jazzy/opt/gz_dartsim_vendor:/opt/ros/jazzy/opt/gz_cmake_vendor:/opt/ros/jazzy LD_LIBRARY_PATH=/root/ros2_ws/src/ros2_control_demos/install/ros2_control_demo_example_7/lib:${LD_LIBRARY_PATH} /usr/bin/cmake --build /root/ros2_ws/src/ros2_control_demos/build/ros2_control_demos -- -j10 -l10
[1.671s] DEBUG:colcon.colcon_core.event_handler.log_command:Invoking command in '/root/ros2_ws/src/ros2_control_demos/build/ros2_control_demos': AMENT_PREFIX_PATH=/root/ros2_ws/src/ros2_control_demos/install/ros2_control_demo_example_7:/root/ros2_ws/src/ros2_control_demos/install/ros2_control_demo_description:${AMENT_PREFIX_PATH} CMAKE_PREFIX_PATH=/root/ros2_ws/src/ros2_control_demos/install/ros2_control_demo_example_7:/root/ros2_ws/src/ros2_control_demos/install/ros2_control_demo_description:/opt/ros/jazzy/opt/gz_sim_vendor:/opt/ros/jazzy/opt/gz_sensors_vendor:/opt/ros/jazzy/opt/gz_physics_vendor:/opt/ros/jazzy/opt/sdformat_vendor:/opt/ros/jazzy/opt/gz_gui_vendor:/opt/ros/jazzy/opt/gz_transport_vendor:/opt/ros/jazzy/opt/gz_rendering_vendor:/opt/ros/jazzy/opt/gz_plugin_vendor:/opt/ros/jazzy/opt/gz_fuel_tools_vendor:/opt/ros/jazzy/opt/gz_msgs_vendor:/opt/ros/jazzy/opt/gz_common_vendor:/opt/ros/jazzy/opt/gz_math_vendor:/opt/ros/jazzy/opt/gz_utils_vendor:/opt/ros/jazzy/opt/gz_tools_vendor:/opt/ros/jazzy/opt/gz_ogre_next_vendor:/opt/ros/jazzy/opt/gz_dartsim_vendor:/opt/ros/jazzy/opt/gz_cmake_vendor:/opt/ros/jazzy LD_LIBRARY_PATH=/root/ros2_ws/src/ros2_control_demos/install/ros2_control_demo_example_7/lib:${LD_LIBRARY_PATH} /usr/bin/cmake --install /root/ros2_ws/src/ros2_control_demos/build/ros2_control_demos
[1.780s] Level 1:colcon.colcon_core.environment:create_environment_scripts_only(ros2_control_demos)
[1.781s] Level 1:colcon.colcon_core.environment:checking '/root/ros2_ws/src/ros2_control_demos/install/ros2_control_demos' for CMake module files
[1.781s] DEBUG:colcon.colcon_core.event_handler.log_command:Invoked command in '/root/ros2_ws/src/ros2_control_demos/build/ros2_control_demos' returned '0': AMENT_PREFIX_PATH=/root/ros2_ws/src/ros2_control_demos/install/ros2_control_demo_example_7:/root/ros2_ws/src/ros2_control_demos/install/ros2_control_demo_description:${AMENT_PREFIX_PATH} CMAKE_PREFIX_PATH=/root/ros2_ws/src/ros2_control_demos/install/ros2_control_demo_example_7:/root/ros2_ws/src/ros2_control_demos/install/ros2_control_demo_description:/opt/ros/jazzy/opt/gz_sim_vendor:/opt/ros/jazzy/opt/gz_sensors_vendor:/opt/ros/jazzy/opt/gz_physics_vendor:/opt/ros/jazzy/opt/sdformat_vendor:/opt/ros/jazzy/opt/gz_gui_vendor:/opt/ros/jazzy/opt/gz_transport_vendor:/opt/ros/jazzy/opt/gz_rendering_vendor:/opt/ros/jazzy/opt/gz_plugin_vendor:/opt/ros/jazzy/opt/gz_fuel_tools_vendor:/opt/ros/jazzy/opt/gz_msgs_vendor:/opt/ros/jazzy/opt/gz_common_vendor:/opt/ros/jazzy/opt/gz_math_vendor:/opt/ros/jazzy/opt/gz_utils_vendor:/opt/ros/jazzy/opt/gz_tools_vendor:/opt/ros/jazzy/opt/gz_ogre_next_vendor:/opt/ros/jazzy/opt/gz_dartsim_vendor:/opt/ros/jazzy/opt/gz_cmake_vendor:/opt/ros/jazzy LD_LIBRARY_PATH=/root/ros2_ws/src/ros2_control_demos/install/ros2_control_demo_example_7/lib:${LD_LIBRARY_PATH} /usr/bin/cmake --install /root/ros2_ws/src/ros2_control_demos/build/ros2_control_demos
[1.783s] Level 1:colcon.colcon_core.environment:checking '/root/ros2_ws/src/ros2_control_demos/install/ros2_control_demos' for CMake config files
[1.784s] Level 1:colcon.colcon_core.shell:create_environment_hook('ros2_control_demos', 'cmake_prefix_path')
[1.785s] INFO:colcon.colcon_core.shell:Creating environment hook '/root/ros2_ws/src/ros2_control_demos/install/ros2_control_demos/share/ros2_control_demos/hook/cmake_prefix_path.ps1'
[1.785s] INFO:colcon.colcon_core.shell:Creating environment descriptor '/root/ros2_ws/src/ros2_control_demos/install/ros2_control_demos/share/ros2_control_demos/hook/cmake_prefix_path.dsv'
[1.786s] INFO:colcon.colcon_core.shell:Creating environment hook '/root/ros2_ws/src/ros2_control_demos/install/ros2_control_demos/share/ros2_control_demos/hook/cmake_prefix_path.sh'
[1.786s] Level 1:colcon.colcon_core.environment:checking '/root/ros2_ws/src/ros2_control_demos/install/ros2_control_demos/bin'
[1.787s] Level 1:colcon.colcon_core.environment:checking '/root/ros2_ws/src/ros2_control_demos/install/ros2_control_demos/lib/pkgconfig/ros2_control_demos.pc'
[1.787s] Level 1:colcon.colcon_core.environment:checking '/root/ros2_ws/src/ros2_control_demos/install/ros2_control_demos/lib/python3.12/site-packages'
[1.787s] Level 1:colcon.colcon_core.environment:checking '/root/ros2_ws/src/ros2_control_demos/install/ros2_control_demos/bin'
[1.787s] INFO:colcon.colcon_core.shell:Creating package script '/root/ros2_ws/src/ros2_control_demos/install/ros2_control_demos/share/ros2_control_demos/package.ps1'
[1.788s] INFO:colcon.colcon_core.shell:Creating package descriptor '/root/ros2_ws/src/ros2_control_demos/install/ros2_control_demos/share/ros2_control_demos/package.dsv'
[1.789s] INFO:colcon.colcon_core.shell:Creating package script '/root/ros2_ws/src/ros2_control_demos/install/ros2_control_demos/share/ros2_control_demos/package.sh'
[1.789s] INFO:colcon.colcon_core.shell:Creating package script '/root/ros2_ws/src/ros2_control_demos/install/ros2_control_demos/share/ros2_control_demos/package.bash'
[1.789s] INFO:colcon.colcon_core.shell:Creating package script '/root/ros2_ws/src/ros2_control_demos/install/ros2_control_demos/share/ros2_control_demos/package.zsh'
[1.790s] Level 1:colcon.colcon_core.environment:create_file_with_runtime_dependencies(/root/ros2_ws/src/ros2_control_demos/install/ros2_control_demos/share/colcon-core/packages/ros2_control_demos)
[1.791s] Level 1:colcon.colcon_core.environment:create_environment_scripts_only(ros2_control_demos)
[1.791s] Level 1:colcon.colcon_core.environment:checking '/root/ros2_ws/src/ros2_control_demos/install/ros2_control_demos' for CMake module files
[1.792s] Level 1:colcon.colcon_core.environment:checking '/root/ros2_ws/src/ros2_control_demos/install/ros2_control_demos' for CMake config files
[1.794s] Level 1:colcon.colcon_core.shell:create_environment_hook('ros2_control_demos', 'cmake_prefix_path')
[1.794s] INFO:colcon.colcon_core.shell:Creating environment hook '/root/ros2_ws/src/ros2_control_demos/install/ros2_control_demos/share/ros2_control_demos/hook/cmake_prefix_path.ps1'
[1.795s] INFO:colcon.colcon_core.shell:Creating environment descriptor '/root/ros2_ws/src/ros2_control_demos/install/ros2_control_demos/share/ros2_control_demos/hook/cmake_prefix_path.dsv'
[1.795s] INFO:colcon.colcon_core.shell:Creating environment hook '/root/ros2_ws/src/ros2_control_demos/install/ros2_control_demos/share/ros2_control_demos/hook/cmake_prefix_path.sh'
[1.796s] Level 1:colcon.colcon_core.environment:checking '/root/ros2_ws/src/ros2_control_demos/install/ros2_control_demos/bin'
[1.796s] Level 1:colcon.colcon_core.environment:checking '/root/ros2_ws/src/ros2_control_demos/install/ros2_control_demos/lib/pkgconfig/ros2_control_demos.pc'
[1.796s] Level 1:colcon.colcon_core.environment:checking '/root/ros2_ws/src/ros2_control_demos/install/ros2_control_demos/lib/python3.12/site-packages'
[1.796s] Level 1:colcon.colcon_core.environment:checking '/root/ros2_ws/src/ros2_control_demos/install/ros2_control_demos/bin'
[1.797s] INFO:colcon.colcon_core.shell:Creating package script '/root/ros2_ws/src/ros2_control_demos/install/ros2_control_demos/share/ros2_control_demos/package.ps1'
[1.797s] INFO:colcon.colcon_core.shell:Creating package descriptor '/root/ros2_ws/src/ros2_control_demos/install/ros2_control_demos/share/ros2_control_demos/package.dsv'
[1.798s] INFO:colcon.colcon_core.shell:Creating package script '/root/ros2_ws/src/ros2_control_demos/install/ros2_control_demos/share/ros2_control_demos/package.sh'
[1.798s] INFO:colcon.colcon_core.shell:Creating package script '/root/ros2_ws/src/ros2_control_demos/install/ros2_control_demos/share/ros2_control_demos/package.bash'
[1.799s] INFO:colcon.colcon_core.shell:Creating package script '/root/ros2_ws/src/ros2_control_demos/install/ros2_control_demos/share/ros2_control_demos/package.zsh'
[1.799s] Level 1:colcon.colcon_core.environment:create_file_with_runtime_dependencies(/root/ros2_ws/src/ros2_control_demos/install/ros2_control_demos/share/colcon-core/packages/ros2_control_demos)
[1.799s] DEBUG:colcon.colcon_parallel_executor.executor.parallel:closing loop
[1.800s] DEBUG:colcon.colcon_parallel_executor.executor.parallel:loop closed
[1.800s] DEBUG:colcon.colcon_parallel_executor.executor.parallel:run_until_complete finished with '0'
[1.800s] DEBUG:colcon.colcon_core.event_reactor:joining thread
[1.806s] INFO:colcon.colcon_core.plugin_system:Skipping extension 'colcon_notification.desktop_notification.notify_send': Could not find 'notify-send'
[1.806s] INFO:colcon.colcon_core.plugin_system:Skipping extension 'colcon_notification.desktop_notification.terminal_notifier': Not used on non-Darwin systems
[1.806s] INFO:colcon.colcon_core.plugin_system:Skipping extension 'colcon_notification.desktop_notification.win32': Not used on non-Windows systems
[1.806s] INFO:colcon.colcon_notification.desktop_notification:Sending desktop notification using 'notify2'
[1.810s] DEBUG:colcon.colcon_notification.desktop_notification.notify2:Failed to initialize notify2: org.freedesktop.DBus.Error.Spawn.ExecFailed: /usr/bin/dbus-launch terminated abnormally without any error message
[1.811s] DEBUG:colcon.colcon_core.event_reactor:joined thread
[1.811s] INFO:colcon.colcon_core.shell:Creating prefix script '/root/ros2_ws/src/ros2_control_demos/install/local_setup.ps1'
[1.812s] INFO:colcon.colcon_core.shell:Creating prefix util module '/root/ros2_ws/src/ros2_control_demos/install/_local_setup_util_ps1.py'
[1.813s] INFO:colcon.colcon_core.shell:Creating prefix chain script '/root/ros2_ws/src/ros2_control_demos/install/setup.ps1'
[1.814s] INFO:colcon.colcon_core.shell:Creating prefix script '/root/ros2_ws/src/ros2_control_demos/install/local_setup.sh'
[1.815s] INFO:colcon.colcon_core.shell:Creating prefix util module '/root/ros2_ws/src/ros2_control_demos/install/_local_setup_util_sh.py'
[1.815s] INFO:colcon.colcon_core.shell:Creating prefix chain script '/root/ros2_ws/src/ros2_control_demos/install/setup.sh'
[1.816s] INFO:colcon.colcon_core.shell:Creating prefix script '/root/ros2_ws/src/ros2_control_demos/install/local_setup.bash'
[1.816s] INFO:colcon.colcon_core.shell:Creating prefix chain script '/root/ros2_ws/src/ros2_control_demos/install/setup.bash'
[1.817s] INFO:colcon.colcon_core.shell:Creating prefix script '/root/ros2_ws/src/ros2_control_demos/install/local_setup.zsh'
[1.817s] INFO:colcon.colcon_core.shell:Creating prefix chain script '/root/ros2_ws/src/ros2_control_demos/install/setup.zsh'
